<?xml version="1.0" encoding="UTF-8"?>
<coverage generated="1786251498828" clover="3.2.0">
  <project timestamp="1786251498828" name="All files">
    <metrics statements="1424" coveredstatements="522" conditionals="1119" coveredconditionals="356" methods="501" coveredmethods="146" elements="3044" coveredelements="1024" complexity="0" loc="1424" ncloc="1424" packages="17" files="73" classes="73"/>
    <package name="services">
      <metrics statements="147" coveredstatements="0" conditionals="102" coveredconditionals="0" methods="35" coveredmethods="0"/>
      <file name="authService.ts" path="/Users/mohanganesh/AUVRA/.worktrees/auvra-mobile-ios/services/authService.ts">
        <metrics statements="12" coveredstatements="0" conditionals="6" coveredconditionals="0" methods="4" coveredmethods="0"/>
        <line num="18" count="0" type="cond" truecount="0" falsecount="2"/>
        <line num="22" count="0" type="stmt"/>
        <line num="26" count="0" type="cond" truecount="0" falsecount="2"/>
        <line num="27" count="0" type="stmt"/>
        <line num="30" count="0" type="stmt"/>
        <line num="31" count="0" type="stmt"/>
        <line num="33" count="0" type="stmt"/>
        <line num="37" count="0" type="stmt"/>
        <line num="39" count="0" type="cond" truecount="0" falsecount="2"/>
        <line num="40" count="0" type="stmt"/>
        <line num="45" count="0" type="stmt"/>
        <line num="49" count="0" type="stmt"/>
      </file>
      <file name="sessionService.ts" path="/Users/mohanganesh/AUVRA/.worktrees/auvra-mobile-ios/services/sessionService.ts">
        <metrics statements="135" coveredstatements="0" conditionals="96" coveredconditionals="0" methods="31" coveredmethods="0"/>
        <line num="31" count="0" type="stmt"/>
        <line num="32" count="0" type="stmt"/>
        <line num="36" count="0" type="stmt"/>
        <line num="37" count="0" type="stmt"/>
        <line num="38" count="0" type="cond" truecount="0" falsecount="3"/>
        <line num="39" count="0" type="stmt"/>
        <line num="40" count="0" type="stmt"/>
        <line num="42" count="0" type="stmt"/>
        <line num="43" count="0" type="cond" truecount="0" falsecount="2"/>
        <line num="44" count="0" type="cond" truecount="0" falsecount="4"/>
        <line num="45" count="0" type="stmt"/>
        <line num="46" count="0" type="stmt"/>
        <line num="48" count="0" type="stmt"/>
        <line num="51" count="0" type="stmt"/>
        <line num="52" count="0" type="stmt"/>
        <line num="53" count="0" type="stmt"/>
        <line num="54" count="0" type="stmt"/>
        <line num="55" count="0" type="stmt"/>
        <line num="57" count="0" type="stmt"/>
        <line num="60" count="0" type="stmt"/>
        <line num="61" count="0" type="stmt"/>
        <line num="68" count="0" type="stmt"/>
        <line num="69" count="0" type="stmt"/>
        <line num="70" count="0" type="stmt"/>
        <line num="73" count="0" type="stmt"/>
        <line num="74" count="0" type="cond" truecount="0" falsecount="2"/>
        <line num="75" count="0" type="cond" truecount="0" falsecount="5"/>
        <line num="76" count="0" type="stmt"/>
        <line num="78" count="0" type="cond" truecount="0" falsecount="2"/>
        <line num="79" count="0" type="cond" truecount="0" falsecount="2"/>
        <line num="80" count="0" type="stmt"/>
        <line num="84" count="0" type="cond" truecount="0" falsecount="2"/>
        <line num="85" count="0" type="stmt"/>
        <line num="86" count="0" type="cond" truecount="0" falsecount="2"/>
        <line num="87" count="0" type="stmt"/>
        <line num="92" count="0" type="stmt"/>
        <line num="96" count="0" type="cond" truecount="0" falsecount="2"/>
        <line num="97" count="0" type="stmt"/>
        <line num="107" count="0" type="cond" truecount="0" falsecount="2"/>
        <line num="111" count="0" type="cond" truecount="0" falsecount="2"/>
        <line num="116" count="0" type="stmt"/>
        <line num="117" count="0" type="cond" truecount="0" falsecount="2"/>
        <line num="118" count="0" type="cond" truecount="0" falsecount="2"/>
        <line num="119" count="0" type="stmt"/>
        <line num="121" count="0" type="stmt"/>
        <line num="122" count="0" type="cond" truecount="0" falsecount="2"/>
        <line num="124" count="0" type="stmt"/>
        <line num="125" count="0" type="cond" truecount="0" falsecount="2"/>
        <line num="127" count="0" type="stmt"/>
        <line num="131" count="0" type="stmt"/>
        <line num="135" count="0" type="stmt"/>
        <line num="136" count="0" type="cond" truecount="0" falsecount="4"/>
        <line num="137" count="0" type="stmt"/>
        <line num="141" count="0" type="stmt"/>
        <line num="142" count="0" type="cond" truecount="0" falsecount="2"/>
        <line num="143" count="0" type="stmt"/>
        <line num="145" count="0" type="stmt"/>
        <line num="146" count="0" type="cond" truecount="0" falsecount="2"/>
        <line num="147" count="0" type="stmt"/>
        <line num="148" count="0" type="stmt"/>
        <line num="154" count="0" type="stmt"/>
        <line num="155" count="0" type="stmt"/>
        <line num="161" count="0" type="stmt"/>
        <line num="162" count="0" type="stmt"/>
        <line num="163" count="0" type="stmt"/>
        <line num="164" count="0" type="stmt"/>
        <line num="168" count="0" type="stmt"/>
        <line num="169" count="0" type="cond" truecount="0" falsecount="2"/>
        <line num="170" count="0" type="cond" truecount="0" falsecount="2"/>
        <line num="171" count="0" type="stmt"/>
        <line num="172" count="0" type="cond" truecount="0" falsecount="2"/>
        <line num="173" count="0" type="cond" truecount="0" falsecount="2"/>
        <line num="174" count="0" type="stmt"/>
        <line num="179" count="0" type="cond" truecount="0" falsecount="2"/>
        <line num="180" count="0" type="stmt"/>
        <line num="187" count="0" type="stmt"/>
        <line num="188" count="0" type="stmt"/>
        <line num="189" count="0" type="stmt"/>
        <line num="194" count="0" type="stmt"/>
        <line num="195" count="0" type="cond" truecount="0" falsecount="5"/>
        <line num="196" count="0" type="stmt"/>
        <line num="197" count="0" type="stmt"/>
        <line num="201" count="0" type="stmt"/>
        <line num="207" count="0" type="stmt"/>
        <line num="208" count="0" type="stmt"/>
        <line num="214" count="0" type="cond" truecount="0" falsecount="2"/>
        <line num="215" count="0" type="stmt"/>
        <line num="218" count="0" type="stmt"/>
        <line num="228" count="0" type="cond" truecount="0" falsecount="2"/>
        <line num="229" count="0" type="stmt"/>
        <line num="230" count="0" type="cond" truecount="0" falsecount="4"/>
        <line num="231" count="0" type="stmt"/>
        <line num="232" count="0" type="stmt"/>
        <line num="233" count="0" type="stmt"/>
        <line num="239" count="0" type="cond" truecount="0" falsecount="2"/>
        <line num="240" count="0" type="stmt"/>
        <line num="241" count="0" type="stmt"/>
        <line num="242" count="0" type="stmt"/>
        <line num="243" count="0" type="stmt"/>
        <line num="244" count="0" type="stmt"/>
        <line num="245" count="0" type="stmt"/>
        <line num="246" count="0" type="stmt"/>
        <line num="251" count="0" type="stmt"/>
        <line num="252" count="0" type="cond" truecount="0" falsecount="2"/>
        <line num="256" count="0" type="cond" truecount="0" falsecount="2"/>
        <line num="257" count="0" type="stmt"/>
        <line num="261" count="0" type="cond" truecount="0" falsecount="2"/>
        <line num="265" count="0" type="stmt"/>
        <line num="266" count="0" type="stmt"/>
        <line num="267" count="0" type="stmt"/>
        <line num="268" count="0" type="stmt"/>
        <line num="269" count="0" type="stmt"/>
        <line num="270" count="0" type="stmt"/>
        <line num="271" count="0" type="stmt"/>
        <line num="274" count="0" type="stmt"/>
        <line num="275" count="0" type="cond" truecount="0" falsecount="2"/>
        <line num="277" count="0" type="stmt"/>
        <line num="278" count="0" type="stmt"/>
        <line num="279" count="0" type="stmt"/>
        <line num="280" count="0" type="stmt"/>
        <line num="281" count="0" type="stmt"/>
        <line num="282" count="0" type="cond" truecount="0" falsecount="2"/>
        <line num="285" count="0" type="stmt"/>
        <line num="286" count="0" type="cond" truecount="0" falsecount="2"/>
        <line num="287" count="0" type="cond" truecount="0" falsecount="4"/>
        <line num="288" count="0" type="stmt"/>
        <line num="289" count="0" type="cond" truecount="0" falsecount="3"/>
        <line num="291" count="0" type="cond" truecount="0" falsecount="2"/>
        <line num="292" count="0" type="stmt"/>
        <line num="293" count="0" type="stmt"/>
        <line num="298" count="0" type="stmt"/>
        <line num="305" count="0" type="stmt"/>
        <line num="306" count="0" type="stmt"/>
        <line num="307" count="0" type="stmt"/>
        <line num="309" count="0" type="stmt"/>
      </file>
    </package>
    <package name="src.core.api">
      <metrics statements="133" coveredstatements="109" conditionals="134" coveredconditionals="89" methods="33" coveredmethods="24"/>
      <file name="client.ts" path="/Users/mohanganesh/AUVRA/.worktrees/auvra-mobile-ios/src/core/api/client.ts">
        <metrics statements="56" coveredstatements="45" conditionals="51" coveredconditionals="36" methods="7" coveredmethods="3"/>
        <line num="29" count="4" type="stmt"/>
        <line num="32" count="4" type="stmt"/>
        <line num="34" count="4" type="stmt"/>
        <line num="35" count="5" type="cond" truecount="5" falsecount="0"/>
        <line num="36" count="1" type="stmt"/>
        <line num="38" count="4" type="stmt"/>
        <line num="41" count="4" type="stmt"/>
        <line num="42" count="0" type="stmt"/>
        <line num="43" count="0" type="stmt"/>
        <line num="44" count="0" type="stmt"/>
        <line num="56" count="5" type="cond" truecount="1" falsecount="1"/>
        <line num="57" count="5" type="stmt"/>
        <line num="58" count="5" type="cond" truecount="1" falsecount="1"/>
        <line num="59" count="5" type="cond" truecount="2" falsecount="0"/>
        <line num="60" count="5" type="cond" truecount="2" falsecount="0"/>
        <line num="61" count="5" type="cond" truecount="2" falsecount="0"/>
        <line num="68" count="5" type="stmt"/>
        <line num="69" count="4" type="cond" truecount="2" falsecount="0"/>
        <line num="70" count="4" type="cond" truecount="2" falsecount="0"/>
        <line num="71" count="4" type="stmt"/>
        <line num="72" count="4" type="stmt"/>
        <line num="73" count="4" type="stmt"/>
        <line num="75" count="4" type="stmt"/>
        <line num="76" count="4" type="stmt"/>
        <line num="78" count="4" type="cond" truecount="2" falsecount="0"/>
        <line num="79" count="2" type="stmt"/>
        <line num="82" count="4" type="cond" truecount="2" falsecount="0"/>
        <line num="83" count="2" type="cond" truecount="2" falsecount="0"/>
        <line num="86" count="4" type="cond" truecount="1" falsecount="1"/>
        <line num="87" count="4" type="stmt"/>
        <line num="88" count="4" type="cond" truecount="2" falsecount="0"/>
        <line num="89" count="1" type="stmt"/>
        <line num="96" count="3" type="stmt"/>
        <line num="99" count="3" type="stmt"/>
        <line num="100" count="3" type="cond" truecount="1" falsecount="1"/>
        <line num="101" count="0" type="stmt"/>
        <line num="103" count="3" type="stmt"/>
        <line num="105" count="3" type="stmt"/>
        <line num="106" count="0" type="stmt"/>
        <line num="107" count="0" type="stmt"/>
        <line num="110" count="3" type="stmt"/>
        <line num="111" count="3" type="stmt"/>
        <line num="121" count="3" type="cond" truecount="2" falsecount="0"/>
        <line num="122" count="1" type="stmt"/>
        <line num="124" count="2" type="cond" truecount="1" falsecount="1"/>
        <line num="125" count="0" type="stmt"/>
        <line num="127" count="2" type="stmt"/>
        <line num="129" count="1" type="cond" truecount="1" falsecount="1"/>
        <line num="130" count="1" type="stmt"/>
        <line num="132" count="0" type="cond" truecount="0" falsecount="4"/>
        <line num="133" count="0" type="stmt"/>
        <line num="135" count="0" type="stmt"/>
        <line num="137" count="3" type="stmt"/>
        <line num="138" count="3" type="stmt"/>
        <line num="143" count="4" type="stmt"/>
        <line num="144" count="0" type="cond" truecount="0" falsecount="4"/>
      </file>
      <file name="config.ts" path="/Users/mohanganesh/AUVRA/.worktrees/auvra-mobile-ios/src/core/api/config.ts">
        <metrics statements="30" coveredstatements="23" conditionals="29" coveredconditionals="20" methods="5" coveredmethods="3"/>
        <line num="11" count="5" type="stmt"/>
        <line num="12" count="5" type="stmt"/>
        <line num="14" count="5" type="stmt"/>
        <line num="16" count="5" type="stmt"/>
        <line num="17" count="2" type="cond" truecount="2" falsecount="0"/>
        <line num="31" count="6" type="stmt"/>
        <line num="33" count="6" type="cond" truecount="2" falsecount="0"/>
        <line num="34" count="3" type="cond" truecount="2" falsecount="0"/>
        <line num="35" count="1" type="stmt"/>
        <line num="37" count="2" type="stmt"/>
        <line num="41" count="3" type="stmt"/>
        <line num="42" count="3" type="stmt"/>
        <line num="44" count="0" type="stmt"/>
        <line num="47" count="3" type="cond" truecount="3" falsecount="1"/>
        <line num="48" count="0" type="stmt"/>
        <line num="50" count="3" type="cond" truecount="4" falsecount="0"/>
        <line num="51" count="1" type="stmt"/>
        <line num="53" count="2" type="cond" truecount="5" falsecount="1"/>
        <line num="54" count="0" type="stmt"/>
        <line num="57" count="2" type="stmt"/>
        <line num="58" count="2" type="cond" truecount="2" falsecount="0"/>
        <line num="59" count="1" type="stmt"/>
        <line num="62" count="1" type="stmt"/>
        <line num="63" count="1" type="stmt"/>
        <line num="66" count="5" type="stmt"/>
        <line num="67" count="0" type="cond" truecount="0" falsecount="5"/>
        <line num="68" count="0" type="stmt"/>
        <line num="70" count="0" type="stmt"/>
        <line num="73" count="5" type="stmt"/>
        <line num="74" count="0" type="stmt"/>
      </file>
      <file name="contracts.ts" path="/Users/mohanganesh/AUVRA/.worktrees/auvra-mobile-ios/src/core/api/contracts.ts">
        <metrics statements="0" coveredstatements="0" conditionals="0" coveredconditionals="0" methods="0" coveredmethods="0"/>
      </file>
      <file name="problem.ts" path="/Users/mohanganesh/AUVRA/.worktrees/auvra-mobile-ios/src/core/api/problem.ts">
        <metrics statements="18" coveredstatements="16" conditionals="33" coveredconditionals="17" methods="10" coveredmethods="7"/>
        <line num="7" count="2" type="cond" truecount="2" falsecount="0"/>
        <line num="8" count="2" type="stmt"/>
        <line num="9" count="2" type="stmt"/>
        <line num="13" count="2" type="stmt"/>
        <line num="17" count="2" type="stmt"/>
        <line num="21" count="1" type="stmt"/>
        <line num="25" count="4" type="stmt"/>
        <line num="26" count="2" type="cond" truecount="3" falsecount="0"/>
        <line num="28" count="4" type="stmt"/>
        <line num="29" count="6" type="cond" truecount="4" falsecount="0"/>
        <line num="33" count="1" type="stmt"/>
        <line num="34" count="1" type="stmt"/>
        <line num="36" count="0" type="stmt"/>
        <line num="39" count="1" type="cond" truecount="1" falsecount="1"/>
        <line num="40" count="1" type="cond" truecount="1" falsecount="1"/>
        <line num="42" count="1" type="stmt"/>
        <line num="53" count="0" type="cond" truecount="0" falsecount="4"/>
        <line num="62" count="4" type="stmt"/>
      </file>
      <file name="runtimeClient.ts" path="/Users/mohanganesh/AUVRA/.worktrees/auvra-mobile-ios/src/core/api/runtimeClient.ts">
        <metrics statements="2" coveredstatements="0" conditionals="0" coveredconditionals="0" methods="0" coveredmethods="0"/>
        <line num="6" count="0" type="stmt"/>
        <line num="9" count="0" type="stmt"/>
      </file>
      <file name="v2Client.ts" path="/Users/mohanganesh/AUVRA/.worktrees/auvra-mobile-ios/src/core/api/v2Client.ts">
        <metrics statements="27" coveredstatements="25" conditionals="21" coveredconditionals="16" methods="11" coveredmethods="11"/>
        <line num="116" count="2" type="stmt"/>
        <line num="120" count="10" type="stmt"/>
        <line num="121" count="9" type="stmt"/>
        <line num="122" count="9" type="cond" truecount="4" falsecount="1"/>
        <line num="123" count="0" type="stmt"/>
        <line num="125" count="9" type="stmt"/>
        <line num="128" count="2" type="stmt"/>
        <line num="132" count="10" type="cond" truecount="2" falsecount="0"/>
        <line num="133" count="3" type="stmt"/>
        <line num="134" count="3" type="stmt"/>
        <line num="135" count="5" type="cond" truecount="1" falsecount="1"/>
        <line num="136" count="5" type="stmt"/>
        <line num="137" count="5" type="cond" truecount="3" falsecount="1"/>
        <line num="140" count="3" type="stmt"/>
        <line num="141" count="3" type="cond" truecount="1" falsecount="1"/>
        <line num="144" count="2" type="stmt"/>
        <line num="145" count="10" type="stmt"/>
        <line num="147" count="2" type="stmt"/>
        <line num="150" count="10" type="cond" truecount="2" falsecount="0"/>
        <line num="151" count="6" type="stmt"/>
        <line num="153" count="6" type="cond" truecount="2" falsecount="0"/>
        <line num="154" count="6" type="stmt"/>
        <line num="166" count="10" type="stmt"/>
        <line num="172" count="10" type="stmt"/>
        <line num="176" count="10" type="cond" truecount="1" falsecount="1"/>
        <line num="177" count="0" type="stmt"/>
        <line num="180" count="10" type="stmt"/>
      </file>
    </package>
    <package name="src.core.auth">
      <metrics statements="13" coveredstatements="0" conditionals="6" coveredconditionals="0" methods="3" coveredmethods="0"/>
      <file name="firebaseTokenProvider.ts" path="/Users/mohanganesh/AUVRA/.worktrees/auvra-mobile-ios/src/core/auth/firebaseTokenProvider.ts">
        <metrics statements="13" coveredstatements="0" conditionals="6" coveredconditionals="0" methods="3" coveredmethods="0"/>
        <line num="5" count="0" type="stmt"/>
        <line num="6" count="0" type="stmt"/>
        <line num="9" count="0" type="stmt"/>
        <line num="10" count="0" type="stmt"/>
        <line num="11" count="0" type="stmt"/>
        <line num="12" count="0" type="cond" truecount="0" falsecount="2"/>
        <line num="14" count="0" type="stmt"/>
        <line num="15" count="0" type="stmt"/>
        <line num="16" count="0" type="stmt"/>
        <line num="18" count="0" type="stmt"/>
        <line num="19" count="0" type="cond" truecount="0" falsecount="4"/>
        <line num="20" count="0" type="stmt"/>
        <line num="24" count="0" type="stmt"/>
      </file>
    </package>
    <package name="src.core.providers">
      <metrics statements="11" coveredstatements="0" conditionals="7" coveredconditionals="0" methods="5" coveredmethods="0"/>
      <file name="AppProviders.tsx" path="/Users/mohanganesh/AUVRA/.worktrees/auvra-mobile-ios/src/core/providers/AppProviders.tsx">
        <metrics statements="11" coveredstatements="0" conditionals="7" coveredconditionals="0" methods="5" coveredmethods="0"/>
        <line num="14" count="0" type="stmt"/>
        <line num="16" count="0" type="stmt"/>
        <line num="17" count="0" type="stmt"/>
        <line num="21" count="0" type="stmt"/>
        <line num="22" count="0" type="cond" truecount="0" falsecount="2"/>
        <line num="23" count="0" type="stmt"/>
        <line num="26" count="0" type="cond" truecount="0" falsecount="5"/>
        <line num="27" count="0" type="stmt"/>
        <line num="28" count="0" type="stmt"/>
        <line num="33" count="0" type="stmt"/>
        <line num="37" count="0" type="stmt"/>
      </file>
    </package>
    <package name="src.core.query">
      <metrics statements="3" coveredstatements="2" conditionals="3" coveredconditionals="0" methods="2" coveredmethods="0"/>
      <file name="queryClient.ts" path="/Users/mohanganesh/AUVRA/.worktrees/auvra-mobile-ios/src/core/query/queryClient.ts">
        <metrics statements="3" coveredstatements="2" conditionals="3" coveredconditionals="0" methods="2" coveredmethods="0"/>
        <line num="6" count="2" type="stmt"/>
        <line num="12" count="0" type="cond" truecount="0" falsecount="3"/>
        <line num="23" count="2" type="stmt"/>
      </file>
    </package>
    <package name="src.core.storage">
      <metrics statements="185" coveredstatements="117" conditionals="157" coveredconditionals="93" methods="48" coveredmethods="32"/>
      <file name="guestOnboardingAssessmentStore.ts" path="/Users/mohanganesh/AUVRA/.worktrees/auvra-mobile-ios/src/core/storage/guestOnboardingAssessmentStore.ts">
        <metrics statements="24" coveredstatements="20" conditionals="31" coveredconditionals="26" methods="5" coveredmethods="4"/>
        <line num="5" count="1" type="stmt"/>
        <line num="18" count="1" type="stmt"/>
        <line num="19" count="5" type="cond" truecount="1" falsecount="1"/>
        <line num="21" count="1" type="stmt"/>
        <line num="22" count="5" type="cond" truecount="3" falsecount="1"/>
        <line num="23" count="5" type="stmt"/>
        <line num="24" count="5" type="cond" truecount="11" falsecount="0"/>
        <line num="41" count="2" type="cond" truecount="3" falsecount="1"/>
        <line num="42" count="0" type="stmt"/>
        <line num="44" count="2" type="stmt"/>
        <line num="55" count="3" type="stmt"/>
        <line num="56" count="3" type="stmt"/>
        <line num="57" count="3" type="cond" truecount="1" falsecount="1"/>
        <line num="58" count="3" type="stmt"/>
        <line num="59" count="3" type="stmt"/>
        <line num="60" count="3" type="cond" truecount="2" falsecount="0"/>
        <line num="66" count="2" type="stmt"/>
        <line num="67" count="2" type="stmt"/>
        <line num="69" count="1" type="stmt"/>
        <line num="71" count="0" type="stmt"/>
        <line num="72" count="0" type="stmt"/>
        <line num="76" count="1" type="stmt"/>
        <line num="78" count="0" type="stmt"/>
        <line num="80" count="1" type="stmt"/>
      </file>
      <file name="guestOnboardingTicketStore.ts" path="/Users/mohanganesh/AUVRA/.worktrees/auvra-mobile-ios/src/core/storage/guestOnboardingTicketStore.ts">
        <metrics statements="28" coveredstatements="24" conditionals="33" coveredconditionals="28" methods="6" coveredmethods="5"/>
        <line num="5" count="1" type="stmt"/>
        <line num="29" count="1" type="stmt"/>
        <line num="30" count="3" type="cond" truecount="1" falsecount="1"/>
        <line num="32" count="1" type="stmt"/>
        <line num="33" count="6" type="cond" truecount="3" falsecount="1"/>
        <line num="34" count="6" type="stmt"/>
        <line num="35" count="6" type="cond" truecount="4" falsecount="0"/>
        <line num="41" count="1" type="stmt"/>
        <line num="42" count="3" type="cond" truecount="3" falsecount="1"/>
        <line num="43" count="3" type="stmt"/>
        <line num="44" count="3" type="cond" truecount="8" falsecount="0"/>
        <line num="58" count="1" type="cond" truecount="3" falsecount="1"/>
        <line num="59" count="0" type="stmt"/>
        <line num="61" count="1" type="stmt"/>
        <line num="71" count="2" type="stmt"/>
        <line num="72" count="2" type="stmt"/>
        <line num="73" count="2" type="cond" truecount="1" falsecount="1"/>
        <line num="74" count="2" type="stmt"/>
        <line num="75" count="2" type="stmt"/>
        <line num="76" count="2" type="cond" truecount="2" falsecount="0"/>
        <line num="81" count="1" type="stmt"/>
        <line num="82" count="1" type="stmt"/>
        <line num="84" count="1" type="stmt"/>
        <line num="86" count="0" type="stmt"/>
        <line num="87" count="0" type="stmt"/>
        <line num="91" count="1" type="stmt"/>
        <line num="93" count="0" type="stmt"/>
        <line num="95" count="1" type="stmt"/>
      </file>
      <file name="secureJsonStore.ts" path="/Users/mohanganesh/AUVRA/.worktrees/auvra-mobile-ios/src/core/storage/secureJsonStore.ts">
        <metrics statements="33" coveredstatements="17" conditionals="30" coveredconditionals="13" methods="6" coveredmethods="5"/>
        <line num="19" count="1" type="stmt"/>
        <line num="20" count="2" type="cond" truecount="1" falsecount="1"/>
        <line num="22" count="4" type="cond" truecount="2" falsecount="0"/>
        <line num="24" count="1" type="stmt"/>
        <line num="25" count="4" type="stmt"/>
        <line num="26" count="4" type="cond" truecount="2" falsecount="0"/>
        <line num="39" count="2" type="cond" truecount="3" falsecount="1"/>
        <line num="40" count="0" type="stmt"/>
        <line num="42" count="2" type="stmt"/>
        <line num="43" count="2" type="cond" truecount="2" falsecount="0"/>
        <line num="45" count="1" type="stmt"/>
        <line num="50" count="1" type="stmt"/>
        <line num="51" count="1" type="stmt"/>
        <line num="52" count="1" type="stmt"/>
        <line num="56" count="0" type="stmt"/>
        <line num="57" count="0" type="stmt"/>
        <line num="65" count="2" type="stmt"/>
        <line num="66" count="2" type="cond" truecount="2" falsecount="0"/>
        <line num="67" count="1" type="stmt"/>
        <line num="68" count="1" type="cond" truecount="1" falsecount="1"/>
        <line num="70" count="0" type="stmt"/>
        <line num="71" count="0" type="stmt"/>
        <line num="72" count="0" type="cond" truecount="0" falsecount="2"/>
        <line num="73" count="0" type="cond" truecount="0" falsecount="5"/>
        <line num="74" count="0" type="stmt"/>
        <line num="75" count="0" type="stmt"/>
        <line num="77" count="0" type="cond" truecount="0" falsecount="2"/>
        <line num="79" count="0" type="stmt"/>
        <line num="80" count="0" type="stmt"/>
        <line num="88" count="0" type="stmt"/>
        <line num="89" count="0" type="cond" truecount="0" falsecount="2"/>
        <line num="90" count="0" type="stmt"/>
        <line num="91" count="0" type="stmt"/>
      </file>
      <file name="storageKeys.ts" path="/Users/mohanganesh/AUVRA/.worktrees/auvra-mobile-ios/src/core/storage/storageKeys.ts">
        <metrics statements="4" coveredstatements="0" conditionals="0" coveredconditionals="0" methods="1" coveredmethods="0"/>
        <line num="1" count="0" type="stmt"/>
        <line num="5" count="0" type="stmt"/>
        <line num="8" count="0" type="stmt"/>
        <line num="9" count="0" type="stmt"/>
      </file>
      <file name="userScopedAsyncStorage.ts" path="/Users/mohanganesh/AUVRA/.worktrees/auvra-mobile-ios/src/core/storage/userScopedAsyncStorage.ts">
        <metrics statements="22" coveredstatements="0" conditionals="12" coveredconditionals="0" methods="8" coveredmethods="0"/>
        <line num="7" count="0" type="stmt"/>
        <line num="8" count="0" type="stmt"/>
        <line num="9" count="0" type="cond" truecount="0" falsecount="2"/>
        <line num="13" count="0" type="stmt"/>
        <line num="15" count="0" type="stmt"/>
        <line num="16" count="0" type="cond" truecount="0" falsecount="2"/>
        <line num="20" count="0" type="stmt"/>
        <line num="21" count="0" type="cond" truecount="0" falsecount="2"/>
        <line num="22" count="0" type="stmt"/>
        <line num="23" count="0" type="stmt"/>
        <line num="27" count="0" type="stmt"/>
        <line num="28" count="0" type="cond" truecount="0" falsecount="2"/>
        <line num="29" count="0" type="stmt"/>
        <line num="30" count="0" type="stmt"/>
        <line num="34" count="0" type="stmt"/>
        <line num="35" count="0" type="cond" truecount="0" falsecount="2"/>
        <line num="36" count="0" type="stmt"/>
        <line num="37" count="0" type="stmt"/>
        <line num="42" count="0" type="stmt"/>
        <line num="43" count="0" type="cond" truecount="0" falsecount="2"/>
        <line num="44" count="0" type="stmt"/>
        <line num="45" count="0" type="stmt"/>
      </file>
      <file name="userScopedStorage.ts" path="/Users/mohanganesh/AUVRA/.worktrees/auvra-mobile-ios/src/core/storage/userScopedStorage.ts">
        <metrics statements="74" coveredstatements="56" conditionals="51" coveredconditionals="26" methods="22" coveredmethods="18"/>
        <line num="27" count="1" type="stmt"/>
        <line num="31" count="1" type="stmt"/>
        <line num="32" count="1" type="stmt"/>
        <line num="33" count="1" type="stmt"/>
        <line num="34" count="1" type="stmt"/>
        <line num="60" count="1" type="stmt"/>
        <line num="66" count="6" type="cond" truecount="0" falsecount="1"/>
        <line num="71" count="1" type="stmt"/>
        <line num="72" count="21" type="cond" truecount="1" falsecount="1"/>
        <line num="73" count="21" type="stmt"/>
        <line num="77" count="1" type="stmt"/>
        <line num="78" count="18" type="cond" truecount="1" falsecount="1"/>
        <line num="79" count="18" type="stmt"/>
        <line num="82" count="1" type="stmt"/>
        <line num="83" count="8" type="stmt"/>
        <line num="85" count="1" type="stmt"/>
        <line num="86" count="3" type="stmt"/>
        <line num="88" count="1" type="stmt"/>
        <line num="89" count="4" type="cond" truecount="2" falsecount="0"/>
        <line num="90" count="3" type="stmt"/>
        <line num="91" count="3" type="stmt"/>
        <line num="92" count="3" type="cond" truecount="1" falsecount="1"/>
        <line num="93" count="3" type="stmt"/>
        <line num="96" count="0" type="stmt"/>
        <line num="105" count="1" type="stmt"/>
        <line num="106" count="1" type="stmt"/>
        <line num="107" count="1" type="stmt"/>
        <line num="108" count="1" type="cond" truecount="1" falsecount="1"/>
        <line num="109" count="1" type="stmt"/>
        <line num="110" count="1" type="stmt"/>
        <line num="119" count="0" type="stmt"/>
        <line num="120" count="0" type="stmt"/>
        <line num="121" count="0" type="stmt"/>
        <line num="122" count="0" type="stmt"/>
        <line num="123" count="0" type="cond" truecount="0" falsecount="2"/>
        <line num="124" count="0" type="stmt"/>
        <line num="125" count="0" type="cond" truecount="0" falsecount="2"/>
        <line num="126" count="0" type="stmt"/>
        <line num="134" count="1" type="stmt"/>
        <line num="141" count="1" type="stmt"/>
        <line num="142" count="1" type="stmt"/>
        <line num="149" count="1" type="stmt"/>
        <line num="150" count="1" type="stmt"/>
        <line num="151" count="1" type="cond" truecount="4" falsecount="1"/>
        <line num="152" count="1" type="stmt"/>
        <line num="159" count="0" type="stmt"/>
        <line num="161" count="1" type="stmt"/>
        <line num="162" count="16" type="cond" truecount="2" falsecount="0"/>
        <line num="165" count="1" type="stmt"/>
        <line num="167" count="1" type="cond" truecount="1" falsecount="1"/>
        <line num="174" count="0" type="stmt"/>
        <line num="175" count="0" type="stmt"/>
        <line num="176" count="0" type="stmt"/>
        <line num="177" count="0" type="cond" truecount="0" falsecount="2"/>
        <line num="178" count="0" type="stmt"/>
        <line num="179" count="0" type="stmt"/>
        <line num="181" count="0" type="stmt"/>
        <line num="189" count="0" type="stmt"/>
        <line num="192" count="1" type="stmt"/>
        <line num="193" count="10" type="cond" truecount="3" falsecount="0"/>
        <line num="194" count="27" type="stmt"/>
        <line num="205" count="3" type="stmt"/>
        <line num="206" count="3" type="cond" truecount="1" falsecount="1"/>
        <line num="212" count="3" type="cond" truecount="1" falsecount="1"/>
        <line num="213" count="3" type="stmt"/>
        <line num="214" count="10" type="cond" truecount="3" falsecount="0"/>
        <line num="216" count="3" type="stmt"/>
        <line num="220" count="3" type="stmt"/>
        <line num="221" count="6" type="stmt"/>
        <line num="223" count="3" type="stmt"/>
        <line num="224" count="6" type="stmt"/>
        <line num="226" count="3" type="cond" truecount="2" falsecount="0"/>
        <line num="227" count="1" type="stmt"/>
        <line num="233" count="2" type="cond" truecount="1" falsecount="1"/>
      </file>
    </package>
    <package name="src.features.account">
      <metrics statements="145" coveredstatements="76" conditionals="66" coveredconditionals="26" methods="30" coveredmethods="17"/>
      <file name="AccountSettingsScreen.tsx" path="/Users/mohanganesh/AUVRA/.worktrees/auvra-mobile-ios/src/features/account/AccountSettingsScreen.tsx">
        <metrics statements="109" coveredstatements="42" conditionals="48" coveredconditionals="11" methods="17" coveredmethods="5"/>
        <line num="44" count="1" type="stmt"/>
        <line num="46" count="1" type="stmt"/>
        <line num="47" count="0" type="cond" truecount="0" falsecount="2"/>
        <line num="48" count="0" type="cond" truecount="0" falsecount="4"/>
        <line num="49" count="0" type="stmt"/>
        <line num="51" count="0" type="cond" truecount="0" falsecount="2"/>
        <line num="52" count="0" type="stmt"/>
        <line num="54" count="0" type="stmt"/>
        <line num="57" count="1" type="stmt"/>
        <line num="58" count="0" type="stmt"/>
        <line num="59" count="0" type="cond" truecount="0" falsecount="2"/>
        <line num="62" count="1" type="stmt"/>
        <line num="63" count="0" type="stmt"/>
        <line num="64" count="0" type="stmt"/>
        <line num="70" count="2" type="stmt"/>
        <line num="71" count="2" type="cond" truecount="1" falsecount="1"/>
        <line num="72" count="2" type="stmt"/>
        <line num="73" count="2" type="stmt"/>
        <line num="74" count="2" type="stmt"/>
        <line num="75" count="2" type="stmt"/>
        <line num="76" count="2" type="stmt"/>
        <line num="77" count="2" type="stmt"/>
        <line num="78" count="2" type="stmt"/>
        <line num="79" count="2" type="stmt"/>
        <line num="80" count="2" type="stmt"/>
        <line num="81" count="2" type="stmt"/>
        <line num="82" count="2" type="stmt"/>
        <line num="83" count="2" type="stmt"/>
        <line num="85" count="2" type="stmt"/>
        <line num="86" count="1" type="stmt"/>
        <line num="87" count="1" type="cond" truecount="1" falsecount="1"/>
        <line num="88" count="1" type="stmt"/>
        <line num="89" count="1" type="stmt"/>
        <line num="92" count="2" type="stmt"/>
        <line num="93" count="1" type="stmt"/>
        <line num="94" count="1" type="stmt"/>
        <line num="95" count="1" type="stmt"/>
        <line num="96" count="1" type="stmt"/>
        <line num="98" count="0" type="stmt"/>
        <line num="100" count="1" type="stmt"/>
        <line num="104" count="2" type="stmt"/>
        <line num="106" count="1" type="stmt"/>
        <line num="110" count="2" type="stmt"/>
        <line num="111" count="0" type="cond" truecount="0" falsecount="2"/>
        <line num="112" count="0" type="stmt"/>
        <line num="113" count="0" type="stmt"/>
        <line num="114" count="0" type="cond" truecount="0" falsecount="4"/>
        <line num="115" count="0" type="stmt"/>
        <line num="116" count="0" type="stmt"/>
        <line num="118" count="0" type="stmt"/>
        <line num="119" count="0" type="stmt"/>
        <line num="120" count="0" type="stmt"/>
        <line num="121" count="0" type="stmt"/>
        <line num="122" count="0" type="stmt"/>
        <line num="131" count="0" type="stmt"/>
        <line num="132" count="0" type="stmt"/>
        <line num="134" count="0" type="stmt"/>
        <line num="138" count="0" type="stmt"/>
        <line num="142" count="2" type="stmt"/>
        <line num="143" count="0" type="stmt"/>
        <line num="144" count="0" type="cond" truecount="0" falsecount="2"/>
        <line num="145" count="0" type="stmt"/>
        <line num="148" count="2" type="stmt"/>
        <line num="149" count="0" type="stmt"/>
        <line num="150" count="0" type="cond" truecount="0" falsecount="2"/>
        <line num="151" count="0" type="stmt"/>
        <line num="152" count="0" type="stmt"/>
        <line num="154" count="0" type="stmt"/>
        <line num="155" count="0" type="stmt"/>
        <line num="156" count="0" type="stmt"/>
        <line num="157" count="0" type="stmt"/>
        <line num="158" count="0" type="stmt"/>
        <line num="160" count="0" type="stmt"/>
        <line num="166" count="2" type="stmt"/>
        <line num="167" count="0" type="stmt"/>
        <line num="168" count="0" type="cond" truecount="0" falsecount="2"/>
        <line num="169" count="0" type="stmt"/>
        <line num="170" count="0" type="stmt"/>
        <line num="172" count="0" type="stmt"/>
        <line num="173" count="0" type="stmt"/>
        <line num="174" count="0" type="stmt"/>
        <line num="175" count="0" type="stmt"/>
        <line num="176" count="0" type="stmt"/>
        <line num="177" count="0" type="stmt"/>
        <line num="178" count="0" type="stmt"/>
        <line num="180" count="0" type="stmt"/>
        <line num="184" count="0" type="stmt"/>
        <line num="186" count="0" type="stmt"/>
        <line num="188" count="0" type="stmt"/>
        <line num="194" count="2" type="stmt"/>
        <line num="195" count="0" type="stmt"/>
        <line num="203" count="0" type="stmt"/>
        <line num="209" count="2" type="cond" truecount="2" falsecount="0"/>
        <line num="210" count="1" type="stmt"/>
        <line num="221" count="1" type="stmt"/>
        <line num="230" count="0" type="stmt"/>
        <line num="272" count="0" type="stmt"/>
        <line num="286" count="0" type="stmt"/>
        <line num="327" count="2" type="cond" truecount="1" falsecount="1"/>
        <line num="328" count="0" type="cond" truecount="0" falsecount="2"/>
        <line num="329" count="0" type="stmt"/>
        <line num="331" count="0" type="cond" truecount="0" falsecount="2"/>
        <line num="332" count="0" type="stmt"/>
        <line num="334" count="0" type="cond" truecount="0" falsecount="2"/>
        <line num="335" count="0" type="cond" truecount="0" falsecount="2"/>
        <line num="336" count="0" type="stmt"/>
        <line num="338" count="0" type="stmt"/>
        <line num="341" count="1" type="stmt"/>
        <line num="348" count="1" type="stmt"/>
      </file>
      <file name="accountRequestState.ts" path="/Users/mohanganesh/AUVRA/.worktrees/auvra-mobile-ios/src/features/account/accountRequestState.ts">
        <metrics statements="8" coveredstatements="8" conditionals="0" coveredconditionals="0" methods="4" coveredmethods="4"/>
        <line num="7" count="2" type="stmt"/>
        <line num="12" count="2" type="stmt"/>
        <line num="15" count="1" type="stmt"/>
        <line num="22" count="2" type="stmt"/>
        <line num="25" count="1" type="stmt"/>
        <line num="32" count="2" type="stmt"/>
        <line num="35" count="1" type="stmt"/>
        <line num="43" count="2" type="stmt"/>
      </file>
      <file name="accountSession.ts" path="/Users/mohanganesh/AUVRA/.worktrees/auvra-mobile-ios/src/features/account/accountSession.ts">
        <metrics statements="2" coveredstatements="2" conditionals="0" coveredconditionals="0" methods="1" coveredmethods="1"/>
        <line num="9" count="1" type="stmt"/>
        <line num="10" count="1" type="stmt"/>
      </file>
      <file name="api.ts" path="/Users/mohanganesh/AUVRA/.worktrees/auvra-mobile-ios/src/features/account/api.ts">
        <metrics statements="12" coveredstatements="12" conditionals="4" coveredconditionals="4" methods="5" coveredmethods="5"/>
        <line num="10" count="1" type="stmt"/>
        <line num="11" count="2" type="cond" truecount="4" falsecount="0"/>
        <line num="12" count="1" type="stmt"/>
        <line num="14" count="1" type="stmt"/>
        <line num="17" count="1" type="stmt"/>
        <line num="18" count="1" type="stmt"/>
        <line num="20" count="1" type="stmt"/>
        <line num="25" count="2" type="stmt"/>
        <line num="31" count="1" type="stmt"/>
        <line num="34" count="2" type="stmt"/>
        <line num="38" count="1" type="stmt"/>
        <line num="41" count="2" type="stmt"/>
      </file>
      <file name="recentAuthentication.ts" path="/Users/mohanganesh/AUVRA/.worktrees/auvra-mobile-ios/src/features/account/recentAuthentication.ts">
        <metrics statements="14" coveredstatements="12" conditionals="14" coveredconditionals="11" methods="3" coveredmethods="2"/>
        <line num="3" count="1" type="stmt"/>
        <line num="13" count="1" type="stmt"/>
        <line num="14" count="3" type="cond" truecount="2" falsecount="0"/>
        <line num="15" count="2" type="stmt"/>
        <line num="16" count="2" type="cond" truecount="1" falsecount="1"/>
        <line num="23" count="4" type="cond" truecount="2" falsecount="0"/>
        <line num="24" count="3" type="stmt"/>
        <line num="25" count="3" type="stmt"/>
        <line num="26" count="3" type="stmt"/>
        <line num="27" count="3" type="cond" truecount="2" falsecount="0"/>
        <line num="28" count="2" type="cond" truecount="4" falsecount="0"/>
        <line num="32" count="0" type="stmt"/>
        <line num="36" count="1" type="stmt"/>
        <line num="37" count="0" type="stmt"/>
      </file>
      <file name="types.ts" path="/Users/mohanganesh/AUVRA/.worktrees/auvra-mobile-ios/src/features/account/types.ts">
        <metrics statements="0" coveredstatements="0" conditionals="0" coveredconditionals="0" methods="0" coveredmethods="0"/>
      </file>
    </package>
    <package name="src.features.conversations">
      <metrics statements="202" coveredstatements="40" conditionals="190" coveredconditionals="38" methods="81" coveredmethods="15"/>
      <file name="ChatbotScreenContainer.tsx" path="/Users/mohanganesh/AUVRA/.worktrees/auvra-mobile-ios/src/features/conversations/ChatbotScreenContainer.tsx">
        <metrics statements="25" coveredstatements="0" conditionals="48" coveredconditionals="0" methods="14" coveredmethods="0"/>
        <line num="30" count="0" type="stmt"/>
        <line num="33" count="0" type="stmt"/>
        <line num="34" count="0" type="stmt"/>
        <line num="35" count="0" type="cond" truecount="0" falsecount="2"/>
        <line num="36" count="0" type="stmt"/>
        <line num="42" count="0" type="stmt"/>
        <line num="61" count="0" type="stmt"/>
        <line num="65" count="0" type="stmt"/>
        <line num="93" count="0" type="stmt"/>
        <line num="145" count="0" type="cond" truecount="0" falsecount="2"/>
        <line num="146" count="0" type="stmt"/>
        <line num="147" count="0" type="stmt"/>
        <line num="148" count="0" type="stmt"/>
        <line num="149" count="0" type="stmt"/>
        <line num="150" count="0" type="cond" truecount="0" falsecount="4"/>
        <line num="151" count="0" type="stmt"/>
        <line num="153" count="0" type="stmt"/>
        <line num="163" count="0" type="stmt"/>
        <line num="170" count="0" type="stmt"/>
        <line num="180" count="0" type="cond" truecount="0" falsecount="2"/>
        <line num="234" count="0" type="stmt"/>
        <line num="241" count="0" type="stmt"/>
        <line num="253" count="0" type="cond" truecount="0" falsecount="2"/>
        <line num="265" count="0" type="stmt"/>
        <line num="279" count="0" type="stmt"/>
      </file>
      <file name="WeeklyQuestionSlider.tsx" path="/Users/mohanganesh/AUVRA/.worktrees/auvra-mobile-ios/src/features/conversations/WeeklyQuestionSlider.tsx">
        <metrics statements="8" coveredstatements="0" conditionals="4" coveredconditionals="0" methods="5" coveredmethods="0"/>
        <line num="19" count="0" type="stmt"/>
        <line num="28" count="0" type="stmt"/>
        <line num="32" count="0" type="stmt"/>
        <line num="43" count="0" type="stmt"/>
        <line num="53" count="0" type="cond" truecount="0" falsecount="2"/>
        <line num="54" count="0" type="cond" truecount="0" falsecount="2"/>
        <line num="55" count="0" type="stmt"/>
        <line num="58" count="0" type="stmt"/>
      </file>
      <file name="api.ts" path="/Users/mohanganesh/AUVRA/.worktrees/auvra-mobile-ios/src/features/conversations/api.ts">
        <metrics statements="27" coveredstatements="21" conditionals="16" coveredconditionals="13" methods="12" coveredmethods="7"/>
        <line num="18" count="3" type="stmt"/>
        <line num="19" count="1" type="stmt"/>
        <line num="23" count="0" type="stmt"/>
        <line num="27" count="1" type="stmt"/>
        <line num="32" count="1" type="stmt"/>
        <line num="37" count="1" type="stmt"/>
        <line num="38" count="1" type="stmt"/>
        <line num="42" count="1" type="stmt"/>
        <line num="49" count="2" type="stmt"/>
        <line num="55" count="1" type="stmt"/>
        <line num="56" count="0" type="stmt"/>
        <line num="57" count="1" type="stmt"/>
        <line num="58" count="0" type="stmt"/>
        <line num="61" count="1" type="stmt"/>
        <line num="68" count="1" type="stmt"/>
        <line num="78" count="1" type="stmt"/>
        <line num="83" count="0" type="stmt"/>
        <line num="92" count="1" type="stmt"/>
        <line num="101" count="1" type="stmt"/>
        <line num="113" count="3" type="cond" truecount="3" falsecount="1"/>
        <line num="114" count="0" type="stmt"/>
        <line num="115" count="3" type="cond" truecount="2" falsecount="0"/>
        <line num="121" count="1" type="stmt"/>
        <line num="122" count="2" type="cond" truecount="2" falsecount="2"/>
        <line num="123" count="2" type="cond" truecount="2" falsecount="0"/>
        <line num="127" count="1" type="stmt"/>
        <line num="128" count="0" type="stmt"/>
      </file>
      <file name="conversationInteractions.ts" path="/Users/mohanganesh/AUVRA/.worktrees/auvra-mobile-ios/src/features/conversations/conversationInteractions.ts">
        <metrics statements="15" coveredstatements="10" conditionals="24" coveredconditionals="7" methods="8" coveredmethods="7"/>
        <line num="8" count="3" type="stmt"/>
        <line num="12" count="0" type="stmt"/>
        <line num="19" count="1" type="stmt"/>
        <line num="20" count="1" type="stmt"/>
        <line num="21" count="2" type="stmt"/>
        <line num="22" count="2" type="stmt"/>
        <line num="31" count="3" type="cond" truecount="2" falsecount="0"/>
        <line num="32" count="2" type="cond" truecount="3" falsecount="1"/>
        <line num="39" count="1" type="cond" truecount="1" falsecount="1"/>
        <line num="43" count="1" type="cond" truecount="1" falsecount="1"/>
        <line num="44" count="0" type="cond" truecount="0" falsecount="4"/>
        <line num="45" count="0" type="cond" truecount="0" falsecount="4"/>
        <line num="46" count="0" type="cond" truecount="0" falsecount="4"/>
        <line num="47" count="0" type="cond" truecount="0" falsecount="2"/>
        <line num="54" count="1" type="stmt"/>
      </file>
      <file name="conversationMappers.ts" path="/Users/mohanganesh/AUVRA/.worktrees/auvra-mobile-ios/src/features/conversations/conversationMappers.ts">
        <metrics statements="4" coveredstatements="0" conditionals="6" coveredconditionals="0" methods="4" coveredmethods="0"/>
        <line num="6" count="0" type="stmt"/>
        <line num="12" count="0" type="stmt"/>
        <line num="19" count="0" type="cond" truecount="0" falsecount="2"/>
        <line num="20" count="0" type="stmt"/>
      </file>
      <file name="conversationReducer.ts" path="/Users/mohanganesh/AUVRA/.worktrees/auvra-mobile-ios/src/features/conversations/conversationReducer.ts">
        <metrics statements="17" coveredstatements="9" conditionals="30" coveredconditionals="18" methods="2" coveredmethods="1"/>
        <line num="6" count="1" type="stmt"/>
        <line num="29" count="8" type="cond" truecount="5" falsecount="7"/>
        <line num="31" count="0" type="stmt"/>
        <line num="37" count="1" type="stmt"/>
        <line num="53" count="0" type="stmt"/>
        <line num="55" count="0" type="stmt"/>
        <line num="57" count="2" type="stmt"/>
        <line num="58" count="2" type="cond" truecount="1" falsecount="1"/>
        <line num="59" count="0" type="stmt"/>
        <line num="63" count="2" type="stmt"/>
        <line num="66" count="1" type="stmt"/>
        <line num="68" count="0" type="stmt"/>
        <line num="70" count="0" type="cond" truecount="0" falsecount="2"/>
        <line num="72" count="3" type="stmt"/>
        <line num="74" count="1" type="stmt"/>
        <line num="76" count="0" type="stmt"/>
        <line num="78" count="0" type="stmt"/>
      </file>
      <file name="conversationTypes.ts" path="/Users/mohanganesh/AUVRA/.worktrees/auvra-mobile-ios/src/features/conversations/conversationTypes.ts">
        <metrics statements="11" coveredstatements="0" conditionals="18" coveredconditionals="0" methods="4" coveredmethods="0"/>
        <line num="69" count="0" type="cond" truecount="0" falsecount="6"/>
        <line num="71" count="0" type="stmt"/>
        <line num="73" count="0" type="stmt"/>
        <line num="75" count="0" type="stmt"/>
        <line num="77" count="0" type="stmt"/>
        <line num="79" count="0" type="stmt"/>
        <line num="81" count="0" type="stmt"/>
        <line num="86" count="0" type="cond" truecount="0" falsecount="2"/>
        <line num="87" count="0" type="stmt"/>
        <line num="88" count="0" type="stmt"/>
        <line num="94" count="0" type="stmt"/>
      </file>
      <file name="useConversationController.ts" path="/Users/mohanganesh/AUVRA/.worktrees/auvra-mobile-ios/src/features/conversations/useConversationController.ts">
        <metrics statements="28" coveredstatements="0" conditionals="0" coveredconditionals="0" methods="13" coveredmethods="0"/>
        <line num="18" count="0" type="stmt"/>
        <line num="19" count="0" type="stmt"/>
        <line num="23" count="0" type="stmt"/>
        <line num="24" count="0" type="stmt"/>
        <line num="26" count="0" type="stmt"/>
        <line num="27" count="0" type="stmt"/>
        <line num="28" count="0" type="stmt"/>
        <line num="29" count="0" type="stmt"/>
        <line num="30" count="0" type="stmt"/>
        <line num="31" count="0" type="stmt"/>
        <line num="33" count="0" type="stmt"/>
        <line num="34" count="0" type="stmt"/>
        <line num="35" count="0" type="stmt"/>
        <line num="36" count="0" type="stmt"/>
        <line num="37" count="0" type="stmt"/>
        <line num="38" count="0" type="stmt"/>
        <line num="40" count="0" type="stmt"/>
        <line num="41" count="0" type="stmt"/>
        <line num="42" count="0" type="stmt"/>
        <line num="44" count="0" type="stmt"/>
        <line num="50" count="0" type="stmt"/>
        <line num="55" count="0" type="stmt"/>
        <line num="60" count="0" type="stmt"/>
        <line num="62" count="0" type="stmt"/>
        <line num="64" count="0" type="stmt"/>
        <line num="65" count="0" type="stmt"/>
        <line num="67" count="0" type="stmt"/>
        <line num="69" count="0" type="stmt"/>
      </file>
      <file name="useConversationInitialization.ts" path="/Users/mohanganesh/AUVRA/.worktrees/auvra-mobile-ios/src/features/conversations/useConversationInitialization.ts">
        <metrics statements="25" coveredstatements="0" conditionals="18" coveredconditionals="0" methods="7" coveredmethods="0"/>
        <line num="20" count="0" type="stmt"/>
        <line num="23" count="0" type="cond" truecount="0" falsecount="2"/>
        <line num="30" count="0" type="stmt"/>
        <line num="32" count="0" type="cond" truecount="0" falsecount="2"/>
        <line num="33" count="0" type="stmt"/>
        <line num="55" count="0" type="stmt"/>
        <line num="56" count="0" type="stmt"/>
        <line num="57" count="0" type="stmt"/>
        <line num="58" count="0" type="stmt"/>
        <line num="59" count="0" type="stmt"/>
        <line num="61" count="0" type="stmt"/>
        <line num="62" count="0" type="stmt"/>
        <line num="63" count="0" type="stmt"/>
        <line num="64" count="0" type="stmt"/>
        <line num="65" count="0" type="stmt"/>
        <line num="66" count="0" type="stmt"/>
        <line num="67" count="0" type="cond" truecount="0" falsecount="2"/>
        <line num="68" count="0" type="stmt"/>
        <line num="69" count="0" type="stmt"/>
        <line num="73" count="0" type="stmt"/>
        <line num="75" count="0" type="stmt"/>
        <line num="79" count="0" type="stmt"/>
        <line num="87" count="0" type="cond" truecount="0" falsecount="2"/>
        <line num="88" count="0" type="stmt"/>
        <line num="94" count="0" type="stmt"/>
      </file>
      <file name="useConversationSending.ts" path="/Users/mohanganesh/AUVRA/.worktrees/auvra-mobile-ios/src/features/conversations/useConversationSending.ts">
        <metrics statements="38" coveredstatements="0" conditionals="26" coveredconditionals="0" methods="9" coveredmethods="0"/>
        <line num="23" count="0" type="stmt"/>
        <line num="24" count="0" type="stmt"/>
        <line num="25" count="0" type="stmt"/>
        <line num="32" count="0" type="stmt"/>
        <line num="33" count="0" type="stmt"/>
        <line num="34" count="0" type="cond" truecount="0" falsecount="2"/>
        <line num="35" count="0" type="stmt"/>
        <line num="43" count="0" type="stmt"/>
        <line num="44" count="0" type="stmt"/>
        <line num="46" count="0" type="cond" truecount="0" falsecount="2"/>
        <line num="48" count="0" type="stmt"/>
        <line num="49" count="0" type="stmt"/>
        <line num="50" count="0" type="stmt"/>
        <line num="54" count="0" type="stmt"/>
        <line num="56" count="0" type="cond" truecount="0" falsecount="2"/>
        <line num="57" count="0" type="cond" truecount="0" falsecount="5"/>
        <line num="58" count="0" type="stmt"/>
        <line num="59" count="0" type="stmt"/>
        <line num="60" count="0" type="stmt"/>
        <line num="61" count="0" type="stmt"/>
        <line num="62" count="0" type="cond" truecount="0" falsecount="5"/>
        <line num="63" count="0" type="stmt"/>
        <line num="64" count="0" type="stmt"/>
        <line num="71" count="0" type="stmt"/>
        <line num="72" count="0" type="stmt"/>
        <line num="73" count="0" type="cond" truecount="0" falsecount="2"/>
        <line num="74" count="0" type="cond" truecount="0" falsecount="2"/>
        <line num="75" count="0" type="stmt"/>
        <line num="83" count="0" type="stmt"/>
        <line num="84" count="0" type="stmt"/>
        <line num="86" count="0" type="cond" truecount="0" falsecount="2"/>
        <line num="87" count="0" type="stmt"/>
        <line num="88" count="0" type="stmt"/>
        <line num="95" count="0" type="stmt"/>
        <line num="96" count="0" type="cond" truecount="0" falsecount="2"/>
        <line num="97" count="0" type="stmt"/>
        <line num="98" count="0" type="stmt"/>
        <line num="106" count="0" type="stmt"/>
      </file>
      <file name="useConversationVoice.ts" path="/Users/mohanganesh/AUVRA/.worktrees/auvra-mobile-ios/src/features/conversations/useConversationVoice.ts">
        <metrics statements="4" coveredstatements="0" conditionals="0" coveredconditionals="0" methods="3" coveredmethods="0"/>
        <line num="9" count="0" type="stmt"/>
        <line num="10" count="0" type="stmt"/>
        <line num="14" count="0" type="stmt"/>
        <line num="19" count="0" type="stmt"/>
      </file>
    </package>
    <package name="src.features.home">
      <metrics statements="130" coveredstatements="8" conditionals="74" coveredconditionals="2" methods="55" coveredmethods="3"/>
      <file name="HomeScreenContainer.tsx" path="/Users/mohanganesh/AUVRA/.worktrees/auvra-mobile-ios/src/features/home/HomeScreenContainer.tsx">
        <metrics statements="9" coveredstatements="0" conditionals="14" coveredconditionals="0" methods="3" coveredmethods="0"/>
        <line num="11" count="0" type="stmt"/>
        <line num="12" count="0" type="cond" truecount="0" falsecount="4"/>
        <line num="13" count="0" type="cond" truecount="0" falsecount="2"/>
        <line num="15" count="0" type="cond" truecount="0" falsecount="4"/>
        <line num="16" count="0" type="stmt"/>
        <line num="24" count="0" type="stmt"/>
        <line num="51" count="0" type="stmt"/>
        <line num="72" count="0" type="stmt"/>
        <line num="85" count="0" type="stmt"/>
      </file>
      <file name="operationKeys.ts" path="/Users/mohanganesh/AUVRA/.worktrees/auvra-mobile-ios/src/features/home/operationKeys.ts">
        <metrics statements="8" coveredstatements="8" conditionals="3" coveredconditionals="2" methods="3" coveredmethods="3"/>
        <line num="12" count="1" type="stmt"/>
        <line num="13" count="1" type="stmt"/>
        <line num="15" count="3" type="stmt"/>
        <line num="16" count="3" type="cond" truecount="2" falsecount="0"/>
        <line num="17" count="2" type="stmt"/>
        <line num="18" count="2" type="stmt"/>
        <line num="19" count="2" type="stmt"/>
        <line num="22" count="1" type="stmt"/>
      </file>
      <file name="usePlanEngagement.ts" path="/Users/mohanganesh/AUVRA/.worktrees/auvra-mobile-ios/src/features/home/usePlanEngagement.ts">
        <metrics statements="32" coveredstatements="0" conditionals="12" coveredconditionals="0" methods="14" coveredmethods="0"/>
        <line num="31" count="0" type="stmt"/>
        <line num="33" count="0" type="stmt"/>
        <line num="34" count="0" type="cond" truecount="0" falsecount="4"/>
        <line num="35" count="0" type="stmt"/>
        <line num="36" count="0" type="stmt"/>
        <line num="40" count="0" type="stmt"/>
        <line num="52" count="0" type="stmt"/>
        <line num="60" count="0" type="stmt"/>
        <line num="62" count="0" type="stmt"/>
        <line num="63" count="0" type="cond" truecount="0" falsecount="4"/>
        <line num="64" count="0" type="stmt"/>
        <line num="65" count="0" type="stmt"/>
        <line num="69" count="0" type="stmt"/>
        <line num="79" count="0" type="stmt"/>
        <line num="87" count="0" type="stmt"/>
        <line num="89" count="0" type="stmt"/>
        <line num="90" count="0" type="cond" truecount="0" falsecount="4"/>
        <line num="91" count="0" type="stmt"/>
        <line num="92" count="0" type="stmt"/>
        <line num="97" count="0" type="stmt"/>
        <line num="98" count="0" type="stmt"/>
        <line num="104" count="0" type="stmt"/>
        <line num="105" count="0" type="stmt"/>
        <line num="106" count="0" type="stmt"/>
        <line num="108" count="0" type="stmt"/>
        <line num="113" count="0" type="stmt"/>
        <line num="119" count="0" type="stmt"/>
        <line num="128" count="0" type="stmt"/>
        <line num="129" count="0" type="stmt"/>
        <line num="130" count="0" type="stmt"/>
        <line num="132" count="0" type="stmt"/>
        <line num="137" count="0" type="stmt"/>
      </file>
      <file name="usePlanGeneration.ts" path="/Users/mohanganesh/AUVRA/.worktrees/auvra-mobile-ios/src/features/home/usePlanGeneration.ts">
        <metrics statements="32" coveredstatements="0" conditionals="16" coveredconditionals="0" methods="14" coveredmethods="0"/>
        <line num="24" count="0" type="stmt"/>
        <line num="32" count="0" type="stmt"/>
        <line num="34" count="0" type="stmt"/>
        <line num="35" count="0" type="stmt"/>
        <line num="36" count="0" type="cond" truecount="0" falsecount="2"/>
        <line num="37" count="0" type="stmt"/>
        <line num="38" count="0" type="cond" truecount="0" falsecount="2"/>
        <line num="39" count="0" type="cond" truecount="0" falsecount="2"/>
        <line num="40" count="0" type="stmt"/>
        <line num="41" count="0" type="stmt"/>
        <line num="43" count="0" type="stmt"/>
        <line num="49" count="0" type="stmt"/>
        <line num="50" count="0" type="stmt"/>
        <line num="51" count="0" type="stmt"/>
        <line num="52" count="0" type="stmt"/>
        <line num="53" count="0" type="cond" truecount="0" falsecount="2"/>
        <line num="54" count="0" type="stmt"/>
        <line num="55" count="0" type="stmt"/>
        <line num="57" count="0" type="cond" truecount="0" falsecount="2"/>
        <line num="58" count="0" type="stmt"/>
        <line num="67" count="0" type="stmt"/>
        <line num="69" count="0" type="stmt"/>
        <line num="70" count="0" type="cond" truecount="0" falsecount="2"/>
        <line num="71" count="0" type="stmt"/>
        <line num="72" count="0" type="stmt"/>
        <line num="74" count="0" type="cond" truecount="0" falsecount="2"/>
        <line num="75" count="0" type="stmt"/>
        <line num="76" count="0" type="stmt"/>
        <line num="78" count="0" type="stmt"/>
        <line num="83" count="0" type="stmt"/>
        <line num="87" count="0" type="stmt"/>
        <line num="98" count="0" type="stmt"/>
      </file>
      <file name="useV2HomeController.ts" path="/Users/mohanganesh/AUVRA/.worktrees/auvra-mobile-ios/src/features/home/useV2HomeController.ts">
        <metrics statements="44" coveredstatements="0" conditionals="23" coveredconditionals="0" methods="20" coveredmethods="0"/>
        <line num="31" count="0" type="stmt"/>
        <line num="32" count="0" type="stmt"/>
        <line num="33" count="0" type="stmt"/>
        <line num="35" count="0" type="cond" truecount="0" falsecount="1"/>
        <line num="36" count="0" type="stmt"/>
        <line num="37" count="0" type="stmt"/>
        <line num="38" count="0" type="stmt"/>
        <line num="40" count="0" type="stmt"/>
        <line num="42" count="0" type="stmt"/>
        <line num="43" count="0" type="cond" truecount="0" falsecount="2"/>
        <line num="44" count="0" type="stmt"/>
        <line num="46" count="0" type="cond" truecount="0" falsecount="4"/>
        <line num="47" count="0" type="stmt"/>
        <line num="48" count="0" type="stmt"/>
        <line num="50" count="0" type="cond" truecount="0" falsecount="2"/>
        <line num="51" count="0" type="stmt"/>
        <line num="60" count="0" type="stmt"/>
        <line num="61" count="0" type="stmt"/>
        <line num="62" count="0" type="stmt"/>
        <line num="63" count="0" type="cond" truecount="0" falsecount="2"/>
        <line num="64" count="0" type="cond" truecount="0" falsecount="2"/>
        <line num="65" count="0" type="stmt"/>
        <line num="69" count="0" type="stmt"/>
        <line num="71" count="0" type="stmt"/>
        <line num="78" count="0" type="stmt"/>
        <line num="79" count="0" type="stmt"/>
        <line num="87" count="0" type="stmt"/>
        <line num="88" count="0" type="stmt"/>
        <line num="89" count="0" type="stmt"/>
        <line num="90" count="0" type="stmt"/>
        <line num="91" count="0" type="stmt"/>
        <line num="95" count="0" type="stmt"/>
        <line num="96" count="0" type="cond" truecount="0" falsecount="4"/>
        <line num="97" count="0" type="stmt"/>
        <line num="100" count="0" type="stmt"/>
        <line num="108" count="0" type="stmt"/>
        <line num="116" count="0" type="stmt"/>
        <line num="117" count="0" type="cond" truecount="0" falsecount="2"/>
        <line num="123" count="0" type="stmt"/>
        <line num="124" count="0" type="stmt"/>
        <line num="125" count="0" type="cond" truecount="0" falsecount="2"/>
        <line num="126" count="0" type="stmt"/>
        <line num="134" count="0" type="cond" truecount="0" falsecount="2"/>
        <line num="135" count="0" type="stmt"/>
      </file>
      <file name="v2HomeModel.ts" path="/Users/mohanganesh/AUVRA/.worktrees/auvra-mobile-ios/src/features/home/v2HomeModel.ts">
        <metrics statements="5" coveredstatements="0" conditionals="6" coveredconditionals="0" methods="1" coveredmethods="0"/>
        <line num="23" count="0" type="stmt"/>
        <line num="36" count="0" type="stmt"/>
        <line num="37" count="0" type="cond" truecount="0" falsecount="2"/>
        <line num="38" count="0" type="cond" truecount="0" falsecount="2"/>
        <line num="40" count="0" type="cond" truecount="0" falsecount="2"/>
      </file>
    </package>
    <package name="src.features.insights">
      <metrics statements="28" coveredstatements="10" conditionals="21" coveredconditionals="0" methods="15" coveredmethods="3"/>
      <file name="InsightsScreen.tsx" path="/Users/mohanganesh/AUVRA/.worktrees/auvra-mobile-ios/src/features/insights/InsightsScreen.tsx">
        <metrics statements="8" coveredstatements="0" conditionals="21" coveredconditionals="0" methods="3" coveredmethods="0"/>
        <line num="8" count="0" type="stmt"/>
        <line num="16" count="0" type="stmt"/>
        <line num="17" count="0" type="stmt"/>
        <line num="18" count="0" type="stmt"/>
        <line num="20" count="0" type="cond" truecount="0" falsecount="3"/>
        <line num="22" count="0" type="stmt"/>
        <line num="55" count="0" type="stmt"/>
        <line num="73" count="0" type="stmt"/>
      </file>
      <file name="api.ts" path="/Users/mohanganesh/AUVRA/.worktrees/auvra-mobile-ios/src/features/insights/api.ts">
        <metrics statements="19" coveredstatements="10" conditionals="0" coveredconditionals="0" methods="12" coveredmethods="3"/>
        <line num="10" count="1" type="stmt"/>
        <line num="12" count="0" type="stmt"/>
        <line num="13" count="0" type="stmt"/>
        <line num="14" count="0" type="stmt"/>
        <line num="17" count="1" type="stmt"/>
        <line num="18" count="1" type="stmt"/>
        <line num="20" count="1" type="stmt"/>
        <line num="21" count="1" type="stmt"/>
        <line num="23" count="1" type="stmt"/>
        <line num="24" count="1" type="stmt"/>
        <line num="26" count="1" type="stmt"/>
        <line num="27" count="0" type="stmt"/>
        <line num="29" count="0" type="stmt"/>
        <line num="32" count="1" type="stmt"/>
        <line num="33" count="0" type="stmt"/>
        <line num="35" count="0" type="stmt"/>
        <line num="38" count="1" type="stmt"/>
        <line num="39" count="0" type="stmt"/>
        <line num="41" count="0" type="stmt"/>
      </file>
      <file name="insightsStyles.ts" path="/Users/mohanganesh/AUVRA/.worktrees/auvra-mobile-ios/src/features/insights/insightsStyles.ts">
        <metrics statements="1" coveredstatements="0" conditionals="0" coveredconditionals="0" methods="0" coveredmethods="0"/>
        <line num="3" count="0" type="stmt"/>
      </file>
    </package>
    <package name="src.features.jobs">
      <metrics statements="32" coveredstatements="20" conditionals="21" coveredconditionals="16" methods="11" coveredmethods="4"/>
      <file name="api.ts" path="/Users/mohanganesh/AUVRA/.worktrees/auvra-mobile-ios/src/features/jobs/api.ts">
        <metrics statements="8" coveredstatements="0" conditionals="2" coveredconditionals="0" methods="5" coveredmethods="0"/>
        <line num="8" count="0" type="stmt"/>
        <line num="10" count="0" type="stmt"/>
        <line num="13" count="0" type="stmt"/>
        <line num="17" count="0" type="stmt"/>
        <line num="22" count="0" type="stmt"/>
        <line num="23" count="0" type="stmt"/>
        <line num="25" count="0" type="stmt"/>
        <line num="27" count="0" type="stmt"/>
      </file>
      <file name="jobState.ts" path="/Users/mohanganesh/AUVRA/.worktrees/auvra-mobile-ios/src/features/jobs/jobState.ts">
        <metrics statements="24" coveredstatements="20" conditionals="19" coveredconditionals="16" methods="6" coveredmethods="4"/>
        <line num="3" count="1" type="stmt"/>
        <line num="10" count="1" type="stmt"/>
        <line num="11" count="12" type="stmt"/>
        <line num="13" count="1" type="stmt"/>
        <line num="14" count="3" type="cond" truecount="2" falsecount="0"/>
        <line num="16" count="1" type="stmt"/>
        <line num="18" count="3" type="cond" truecount="2" falsecount="0"/>
        <line num="28" count="1" type="stmt"/>
        <line num="29" count="0" type="stmt"/>
        <line num="36" count="2" type="cond" truecount="2" falsecount="0"/>
        <line num="37" count="2" type="cond" truecount="1" falsecount="1"/>
        <line num="38" count="2" type="stmt"/>
        <line num="39" count="2" type="cond" truecount="2" falsecount="0"/>
        <line num="40" count="2" type="cond" truecount="2" falsecount="0"/>
        <line num="42" count="2" type="stmt"/>
        <line num="43" count="5" type="cond" truecount="1" falsecount="1"/>
        <line num="44" count="0" type="stmt"/>
        <line num="45" count="0" type="stmt"/>
        <line num="46" count="0" type="stmt"/>
        <line num="49" count="5" type="stmt"/>
        <line num="50" count="5" type="cond" truecount="2" falsecount="0"/>
        <line num="51" count="4" type="cond" truecount="2" falsecount="0"/>
        <line num="52" count="1" type="stmt"/>
        <line num="54" count="3" type="stmt"/>
      </file>
    </package>
    <package name="src.features.onboarding">
      <metrics statements="6" coveredstatements="0" conditionals="0" coveredconditionals="0" methods="3" coveredmethods="0"/>
      <file name="api.ts" path="/Users/mohanganesh/AUVRA/.worktrees/auvra-mobile-ios/src/features/onboarding/api.ts">
        <metrics statements="6" coveredstatements="0" conditionals="0" coveredconditionals="0" methods="3" coveredmethods="0"/>
        <line num="11" count="0" type="stmt"/>
        <line num="12" count="0" type="stmt"/>
        <line num="17" count="0" type="stmt"/>
        <line num="24" count="0" type="stmt"/>
        <line num="39" count="0" type="stmt"/>
        <line num="45" count="0" type="stmt"/>
      </file>
      <file name="index.ts" path="/Users/mohanganesh/AUVRA/.worktrees/auvra-mobile-ios/src/features/onboarding/index.ts">
        <metrics statements="0" coveredstatements="0" conditionals="0" coveredconditionals="0" methods="0" coveredmethods="0"/>
      </file>
    </package>
    <package name="src.features.onboarding.questionnaire">
      <metrics statements="220" coveredstatements="83" conditionals="231" coveredconditionals="78" methods="87" coveredmethods="28"/>
      <file name="QuestionnaireError.tsx" path="/Users/mohanganesh/AUVRA/.worktrees/auvra-mobile-ios/src/features/onboarding/questionnaire/QuestionnaireError.tsx">
        <metrics statements="1" coveredstatements="0" conditionals="0" coveredconditionals="0" methods="1" coveredmethods="0"/>
        <line num="14" count="0" type="stmt"/>
      </file>
      <file name="QuestionnairePrompt.tsx" path="/Users/mohanganesh/AUVRA/.worktrees/auvra-mobile-ios/src/features/onboarding/questionnaire/QuestionnairePrompt.tsx">
        <metrics statements="1" coveredstatements="0" conditionals="0" coveredconditionals="0" methods="1" coveredmethods="0"/>
        <line num="21" count="0" type="stmt"/>
      </file>
      <file name="QuestionnaireQuestionField.tsx" path="/Users/mohanganesh/AUVRA/.worktrees/auvra-mobile-ios/src/features/onboarding/questionnaire/QuestionnaireQuestionField.tsx">
        <metrics statements="39" coveredstatements="0" conditionals="74" coveredconditionals="0" methods="22" coveredmethods="0"/>
        <line num="23" count="0" type="stmt"/>
        <line num="26" count="0" type="cond" truecount="0" falsecount="4"/>
        <line num="27" count="0" type="stmt"/>
        <line num="28" count="0" type="cond" truecount="0" falsecount="2"/>
        <line num="31" count="0" type="cond" truecount="0" falsecount="2"/>
        <line num="35" count="0" type="stmt"/>
        <line num="36" count="0" type="cond" truecount="0" falsecount="4"/>
        <line num="37" count="0" type="stmt"/>
        <line num="38" count="0" type="cond" truecount="0" falsecount="2"/>
        <line num="39" count="0" type="cond" truecount="0" falsecount="2"/>
        <line num="44" count="0" type="stmt"/>
        <line num="45" count="0" type="cond" truecount="0" falsecount="4"/>
        <line num="49" count="0" type="stmt"/>
        <line num="53" count="0" type="stmt"/>
        <line num="54" count="0" type="stmt"/>
        <line num="55" count="0" type="cond" truecount="0" falsecount="2"/>
        <line num="56" count="0" type="stmt"/>
        <line num="57" count="0" type="stmt"/>
        <line num="58" count="0" type="stmt"/>
        <line num="61" count="0" type="stmt"/>
        <line num="68" count="0" type="stmt"/>
        <line num="71" count="0" type="stmt"/>
        <line num="85" count="0" type="cond" truecount="0" falsecount="4"/>
        <line num="93" count="0" type="cond" truecount="0" falsecount="2"/>
        <line num="94" count="0" type="cond" truecount="0" falsecount="2"/>
        <line num="95" count="0" type="cond" truecount="0" falsecount="2"/>
        <line num="96" count="0" type="stmt"/>
        <line num="109" count="0" type="stmt"/>
        <line num="110" count="0" type="stmt"/>
        <line num="114" count="0" type="stmt"/>
        <line num="115" count="0" type="cond" truecount="0" falsecount="2"/>
        <line num="121" count="0" type="stmt"/>
        <line num="122" count="0" type="cond" truecount="0" falsecount="4"/>
        <line num="126" count="0" type="cond" truecount="0" falsecount="2"/>
        <line num="127" count="0" type="stmt"/>
        <line num="128" count="0" type="cond" truecount="0" falsecount="2"/>
        <line num="132" count="0" type="stmt"/>
        <line num="133" count="0" type="cond" truecount="0" falsecount="4"/>
        <line num="137" count="0" type="cond" truecount="0" falsecount="4"/>
      </file>
      <file name="QuestionnaireScreenView.tsx" path="/Users/mohanganesh/AUVRA/.worktrees/auvra-mobile-ios/src/features/onboarding/questionnaire/QuestionnaireScreenView.tsx">
        <metrics statements="8" coveredstatements="0" conditionals="6" coveredconditionals="0" methods="4" coveredmethods="0"/>
        <line num="30" count="0" type="stmt"/>
        <line num="31" count="0" type="stmt"/>
        <line num="32" count="0" type="stmt"/>
        <line num="33" count="0" type="stmt"/>
        <line num="35" count="0" type="cond" truecount="0" falsecount="2"/>
        <line num="37" count="0" type="stmt"/>
        <line num="45" count="0" type="stmt"/>
        <line num="58" count="0" type="stmt"/>
      </file>
      <file name="assessmentMapper.ts" path="/Users/mohanganesh/AUVRA/.worktrees/auvra-mobile-ios/src/features/onboarding/questionnaire/assessmentMapper.ts">
        <metrics statements="46" coveredstatements="44" conditionals="39" coveredconditionals="33" methods="12" coveredmethods="11"/>
        <line num="7" count="1" type="stmt"/>
        <line num="13" count="1" type="stmt"/>
        <line num="18" count="1" type="stmt"/>
        <line num="25" count="1" type="stmt"/>
        <line num="31" count="1" type="stmt"/>
        <line num="39" count="1" type="stmt"/>
        <line num="44" count="1" type="stmt"/>
        <line num="45" count="1" type="stmt"/>
        <line num="46" count="1" type="stmt"/>
        <line num="47" count="1" type="stmt"/>
        <line num="49" count="1" type="stmt"/>
        <line num="51" count="1" type="stmt"/>
        <line num="52" count="31" type="cond" truecount="4" falsecount="0"/>
        <line num="54" count="1" type="stmt"/>
        <line num="55" count="12" type="cond" truecount="2" falsecount="0"/>
        <line num="57" count="1" type="stmt"/>
        <line num="61" count="10" type="stmt"/>
        <line num="62" count="10" type="cond" truecount="2" falsecount="2"/>
        <line num="67" count="1" type="stmt"/>
        <line num="68" count="16" type="cond" truecount="2" falsecount="0"/>
        <line num="69" count="3" type="stmt"/>
        <line num="72" count="5" type="stmt"/>
        <line num="73" count="5" type="stmt"/>
        <line num="77" count="3" type="cond" truecount="1" falsecount="1"/>
        <line num="80" count="1" type="stmt"/>
        <line num="84" count="10" type="stmt"/>
        <line num="85" count="0" type="stmt"/>
        <line num="87" count="10" type="cond" truecount="1" falsecount="1"/>
        <line num="90" count="1" type="stmt"/>
        <line num="94" count="6" type="cond" truecount="2" falsecount="0"/>
        <line num="95" count="6" type="stmt"/>
        <line num="96" count="6" type="stmt"/>
        <line num="97" count="5" type="stmt"/>
        <line num="103" count="6" type="cond" truecount="2" falsecount="0"/>
        <line num="106" count="1" type="stmt"/>
        <line num="107" count="2" type="stmt"/>
        <line num="108" count="2" type="cond" truecount="1" falsecount="1"/>
        <line num="109" count="2" type="stmt"/>
        <line num="110" count="2" type="cond" truecount="2" falsecount="0"/>
        <line num="111" count="1" type="stmt"/>
        <line num="112" count="1" type="stmt"/>
        <line num="113" count="1" type="cond" truecount="1" falsecount="1"/>
        <line num="118" count="0" type="stmt"/>
        <line num="120" count="1" type="stmt"/>
        <line num="128" count="2" type="cond" truecount="6" falsecount="0"/>
        <line num="135" count="2" type="stmt"/>
      </file>
      <file name="questionnaireData.ts" path="/Users/mohanganesh/AUVRA/.worktrees/auvra-mobile-ios/src/features/onboarding/questionnaire/questionnaireData.ts">
        <metrics statements="12" coveredstatements="3" conditionals="18" coveredconditionals="0" methods="5" coveredmethods="1"/>
        <line num="3" count="1" type="stmt"/>
        <line num="70" count="1" type="stmt"/>
        <line num="73" count="0" type="stmt"/>
        <line num="74" count="0" type="cond" truecount="0" falsecount="4"/>
        <line num="75" count="0" type="cond" truecount="0" falsecount="2"/>
        <line num="76" count="0" type="cond" truecount="0" falsecount="2"/>
        <line num="77" count="0" type="stmt"/>
        <line num="78" count="0" type="cond" truecount="0" falsecount="2"/>
        <line num="80" count="0" type="stmt"/>
        <line num="81" count="0" type="cond" truecount="0" falsecount="2"/>
        <line num="82" count="0" type="cond" truecount="0" falsecount="2"/>
        <line num="85" count="8" type="stmt"/>
      </file>
      <file name="questionnaireNavigation.ts" path="/Users/mohanganesh/AUVRA/.worktrees/auvra-mobile-ios/src/features/onboarding/questionnaire/questionnaireNavigation.ts">
[...]
        <line num="17" count="1" type="stmt"/>
        <line num="18" count="1" type="cond" truecount="1" falsecount="1"/>
        <line num="20" count="2" type="cond" truecount="1" falsecount="1"/>
        <line num="21" count="2" type="cond" truecount="1" falsecount="1"/>
        <line num="22" count="2" type="stmt"/>
        <line num="26" count="3" type="stmt"/>
        <line num="27" count="3" type="cond" truecount="1" falsecount="1"/>
        <line num="28" count="3" type="cond" truecount="1" falsecount="1"/>
        <line num="29" count="0" type="cond" truecount="0" falsecount="4"/>
        <line num="30" count="0" type="stmt"/>
        <line num="34" count="5" type="cond" truecount="2" falsecount="4"/>
        <line num="35" count="3" type="stmt"/>
        <line num="36" count="0" type="stmt"/>
        <line num="37" count="0" type="stmt"/>
        <line num="38" count="0" type="stmt"/>
        <line num="39" count="0" type="stmt"/>
        <line num="40" count="2" type="cond" truecount="2" falsecount="0"/>
      </file>
      <file name="questionnaireStyles.ts" path="/Users/mohanganesh/AUVRA/.worktrees/auvra-mobile-ios/src/features/onboarding/questionnaire/questionnaireStyles.ts">
        <metrics statements="1" coveredstatements="0" conditionals="0" coveredconditionals="0" methods="0" coveredmethods="0"/>
        <line num="5" count="0" type="stmt"/>
      </file>
      <file name="questionnaireValidation.ts" path="/Users/mohanganesh/AUVRA/.worktrees/auvra-mobile-ios/src/features/onboarding/questionnaire/questionnaireValidation.ts">
        <metrics statements="12" coveredstatements="12" conditionals="22" coveredconditionals="19" methods="7" coveredmethods="7"/>
        <line num="3" count="2" type="stmt"/>
        <line num="4" count="2" type="stmt"/>
        <line num="5" count="2" type="stmt"/>
        <line num="17" count="20" type="cond" truecount="4" falsecount="0"/>
        <line num="18" count="15" type="stmt"/>
        <line num="19" count="15" type="cond" truecount="4" falsecount="0"/>
        <line num="20" count="10" type="cond" truecount="6" falsecount="0"/>
        <line num="21" count="6" type="cond" truecount="1" falsecount="3"/>
        <line num="22" count="6" type="cond" truecount="2" falsecount="0"/>
        <line num="26" count="20" type="stmt"/>
        <line num="30" count="5" type="stmt"/>
        <line num="34" count="5" type="cond" truecount="2" falsecount="0"/>
      </file>
      <file name="types.ts" path="/Users/mohanganesh/AUVRA/.worktrees/auvra-mobile-ios/src/features/onboarding/questionnaire/types.ts">
        <metrics statements="0" coveredstatements="0" conditionals="0" coveredconditionals="0" methods="0" coveredmethods="0"/>
      </file>
      <file name="useQuestionnaireController.ts" path="/Users/mohanganesh/AUVRA/.worktrees/auvra-mobile-ios/src/features/onboarding/questionnaire/useQuestionnaireController.ts">
        <metrics statements="48" coveredstatements="0" conditionals="20" coveredconditionals="0" methods="14" coveredmethods="0"/>
        <line num="15" count="0" type="stmt"/>
        <line num="18" count="0" type="stmt"/>
        <line num="19" count="0" type="stmt"/>
        <line num="20" count="0" type="stmt"/>
        <line num="21" count="0" type="stmt"/>
        <line num="22" count="0" type="stmt"/>
        <line num="26" count="0" type="stmt"/>
        <line num="28" count="0" type="stmt"/>
        <line num="29" count="0" type="stmt"/>
        <line num="30" count="0" type="stmt"/>
        <line num="31" count="0" type="stmt"/>
        <line num="32" count="0" type="stmt"/>
        <line num="33" count="0" type="stmt"/>
        <line num="34" count="0" type="cond" truecount="0" falsecount="2"/>
        <line num="35" count="0" type="cond" truecount="0" falsecount="4"/>
        <line num="36" count="0" type="stmt"/>
        <line num="37" count="0" type="stmt"/>
        <line num="39" count="0" type="stmt"/>
        <line num="43" count="0" type="stmt"/>
        <line num="45" count="0" type="stmt"/>
        <line num="46" count="0" type="stmt"/>
        <line num="47" count="0" type="stmt"/>
        <line num="48" count="0" type="stmt"/>
        <line num="49" count="0" type="stmt"/>
        <line num="50" count="0" type="cond" truecount="0" falsecount="2"/>
        <line num="51" count="0" type="stmt"/>
        <line num="52" count="0" type="stmt"/>
        <line num="53" count="0" type="stmt"/>
        <line num="54" count="0" type="stmt"/>
        <line num="55" count="0" type="stmt"/>
        <line num="57" count="0" type="stmt"/>
        <line num="61" count="0" type="stmt"/>
        <line num="62" count="0" type="stmt"/>
        <line num="63" count="0" type="cond" truecount="0" falsecount="2"/>
        <line num="64" count="0" type="cond" truecount="0" falsecount="2"/>
        <line num="65" count="0" type="cond" truecount="0" falsecount="2"/>
        <line num="68" count="0" type="stmt"/>
        <line num="69" count="0" type="stmt"/>
        <line num="70" count="0" type="cond" truecount="0" falsecount="2"/>
        <line num="71" count="0" type="cond" truecount="0" falsecount="2"/>
        <line num="72" count="0" type="cond" truecount="0" falsecount="2"/>
        <line num="75" count="0" type="stmt"/>
        <line num="80" count="0" type="stmt"/>
        <line num="81" count="0" type="stmt"/>
        <line num="85" count="0" type="stmt"/>
        <line num="86" count="0" type="stmt"/>
        <line num="87" count="0" type="stmt"/>
        <line num="88" count="0" type="stmt"/>
      </file>
      <file name="useQuestionnaireDraft.ts" path="/Users/mohanganesh/AUVRA/.worktrees/auvra-mobile-ios/src/features/onboarding/questionnaire/useQuestionnaireDraft.ts">
        <metrics statements="22" coveredstatements="0" conditionals="10" coveredconditionals="0" methods="9" coveredmethods="0"/>
        <line num="16" count="0" type="stmt"/>
        <line num="17" count="0" type="stmt"/>
        <line num="19" count="0" type="stmt"/>
        <line num="20" count="0" type="stmt"/>
        <line num="21" count="0" type="stmt"/>
        <line num="24" count="0" type="stmt"/>
        <line num="25" count="0" type="cond" truecount="0" falsecount="2"/>
        <line num="28" count="0" type="stmt"/>
        <line num="29" count="0" type="cond" truecount="0" falsecount="2"/>
        <line num="30" count="0" type="stmt"/>
        <line num="31" count="0" type="cond" truecount="0" falsecount="2"/>
        <line num="32" count="0" type="cond" truecount="0" falsecount="2"/>
        <line num="33" count="0" type="stmt"/>
        <line num="34" count="0" type="stmt"/>
        <line num="35" count="0" type="stmt"/>
        <line num="36" count="0" type="stmt"/>
        <line num="40" count="0" type="stmt"/>
        <line num="41" count="0" type="stmt"/>
        <line num="42" count="0" type="cond" truecount="0" falsecount="2"/>
        <line num="43" count="0" type="stmt"/>
        <line num="44" count="0" type="stmt"/>
        <line num="47" count="0" type="stmt"/>
      </file>
    </package>
    <package name="src.features.personalize">
      <metrics statements="39" coveredstatements="10" conditionals="22" coveredconditionals="0" methods="21" coveredmethods="3"/>
      <file name="PersonalizeScreen.tsx" path="/Users/mohanganesh/AUVRA/.worktrees/auvra-mobile-ios/src/features/personalize/PersonalizeScreen.tsx">
        <metrics statements="19" coveredstatements="0" conditionals="22" coveredconditionals="0" methods="9" coveredmethods="0"/>
        <line num="23" count="0" type="stmt"/>
        <line num="25" count="0" type="stmt"/>
        <line num="26" count="0" type="cond" truecount="0" falsecount="2"/>
        <line num="27" count="0" type="cond" truecount="0" falsecount="2"/>
        <line num="29" count="0" type="stmt"/>
        <line num="32" count="0" type="stmt"/>
        <line num="41" count="0" type="stmt"/>
        <line num="51" count="0" type="stmt"/>
        <line num="52" count="0" type="stmt"/>
        <line num="57" count="0" type="stmt"/>
        <line num="78" count="0" type="stmt"/>
        <line num="79" count="0" type="stmt"/>
        <line num="81" count="0" type="cond" truecount="0" falsecount="2"/>
        <line num="83" count="0" type="stmt"/>
        <line num="97" count="0" type="stmt"/>
        <line num="99" count="0" type="stmt"/>
        <line num="100" count="0" type="stmt"/>
        <line num="103" count="0" type="cond" truecount="0" falsecount="2"/>
        <line num="104" count="0" type="stmt"/>
      </file>
      <file name="api.ts" path="/Users/mohanganesh/AUVRA/.worktrees/auvra-mobile-ios/src/features/personalize/api.ts">
        <metrics statements="19" coveredstatements="10" conditionals="0" coveredconditionals="0" methods="12" coveredmethods="3"/>
        <line num="16" count="1" type="stmt"/>
        <line num="18" count="0" type="stmt"/>
        <line num="19" count="0" type="stmt"/>
        <line num="23" count="1" type="stmt"/>
        <line num="26" count="1" type="stmt"/>
        <line num="31" count="1" type="stmt"/>
        <line num="35" count="1" type="stmt"/>
        <line num="40" count="1" type="stmt"/>
        <line num="44" count="1" type="stmt"/>
        <line num="46" count="1" type="stmt"/>
        <line num="47" count="0" type="stmt"/>
        <line num="49" count="0" type="stmt"/>
        <line num="53" count="1" type="stmt"/>
        <line num="54" count="0" type="stmt"/>
        <line num="56" count="0" type="stmt"/>
        <line num="59" count="1" type="stmt"/>
        <line num="60" count="0" type="stmt"/>
        <line num="62" count="0" type="stmt"/>
        <line num="64" count="0" type="stmt"/>
      </file>
      <file name="personalizeStyles.ts" path="/Users/mohanganesh/AUVRA/.worktrees/auvra-mobile-ios/src/features/personalize/personalizeStyles.ts">
        <metrics statements="1" coveredstatements="0" conditionals="0" coveredconditionals="0" methods="0" coveredmethods="0"/>
        <line num="3" count="0" type="stmt"/>
      </file>
    </package>
    <package name="src.features.plans">
      <metrics statements="50" coveredstatements="34" conditionals="14" coveredconditionals="9" methods="27" coveredmethods="14"/>
      <file name="api.ts" path="/Users/mohanganesh/AUVRA/.worktrees/auvra-mobile-ios/src/features/plans/api.ts">
        <metrics statements="27" coveredstatements="16" conditionals="2" coveredconditionals="1" methods="16" coveredmethods="5"/>
        <line num="20" count="1" type="stmt"/>
        <line num="22" count="0" type="stmt"/>
        <line num="23" count="0" type="stmt"/>
        <line num="26" count="1" type="stmt"/>
        <line num="27" count="0" type="stmt"/>
        <line num="30" count="1" type="stmt"/>
        <line num="34" count="1" type="stmt"/>
        <line num="39" count="1" type="stmt"/>
        <line num="42" count="0" type="stmt"/>
        <line num="46" count="3" type="stmt"/>
        <line num="50" count="1" type="stmt"/>
        <line num="57" count="1" type="stmt"/>
        <line num="68" count="1" type="stmt"/>
        <line num="74" count="1" type="stmt"/>
        <line num="81" count="1" type="stmt"/>
        <line num="87" count="1" type="stmt"/>
        <line num="94" count="1" type="stmt"/>
        <line num="97" count="0" type="stmt"/>
        <line num="101" count="1" type="stmt"/>
        <line num="105" count="0" type="stmt"/>
        <line num="110" count="1" type="stmt"/>
        <line num="111" count="0" type="stmt"/>
        <line num="113" count="0" type="stmt"/>
        <line num="116" count="1" type="stmt"/>
        <line num="117" count="0" type="stmt"/>
        <line num="119" count="0" type="stmt"/>
        <line num="120" count="0" type="stmt"/>
      </file>
      <file name="index.ts" path="/Users/mohanganesh/AUVRA/.worktrees/auvra-mobile-ios/src/features/plans/index.ts">
        <metrics statements="0" coveredstatements="0" conditionals="0" coveredconditionals="0" methods="0" coveredmethods="0"/>
      </file>
      <file name="localDate.ts" path="/Users/mohanganesh/AUVRA/.worktrees/auvra-mobile-ios/src/features/plans/localDate.ts">
        <metrics statements="11" coveredstatements="10" conditionals="6" coveredconditionals="4" methods="4" coveredmethods="4"/>
        <line num="3" count="3" type="stmt"/>
        <line num="9" count="3" type="stmt"/>
        <line num="10" count="27" type="stmt"/>
        <line num="11" count="3" type="stmt"/>
        <line num="12" count="3" type="stmt"/>
        <line num="13" count="3" type="stmt"/>
        <line num="14" count="3" type="cond" truecount="4" falsecount="1"/>
        <line num="15" count="0" type="stmt"/>
        <line num="16" count="3" type="stmt"/>
        <line num="20" count="1" type="stmt"/>
        <line num="24" count="2" type="stmt"/>
      </file>
      <file name="planReadiness.ts" path="/Users/mohanganesh/AUVRA/.worktrees/auvra-mobile-ios/src/features/plans/planReadiness.ts">
        <metrics statements="12" coveredstatements="8" conditionals="6" coveredconditionals="4" methods="7" coveredmethods="5"/>
        <line num="5" count="1" type="stmt"/>
        <line num="6" count="24" type="cond" truecount="2" falsecount="0"/>
        <line num="9" count="1" type="stmt"/>
        <line num="10" count="12" type="stmt"/>
        <line num="12" count="36" type="stmt"/>
        <line num="15" count="1" type="stmt"/>
        <line num="16" count="2" type="stmt"/>
        <line num="17" count="2" type="cond" truecount="2" falsecount="0"/>
        <line num="21" count="0" type="cond" truecount="0" falsecount="2"/>
        <line num="22" count="0" type="stmt"/>
        <line num="24" count="0" type="stmt"/>
        <line num="25" count="0" type="stmt"/>
      </file>
    </package>
    <package name="src.features.plans.components">
      <metrics statements="54" coveredstatements="6" conditionals="47" coveredconditionals="5" methods="30" coveredmethods="1"/>
      <file name="DailyReviewSheet.tsx" path="/Users/mohanganesh/AUVRA/.worktrees/auvra-mobile-ios/src/features/plans/components/DailyReviewSheet.tsx">
        <metrics statements="14" coveredstatements="0" conditionals="12" coveredconditionals="0" methods="12" coveredmethods="0"/>
        <line num="29" count="0" type="stmt"/>
        <line num="31" count="0" type="stmt"/>
        <line num="32" count="0" type="cond" truecount="0" falsecount="2"/>
        <line num="36" count="0" type="stmt"/>
        <line num="38" count="0" type="stmt"/>
        <line num="39" count="0" type="cond" truecount="0" falsecount="2"/>
        <line num="41" count="0" type="stmt"/>
        <line num="47" count="0" type="stmt"/>
        <line num="57" count="0" type="stmt"/>
        <line num="70" count="0" type="stmt"/>
        <line num="71" count="0" type="stmt"/>
        <line num="95" count="0" type="stmt"/>
        <line num="98" count="0" type="stmt"/>
        <line num="101" count="0" type="stmt"/>
      </file>
      <file name="PlanImage.tsx" path="/Users/mohanganesh/AUVRA/.worktrees/auvra-mobile-ios/src/features/plans/components/PlanImage.tsx">
        <metrics statements="33" coveredstatements="6" conditionals="29" coveredconditionals="5" methods="11" coveredmethods="1"/>
        <line num="7" count="2" type="stmt"/>
        <line num="18" count="5" type="stmt"/>
        <line num="19" count="5" type="cond" truecount="5" falsecount="0"/>
        <line num="20" count="4" type="stmt"/>
        <line num="22" count="1" type="stmt"/>
        <line num="39" count="0" type="stmt"/>
        <line num="40" count="0" type="cond" truecount="0" falsecount="2"/>
        <line num="41" count="0" type="stmt"/>
        <line num="56" count="0" type="stmt"/>
        <line num="57" count="0" type="stmt"/>
        <line num="58" count="0" type="cond" truecount="0" falsecount="2"/>
        <line num="60" count="0" type="stmt"/>
        <line num="61" count="0" type="stmt"/>
        <line num="62" count="0" type="stmt"/>
        <line num="63" count="0" type="stmt"/>
        <line num="64" count="0" type="stmt"/>
        <line num="65" count="0" type="cond" truecount="0" falsecount="4"/>
        <line num="66" count="0" type="stmt"/>
        <line num="67" count="0" type="stmt"/>
        <line num="68" count="0" type="stmt"/>
        <line num="71" count="0" type="stmt"/>
        <line num="72" count="0" type="cond" truecount="0" falsecount="2"/>
        <line num="74" count="0" type="cond" truecount="0" falsecount="2"/>
        <line num="75" count="0" type="stmt"/>
        <line num="76" count="0" type="stmt"/>
        <line num="79" count="0" type="stmt"/>
        <line num="80" count="0" type="stmt"/>
        <line num="84" count="0" type="stmt"/>
        <line num="86" count="0" type="stmt"/>
        <line num="97" count="0" type="cond" truecount="0" falsecount="2"/>
        <line num="98" count="0" type="stmt"/>
        <line num="99" count="0" type="stmt"/>
        <line num="108" count="2" type="stmt"/>
      </file>
      <file name="V2PlanSection.tsx" path="/Users/mohanganesh/AUVRA/.worktrees/auvra-mobile-ios/src/features/plans/components/V2PlanSection.tsx">
        <metrics statements="7" coveredstatements="0" conditionals="6" coveredconditionals="0" methods="7" coveredmethods="0"/>
        <line num="36" count="0" type="stmt"/>
        <line num="52" count="0" type="stmt"/>
        <line num="85" count="0" type="stmt"/>
        <line num="95" count="0" type="stmt"/>
        <line num="98" count="0" type="stmt"/>
        <line num="104" count="0" type="stmt"/>
        <line num="107" count="0" type="stmt"/>
      </file>
    </package>
    <package name="src.features.progress">
      <metrics statements="26" coveredstatements="7" conditionals="24" coveredconditionals="0" methods="15" coveredmethods="2"/>
      <file name="ProgressScreen.tsx" path="/Users/mohanganesh/AUVRA/.worktrees/auvra-mobile-ios/src/features/progress/ProgressScreen.tsx">
        <metrics statements="12" coveredstatements="0" conditionals="24" coveredconditionals="0" methods="7" coveredmethods="0"/>
        <line num="15" count="0" type="stmt"/>
        <line num="16" count="0" type="stmt"/>
        <line num="24" count="0" type="cond" truecount="0" falsecount="4"/>
        <line num="30" count="0" type="stmt"/>
        <line num="39" count="0" type="stmt"/>
        <line num="40" count="0" type="stmt"/>
        <line num="41" count="0" type="stmt"/>
        <line num="43" count="0" type="stmt"/>
        <line num="50" count="0" type="stmt"/>
        <line num="54" count="0" type="stmt"/>
        <line num="99" count="0" type="stmt"/>
        <line num="119" count="0" type="stmt"/>
      </file>
      <file name="api.ts" path="/Users/mohanganesh/AUVRA/.worktrees/auvra-mobile-ios/src/features/progress/api.ts">
        <metrics statements="13" coveredstatements="7" conditionals="0" coveredconditionals="0" methods="8" coveredmethods="2"/>
        <line num="11" count="1" type="stmt"/>
        <line num="13" count="0" type="stmt"/>
        <line num="14" count="0" type="stmt"/>
        <line num="17" count="1" type="stmt"/>
        <line num="21" count="1" type="stmt"/>
        <line num="23" count="1" type="stmt"/>
        <line num="24" count="1" type="stmt"/>
        <line num="26" count="1" type="stmt"/>
        <line num="27" count="0" type="stmt"/>
        <line num="29" count="0" type="stmt"/>
        <line num="32" count="1" type="stmt"/>
        <line num="33" count="0" type="stmt"/>
        <line num="35" count="0" type="stmt"/>
      </file>
      <file name="progressStyles.ts" path="/Users/mohanganesh/AUVRA/.worktrees/auvra-mobile-ios/src/features/progress/progressStyles.ts">
        <metrics statements="1" coveredstatements="0" conditionals="0" coveredconditionals="0" methods="0" coveredmethods="0"/>
        <line num="3" count="0" type="stmt"/>
      </file>
    </package>
  </project>
</coverage>
