{"/Users/mohanganesh/AUVRA/.worktrees/auvra-mobile-ios/services/authService.ts": {"path":"/Users/mohanganesh/AUVRA/.worktrees/auvra-mobile-ios/services/authService.ts","statementMap":{"0":{"start":{"line":18,"column":4},"end":{"line":18,"column":59}},"1":{"start":{"line":22,"column":4},"end":{"line":22,"column":32}},"2":{"start":{"line":26,"column":16},"end":{"line":26,"column":45}},"3":{"start":{"line":27,"column":4},"end":{"line":27,"column":23}},"4":{"start":{"line":30,"column":4},"end":{"line":34,"column":5}},"5":{"start":{"line":31,"column":6},"end":{"line":31,"column":26}},"6":{"start":{"line":33,"column":6},"end":{"line":33,"column":27}},"7":{"start":{"line":37,"column":4},"end":{"line":37,"column":38}},"8":{"start":{"line":39,"column":4},"end":{"line":41,"column":5}},"9":{"start":{"line":40,"column":6},"end":{"line":40,"column":25}},"10":{"start":{"line":45,"column":4},"end":{"line":45,"column":24}},"11":{"start":{"line":49,"column":20},"end":{"line":49,"column":37}}},"fnMap":{"0":{"name":"(anonymous_0)","decl":{"start":{"line":17,"column":2},"end":{"line":17,"column":3}},"loc":{"start":{"line":17,"column":82},"end":{"line":19,"column":3}},"line":17},"1":{"name":"(anonymous_1)","decl":{"start":{"line":21,"column":2},"end":{"line":21,"column":3}},"loc":{"start":{"line":21,"column":48},"end":{"line":23,"column":3}},"line":21},"2":{"name":"(anonymous_2)","decl":{"start":{"line":25,"column":2},"end":{"line":25,"column":3}},"loc":{"start":{"line":25,"column":32},"end":{"line":42,"column":3}},"line":25},"3":{"name":"(anonymous_3)","decl":{"start":{"line":44,"column":2},"end":{"line":44,"column":3}},"loc":{"start":{"line":44,"column":36},"end":{"line":46,"column":3}},"line":44}},"branchMap":{"0":{"loc":{"start":{"line":18,"column":29},"end":{"line":18,"column":57}},"type":"cond-expr","locations":[{"start":{"line":18,"column":45},"end":{"line":18,"column":50}},{"start":{"line":18,"column":53},"end":{"line":18,"column":57}}],"line":18},"1":{"loc":{"start":{"line":26,"column":16},"end":{"line":26,"column":45}},"type":"binary-expr","locations":[{"start":{"line":26,"column":16},"end":{"line":26,"column":37}},{"start":{"line":26,"column":41},"end":{"line":26,"column":45}}],"line":26},"2":{"loc":{"start":{"line":39,"column":4},"end":{"line":41,"column":5}},"type":"if","locations":[{"start":{"line":39,"column":4},"end":{"line":41,"column":5}},{"start":{},"end":{}}],"line":39}},"s":{"0":0,"1":0,"2":0,"3":0,"4":0,"5":0,"6":0,"7":0,"8":0,"9":0,"10":0,"11":0},"f":{"0":0,"1":0,"2":0,"3":0},"b":{"0":[0,0],"1":[0,0],"2":[0,0]}}
,"/Users/mohanganesh/AUVRA/.worktrees/auvra-mobile-ios/services/sessionService.ts": {"path":"/Users/mohanganesh/AUVRA/.worktrees/auvra-mobile-ios/services/sessionService.ts","statementMap":{"0":{"start":{"line":31,"column":16},"end":{"line":31,"column":52}},"1":{"start":{"line":32,"column":27},"end":{"line":32,"column":65}},"2":{"start":{"line":36,"column":29},"end":{"line":36,"column":75}},"3":{"start":{"line":37,"column":29},"end":{"line":40,"column":95}},"4":{"start":{"line":38,"column":2},"end":{"line":40,"column":95}},"5":{"start":{"line":39,"column":47},"end":{"line":39,"column":85}},"6":{"start":{"line":40,"column":52},"end":{"line":40,"column":64}},"7":{"start":{"line":42,"column":22},"end":{"line":49,"column":1}},"8":{"start":{"line":43,"column":2},"end":{"line":43,"column":77}},"9":{"start":{"line":43,"column":28},"end":{"line":43,"column":77}},"10":{"start":{"line":44,"column":2},"end":{"line":47,"column":3}},"11":{"start":{"line":45,"column":19},"end":{"line":45,"column":51}},"12":{"start":{"line":46,"column":4},"end":{"line":46,"column":124}},"13":{"start":{"line":46,"column":55},"end":{"line":46,"column":109}},"14":{"start":{"line":48,"column":2},"end":{"line":48,"column":31}},"15":{"start":{"line":51,"column":26},"end":{"line":58,"column":1}},"16":{"start":{"line":52,"column":13},"end":{"line":52,"column":26}},"17":{"start":{"line":53,"column":2},"end":{"line":56,"column":3}},"18":{"start":{"line":54,"column":4},"end":{"line":54,"column":31}},"19":{"start":{"line":55,"column":4},"end":{"line":55,"column":39}},"20":{"start":{"line":57,"column":2},"end":{"line":57,"column":52}},"21":{"start":{"line":60,"column":33},"end":{"line":61,"column":66}},"22":{"start":{"line":61,"column":2},"end":{"line":61,"column":66}},"23":{"start":{"line":68,"column":43},"end":{"line":68,"column":47}},"24":{"start":{"line":69,"column":55},"end":{"line":69,"column":59}},"25":{"start":{"line":70,"column":101},"end":{"line":70,"column":105}},"26":{"start":{"line":73,"column":22},"end":{"line":73,"column":54}},"27":{"start":{"line":74,"column":4},"end":{"line":74,"column":52}},"28":{"start":{"line":74,"column":19},"end":{"line":74,"column":52}},"29":{"start":{"line":75,"column":4},"end":{"line":77,"column":5}},"30":{"start":{"line":76,"column":6},"end":{"line":76,"column":34}},"31":{"start":{"line":78,"column":19},"end":{"line":78,"column":52}},"32":{"start":{"line":79,"column":4},"end":{"line":79,"column":57}},"33":{"start":{"line":79,"column":17},"end":{"line":79,"column":57}},"34":{"start":{"line":80,"column":4},"end":{"line":80,"column":18}},"35":{"start":{"line":84,"column":4},"end":{"line":84,"column":48}},"36":{"start":{"line":84,"column":25},"end":{"line":84,"column":48}},"37":{"start":{"line":85,"column":18},"end":{"line":85,"column":71}},"38":{"start":{"line":86,"column":4},"end":{"line":86,"column":28}},"39":{"start":{"line":86,"column":16},"end":{"line":86,"column":28}},"40":{"start":{"line":87,"column":4},"end":{"line":91,"column":6}},"41":{"start":{"line":92,"column":4},"end":{"line":92,"column":27}},"42":{"start":{"line":96,"column":4},"end":{"line":96,"column":33}},"43":{"start":{"line":96,"column":26},"end":{"line":96,"column":33}},"44":{"start":{"line":97,"column":4},"end":{"line":103,"column":7}},"45":{"start":{"line":107,"column":4},"end":{"line":107,"column":53}},"46":{"start":{"line":111,"column":4},"end":{"line":111,"column":58}},"47":{"start":{"line":116,"column":19},"end":{"line":116,"column":38}},"48":{"start":{"line":117,"column":4},"end":{"line":117,"column":93}},"49":{"start":{"line":117,"column":17},"end":{"line":117,"column":93}},"50":{"start":{"line":118,"column":4},"end":{"line":120,"column":5}},"51":{"start":{"line":119,"column":6},"end":{"line":119,"column":84}},"52":{"start":{"line":121,"column":21},"end":{"line":121,"column":112}},"53":{"start":{"line":121,"column":68},"end":{"line":121,"column":110}},"54":{"start":{"line":122,"column":4},"end":{"line":128,"column":5}},"55":{"start":{"line":124,"column":41},"end":{"line":124,"column":58}},"56":{"start":{"line":125,"column":34},"end":{"line":125,"column":108}},"57":{"start":{"line":127,"column":6},"end":{"line":127,"column":83}},"58":{"start":{"line":131,"column":4},"end":{"line":131,"column":67}},"59":{"start":{"line":131,"column":53},"end":{"line":131,"column":64}},"60":{"start":{"line":135,"column":19},"end":{"line":135,"column":38}},"61":{"start":{"line":136,"column":4},"end":{"line":136,"column":59}},"62":{"start":{"line":136,"column":52},"end":{"line":136,"column":59}},"63":{"start":{"line":137,"column":4},"end":{"line":137,"column":34}},"64":{"start":{"line":141,"column":21},"end":{"line":141,"column":40}},"65":{"start":{"line":142,"column":4},"end":{"line":144,"column":5}},"66":{"start":{"line":143,"column":6},"end":{"line":143,"column":128}},"67":{"start":{"line":145,"column":25},"end":{"line":145,"column":72}},"68":{"start":{"line":146,"column":4},"end":{"line":153,"column":5}},"69":{"start":{"line":147,"column":6},"end":{"line":147,"column":46}},"70":{"start":{"line":148,"column":6},"end":{"line":152,"column":8}},"71":{"start":{"line":154,"column":20},"end":{"line":154,"column":65}},"72":{"start":{"line":155,"column":27},"end":{"line":160,"column":5}},"73":{"start":{"line":161,"column":4},"end":{"line":161,"column":44}},"74":{"start":{"line":162,"column":4},"end":{"line":162,"column":47}},"75":{"start":{"line":163,"column":4},"end":{"line":163,"column":34}},"76":{"start":{"line":164,"column":4},"end":{"line":164,"column":124}},"77":{"start":{"line":168,"column":17},"end":{"line":168,"column":36}},"78":{"start":{"line":169,"column":4},"end":{"line":169,"column":78}},"79":{"start":{"line":169,"column":19},"end":{"line":169,"column":46}},"80":{"start":{"line":169,"column":47},"end":{"line":169,"column":76}},"81":{"start":{"line":170,"column":4},"end":{"line":170,"column":30}},"82":{"start":{"line":170,"column":17},"end":{"line":170,"column":30}},"83":{"start":{"line":171,"column":26},"end":{"line":171,"column":58}},"84":{"start":{"line":172,"column":4},"end":{"line":172,"column":57}},"85":{"start":{"line":172,"column":44},"end":{"line":172,"column":57}},"86":{"start":{"line":173,"column":21},"end":{"line":173,"column":78}},"87":{"start":{"line":174,"column":20},"end":{"line":178,"column":14}},"88":{"start":{"line":179,"column":21},"end":{"line":179,"column":50}},"89":{"start":{"line":180,"column":21},"end":{"line":186,"column":5}},"90":{"start":{"line":187,"column":4},"end":{"line":187,"column":86}},"91":{"start":{"line":188,"column":4},"end":{"line":188,"column":41}},"92":{"start":{"line":189,"column":4},"end":{"line":189,"column":16}},"93":{"start":{"line":194,"column":19},"end":{"line":194,"column":38}},"94":{"start":{"line":195,"column":4},"end":{"line":195,"column":77}},"95":{"start":{"line":195,"column":64},"end":{"line":195,"column":77}},"96":{"start":{"line":196,"column":22},"end":{"line":196,"column":32}},"97":{"start":{"line":197,"column":4},"end":{"line":219,"column":5}},"98":{"start":{"line":201,"column":6},"end":{"line":206,"column":8}},"99":{"start":{"line":207,"column":26},"end":{"line":207,"column":36}},"100":{"start":{"line":208,"column":20},"end":{"line":213,"column":8}},"101":{"start":{"line":214,"column":6},"end":{"line":214,"column":80}},"102":{"start":{"line":214,"column":18},"end":{"line":214,"column":80}},"103":{"start":{"line":215,"column":6},"end":{"line":215,"column":18}},"104":{"start":{"line":218,"column":6},"end":{"line":218,"column":18}},"105":{"start":{"line":228,"column":4},"end":{"line":228,"column":54}},"106":{"start":{"line":228,"column":41},"end":{"line":228,"column":54}},"107":{"start":{"line":229,"column":19},"end":{"line":229,"column":38}},"108":{"start":{"line":230,"column":4},"end":{"line":230,"column":51}},"109":{"start":{"line":230,"column":38},"end":{"line":230,"column":51}},"110":{"start":{"line":231,"column":16},"end":{"line":231,"column":86}},"111":{"start":{"line":232,"column":24},"end":{"line":232,"column":34}},"112":{"start":{"line":233,"column":18},"end":{"line":238,"column":6}},"113":{"start":{"line":239,"column":4},"end":{"line":239,"column":88}},"114":{"start":{"line":239,"column":16},"end":{"line":239,"column":88}},"115":{"start":{"line":240,"column":4},"end":{"line":240,"column":70}},"116":{"start":{"line":241,"column":4},"end":{"line":241,"column":32}},"117":{"start":{"line":242,"column":4},"end":{"line":242,"column":33}},"118":{"start":{"line":243,"column":4},"end":{"line":243,"column":27}},"119":{"start":{"line":244,"column":4},"end":{"line":244,"column":40}},"120":{"start":{"line":245,"column":4},"end":{"line":245,"column":44}},"121":{"start":{"line":246,"column":4},"end":{"line":246,"column":16}},"122":{"start":{"line":251,"column":19},"end":{"line":251,"column":38}},"123":{"start":{"line":252,"column":4},"end":{"line":252,"column":63}},"124":{"start":{"line":256,"column":4},"end":{"line":256,"column":40}},"125":{"start":{"line":256,"column":27},"end":{"line":256,"column":40}},"126":{"start":{"line":257,"column":30},"end":{"line":260,"column":6}},"127":{"start":{"line":261,"column":4},"end":{"line":261,"column":65}},"128":{"start":{"line":265,"column":4},"end":{"line":265,"column":32}},"129":{"start":{"line":266,"column":4},"end":{"line":266,"column":33}},"130":{"start":{"line":267,"column":4},"end":{"line":267,"column":27}},"131":{"start":{"line":268,"column":4},"end":{"line":268,"column":40}},"132":{"start":{"line":269,"column":4},"end":{"line":269,"column":44}},"133":{"start":{"line":270,"column":4},"end":{"line":270,"column":36}},"134":{"start":{"line":271,"column":4},"end":{"line":271,"column":47}},"135":{"start":{"line":274,"column":41},"end":{"line":274,"column":77}},"136":{"start":{"line":275,"column":56},"end":{"line":275,"column":131}},"137":{"start":{"line":277,"column":4},"end":{"line":277,"column":33}},"138":{"start":{"line":278,"column":4},"end":{"line":278,"column":27}},"139":{"start":{"line":279,"column":4},"end":{"line":279,"column":32}},"140":{"start":{"line":280,"column":4},"end":{"line":280,"column":40}},"141":{"start":{"line":281,"column":4},"end":{"line":281,"column":44}},"142":{"start":{"line":282,"column":4},"end":{"line":282,"column":64}},"143":{"start":{"line":285,"column":19},"end":{"line":285,"column":38}},"144":{"start":{"line":286,"column":23},"end":{"line":286,"column":71}},"145":{"start":{"line":287,"column":4},"end":{"line":287,"column":45}},"146":{"start":{"line":287,"column":32},"end":{"line":287,"column":45}},"147":{"start":{"line":288,"column":18},"end":{"line":290,"column":5}},"148":{"start":{"line":289,"column":52},"end":{"line":289,"column":108}},"149":{"start":{"line":291,"column":4},"end":{"line":291,"column":36}},"150":{"start":{"line":291,"column":23},"end":{"line":291,"column":36}},"151":{"start":{"line":292,"column":43},"end":{"line":292,"column":92}},"152":{"start":{"line":293,"column":20},"end":{"line":297,"column":14}},"153":{"start":{"line":298,"column":21},"end":{"line":304,"column":5}},"154":{"start":{"line":305,"column":4},"end":{"line":305,"column":92}},"155":{"start":{"line":306,"column":4},"end":{"line":306,"column":41}},"156":{"start":{"line":307,"column":4},"end":{"line":307,"column":16}},"157":{"start":{"line":309,"column":52},"end":{"line":309,"column":64}}},"fnMap":{"0":{"name":"(anonymous_0)","decl":{"start":{"line":37,"column":29},"end":{"line":37,"column":30}},"loc":{"start":{"line":38,"column":2},"end":{"line":40,"column":95}},"line":38},"1":{"name":"(anonymous_1)","decl":{"start":{"line":39,"column":25},"end":{"line":39,"column":26}},"loc":{"start":{"line":39,"column":47},"end":{"line":39,"column":85}},"line":39},"2":{"name":"(anonymous_2)","decl":{"start":{"line":40,"column":30},"end":{"line":40,"column":31}},"loc":{"start":{"line":40,"column":52},"end":{"line":40,"column":64}},"line":40},"3":{"name":"(anonymous_3)","decl":{"start":{"line":42,"column":22},"end":{"line":42,"column":23}},"loc":{"start":{"line":42,"column":50},"end":{"line":49,"column":1}},"line":42},"4":{"name":"(anonymous_4)","decl":{"start":{"line":46,"column":46},"end":{"line":46,"column":47}},"loc":{"start":{"line":46,"column":55},"end":{"line":46,"column":109}},"line":46},"5":{"name":"(anonymous_5)","decl":{"start":{"line":51,"column":26},"end":{"line":51,"column":27}},"loc":{"start":{"line":51,"column":54},"end":{"line":58,"column":1}},"line":51},"6":{"name":"(anonymous_6)","decl":{"start":{"line":60,"column":33},"end":{"line":60,"column":34}},"loc":{"start":{"line":61,"column":2},"end":{"line":61,"column":66}},"line":61},"7":{"name":"(anonymous_7)","decl":{"start":{"line":72,"column":2},"end":{"line":72,"column":3}},"loc":{"start":{"line":72,"column":49},"end":{"line":81,"column":3}},"line":72},"8":{"name":"(anonymous_8)","decl":{"start":{"line":83,"column":2},"end":{"line":83,"column":3}},"loc":{"start":{"line":83,"column":133},"end":{"line":93,"column":3}},"line":83},"9":{"name":"(anonymous_9)","decl":{"start":{"line":95,"column":2},"end":{"line":95,"column":3}},"loc":{"start":{"line":95,"column":65},"end":{"line":104,"column":3}},"line":95},"10":{"name":"(anonymous_10)","decl":{"start":{"line":106,"column":2},"end":{"line":106,"column":3}},"loc":{"start":{"line":106,"column":47},"end":{"line":108,"column":3}},"line":106},"11":{"name":"(anonymous_11)","decl":{"start":{"line":110,"column":2},"end":{"line":110,"column":3}},"loc":{"start":{"line":110,"column":61},"end":{"line":112,"column":3}},"line":110},"12":{"name":"(anonymous_12)","decl":{"start":{"line":115,"column":2},"end":{"line":115,"column":3}},"loc":{"start":{"line":115,"column":70},"end":{"line":132,"column":3}},"line":115},"13":{"name":"(anonymous_13)","decl":{"start":{"line":121,"column":58},"end":{"line":121,"column":59}},"loc":{"start":{"line":121,"column":68},"end":{"line":121,"column":110}},"line":121},"14":{"name":"(anonymous_14)","decl":{"start":{"line":124,"column":31},"end":{"line":124,"column":32}},"loc":{"start":{"line":124,"column":41},"end":{"line":124,"column":58}},"line":124},"15":{"name":"(anonymous_15)","decl":{"start":{"line":125,"column":24},"end":{"line":125,"column":25}},"loc":{"start":{"line":125,"column":34},"end":{"line":125,"column":108}},"line":125},"16":{"name":"(anonymous_16)","decl":{"start":{"line":131,"column":42},"end":{"line":131,"column":43}},"loc":{"start":{"line":131,"column":53},"end":{"line":131,"column":64}},"line":131},"17":{"name":"(anonymous_17)","decl":{"start":{"line":134,"column":2},"end":{"line":134,"column":3}},"loc":{"start":{"line":134,"column":56},"end":{"line":138,"column":3}},"line":134},"18":{"name":"(anonymous_18)","decl":{"start":{"line":140,"column":2},"end":{"line":140,"column":3}},"loc":{"start":{"line":140,"column":53},"end":{"line":165,"column":3}},"line":140},"19":{"name":"(anonymous_19)","decl":{"start":{"line":167,"column":2},"end":{"line":167,"column":3}},"loc":{"start":{"line":167,"column":97},"end":{"line":190,"column":3}},"line":167},"20":{"name":"(anonymous_20)","decl":{"start":{"line":193,"column":2},"end":{"line":193,"column":3}},"loc":{"start":{"line":193,"column":69},"end":{"line":220,"column":3}},"line":193},"21":{"name":"(anonymous_21)","decl":{"start":{"line":227,"column":2},"end":{"line":227,"column":3}},"loc":{"start":{"line":227,"column":43},"end":{"line":247,"column":3}},"line":227},"22":{"name":"(anonymous_22)","decl":{"start":{"line":250,"column":2},"end":{"line":250,"column":3}},"loc":{"start":{"line":250,"column":53},"end":{"line":253,"column":3}},"line":250},"23":{"name":"(anonymous_23)","decl":{"start":{"line":255,"column":2},"end":{"line":255,"column":3}},"loc":{"start":{"line":255,"column":61},"end":{"line":262,"column":3}},"line":255},"24":{"name":"(anonymous_24)","decl":{"start":{"line":264,"column":2},"end":{"line":264,"column":3}},"loc":{"start":{"line":264,"column":38},"end":{"line":272,"column":3}},"line":264},"25":{"name":"(anonymous_25)","decl":{"start":{"line":274,"column":2},"end":{"line":274,"column":3}},"loc":{"start":{"line":274,"column":39},"end":{"line":274,"column":79}},"line":274},"26":{"name":"(anonymous_26)","decl":{"start":{"line":275,"column":2},"end":{"line":275,"column":3}},"loc":{"start":{"line":275,"column":54},"end":{"line":275,"column":133}},"line":275},"27":{"name":"(anonymous_27)","decl":{"start":{"line":276,"column":2},"end":{"line":276,"column":3}},"loc":{"start":{"line":276,"column":32},"end":{"line":283,"column":3}},"line":276},"28":{"name":"(anonymous_28)","decl":{"start":{"line":284,"column":2},"end":{"line":284,"column":3}},"loc":{"start":{"line":284,"column":80},"end":{"line":308,"column":3}},"line":284},"29":{"name":"(anonymous_29)","decl":{"start":{"line":289,"column":6},"end":{"line":289,"column":7}},"loc":{"start":{"line":289,"column":52},"end":{"line":289,"column":108}},"line":289},"30":{"name":"(anonymous_30)","decl":{"start":{"line":309,"column":2},"end":{"line":309,"column":3}},"loc":{"start":{"line":309,"column":50},"end":{"line":309,"column":66}},"line":309}},"branchMap":{"0":{"loc":{"start":{"line":38,"column":2},"end":{"line":40,"column":95}},"type":"binary-expr","locations":[{"start":{"line":38,"column":2},"end":{"line":38,"column":26}},{"start":{"line":39,"column":5},"end":{"line":39,"column":99}},{"start":{"line":40,"column":5},"end":{"line":40,"column":95}}],"line":38},"1":{"loc":{"start":{"line":43,"column":2},"end":{"line":43,"column":77}},"type":"if","locations":[{"start":{"line":43,"column":2},"end":{"line":43,"column":77}},{"start":{},"end":{}}],"line":43},"2":{"loc":{"start":{"line":44,"column":2},"end":{"line":47,"column":3}},"type":"if","locations":[{"start":{"line":44,"column":2},"end":{"line":47,"column":3}},{"start":{},"end":{}}],"line":44},"3":{"loc":{"start":{"line":44,"column":6},"end":{"line":44,"column":40}},"type":"binary-expr","locations":[{"start":{"line":44,"column":6},"end":{"line":44,"column":11}},{"start":{"line":44,"column":15},"end":{"line":44,"column":40}}],"line":44},"4":{"loc":{"start":{"line":74,"column":4},"end":{"line":74,"column":52}},"type":"if","locations":[{"start":{"line":74,"column":4},"end":{"line":74,"column":52}},{"start":{},"end":{}}],"line":74},"5":{"loc":{"start":{"line":75,"column":4},"end":{"line":77,"column":5}},"type":"if","locations":[{"start":{"line":75,"column":4},"end":{"line":77,"column":5}},{"start":{},"end":{}}],"line":75},"6":{"loc":{"start":{"line":75,"column":8},"end":{"line":75,"column":103}},"type":"binary-expr","locations":[{"start":{"line":75,"column":8},"end":{"line":75,"column":18}},{"start":{"line":75,"column":22},"end":{"line":75,"column":42}},{"start":{"line":75,"column":46},"end":{"line":75,"column":103}}],"line":75},"7":{"loc":{"start":{"line":78,"column":19},"end":{"line":78,"column":52}},"type":"binary-expr","locations":[{"start":{"line":78,"column":19},"end":{"line":78,"column":28}},{"start":{"line":78,"column":32},"end":{"line":78,"column":52}}],"line":78},"8":{"loc":{"start":{"line":79,"column":4},"end":{"line":79,"column":57}},"type":"if","locations":[{"start":{"line":79,"column":4},"end":{"line":79,"column":57}},{"start":{},"end":{}}],"line":79},"9":{"loc":{"start":{"line":84,"column":4},"end":{"line":84,"column":48}},"type":"if","locations":[{"start":{"line":84,"column":4},"end":{"line":84,"column":48}},{"start":{},"end":{}}],"line":84},"10":{"loc":{"start":{"line":86,"column":4},"end":{"line":86,"column":28}},"type":"if","locations":[{"start":{"line":86,"column":4},"end":{"line":86,"column":28}},{"start":{},"end":{}}],"line":86},"11":{"loc":{"start":{"line":96,"column":4},"end":{"line":96,"column":33}},"type":"if","locations":[{"start":{"line":96,"column":4},"end":{"line":96,"column":33}},{"start":{},"end":{}}],"line":96},"12":{"loc":{"start":{"line":107,"column":11},"end":{"line":107,"column":52}},"type":"binary-expr","locations":[{"start":{"line":107,"column":11},"end":{"line":107,"column":44}},{"start":{"line":107,"column":48},"end":{"line":107,"column":52}}],"line":107},"13":{"loc":{"start":{"line":111,"column":11},"end":{"line":111,"column":57}},"type":"binary-expr","locations":[{"start":{"line":111,"column":11},"end":{"line":111,"column":51}},{"start":{"line":111,"column":55},"end":{"line":111,"column":57}}],"line":111},"14":{"loc":{"start":{"line":117,"column":4},"end":{"line":117,"column":93}},"type":"if","locations":[{"start":{"line":117,"column":4},"end":{"line":117,"column":93}},{"start":{},"end":{}}],"line":117},"15":{"loc":{"start":{"line":118,"column":4},"end":{"line":120,"column":5}},"type":"if","locations":[{"start":{"line":118,"column":4},"end":{"line":120,"column":5}},{"start":{},"end":{}}],"line":118},"16":{"loc":{"start":{"line":122,"column":4},"end":{"line":128,"column":5}},"type":"if","locations":[{"start":{"line":122,"column":4},"end":{"line":128,"column":5}},{"start":{},"end":{}}],"line":122},"17":{"loc":{"start":{"line":123,"column":6},"end":{"line":125,"column":109}},"type":"binary-expr","locations":[{"start":{"line":123,"column":6},"end":{"line":123,"column":58}},{"start":{"line":124,"column":9},"end":{"line":124,"column":86}},{"start":{"line":125,"column":9},"end":{"line":125,"column":109}}],"line":123},"18":{"loc":{"start":{"line":125,"column":34},"end":{"line":125,"column":108}},"type":"binary-expr","locations":[{"start":{"line":125,"column":34},"end":{"line":125,"column":91}},{"start":{"line":125,"column":95},"end":{"line":125,"column":108}}],"line":125},"19":{"loc":{"start":{"line":136,"column":4},"end":{"line":136,"column":59}},"type":"if","locations":[{"start":{"line":136,"column":4},"end":{"line":136,"column":59}},{"start":{},"end":{}}],"line":136},"20":{"loc":{"start":{"line":136,"column":8},"end":{"line":136,"column":50}},"type":"binary-expr","locations":[{"start":{"line":136,"column":8},"end":{"line":136,"column":15}},{"start":{"line":136,"column":19},"end":{"line":136,"column":50}}],"line":136},"21":{"loc":{"start":{"line":142,"column":4},"end":{"line":144,"column":5}},"type":"if","locations":[{"start":{"line":142,"column":4},"end":{"line":144,"column":5}},{"start":{},"end":{}}],"line":142},"22":{"loc":{"start":{"line":146,"column":4},"end":{"line":153,"column":5}},"type":"if","locations":[{"start":{"line":146,"column":4},"end":{"line":153,"column":5}},{"start":{},"end":{}}],"line":146},"23":{"loc":{"start":{"line":167,"column":51},"end":{"line":167,"column":77}},"type":"default-arg","locations":[{"start":{"line":167,"column":75},"end":{"line":167,"column":77}}],"line":167},"24":{"loc":{"start":{"line":169,"column":4},"end":{"line":169,"column":78}},"type":"if","locations":[{"start":{"line":169,"column":4},"end":{"line":169,"column":78}},{"start":{},"end":{}}],"line":169},"25":{"loc":{"start":{"line":170,"column":4},"end":{"line":170,"column":30}},"type":"if","locations":[{"start":{"line":170,"column":4},"end":{"line":170,"column":30}},{"start":{},"end":{}}],"line":170},"26":{"loc":{"start":{"line":172,"column":4},"end":{"line":172,"column":57}},"type":"if","locations":[{"start":{"line":172,"column":4},"end":{"line":172,"column":57}},{"start":{},"end":{}}],"line":172},"27":{"loc":{"start":{"line":173,"column":21},"end":{"line":173,"column":78}},"type":"binary-expr","locations":[{"start":{"line":173,"column":21},"end":{"line":173,"column":69}},{"start":{"line":173,"column":73},"end":{"line":173,"column":78}}],"line":173},"28":{"loc":{"start":{"line":179,"column":21},"end":{"line":179,"column":50}},"type":"binary-expr","locations":[{"start":{"line":179,"column":21},"end":{"line":179,"column":45}},{"start":{"line":179,"column":49},"end":{"line":179,"column":50}}],"line":179},"29":{"loc":{"start":{"line":195,"column":4},"end":{"line":195,"column":77}},"type":"if","locations":[{"start":{"line":195,"column":4},"end":{"line":195,"column":77}},{"start":{},"end":{}}],"line":195},"30":{"loc":{"start":{"line":195,"column":8},"end":{"line":195,"column":62}},"type":"binary-expr","locations":[{"start":{"line":195,"column":8},"end":{"line":195,"column":15}},{"start":{"line":195,"column":19},"end":{"line":195,"column":36}},{"start":{"line":195,"column":40},"end":{"line":195,"column":62}}],"line":195},"31":{"loc":{"start":{"line":214,"column":6},"end":{"line":214,"column":80}},"type":"if","locations":[{"start":{"line":214,"column":6},"end":{"line":214,"column":80}},{"start":{},"end":{}}],"line":214},"32":{"loc":{"start":{"line":228,"column":4},"end":{"line":228,"column":54}},"type":"if","locations":[{"start":{"line":228,"column":4},"end":{"line":228,"column":54}},{"start":{},"end":{}}],"line":228},"33":{"loc":{"start":{"line":230,"column":4},"end":{"line":230,"column":51}},"type":"if","locations":[{"start":{"line":230,"column":4},"end":{"line":230,"column":51}},{"start":{},"end":{}}],"line":230},"34":{"loc":{"start":{"line":230,"column":8},"end":{"line":230,"column":36}},"type":"binary-expr","locations":[{"start":{"line":230,"column":8},"end":{"line":230,"column":15}},{"start":{"line":230,"column":19},"end":{"line":230,"column":36}}],"line":230},"35":{"loc":{"start":{"line":239,"column":4},"end":{"line":239,"column":88}},"type":"if","locations":[{"start":{"line":239,"column":4},"end":{"line":239,"column":88}},{"start":{},"end":{}}],"line":239},"36":{"loc":{"start":{"line":252,"column":19},"end":{"line":252,"column":61}},"type":"binary-expr","locations":[{"start":{"line":252,"column":19},"end":{"line":252,"column":25}},{"start":{"line":252,"column":29},"end":{"line":252,"column":61}}],"line":252},"37":{"loc":{"start":{"line":256,"column":4},"end":{"line":256,"column":40}},"type":"if","locations":[{"start":{"line":256,"column":4},"end":{"line":256,"column":40}},{"start":{},"end":{}}],"line":256},"38":{"loc":{"start":{"line":261,"column":11},"end":{"line":261,"column":64}},"type":"binary-expr","locations":[{"start":{"line":261,"column":11},"end":{"line":261,"column":30}},{"start":{"line":261,"column":34},"end":{"line":261,"column":64}}],"line":261},"39":{"loc":{"start":{"line":275,"column":63},"end":{"line":275,"column":130}},"type":"binary-expr","locations":[{"start":{"line":275,"column":63},"end":{"line":275,"column":91}},{"start":{"line":275,"column":95},"end":{"line":275,"column":130}}],"line":275},"40":{"loc":{"start":{"line":282,"column":33},"end":{"line":282,"column":62}},"type":"binary-expr","locations":[{"start":{"line":282,"column":33},"end":{"line":282,"column":54}},{"start":{"line":282,"column":58},"end":{"line":282,"column":62}}],"line":282},"41":{"loc":{"start":{"line":286,"column":23},"end":{"line":286,"column":71}},"type":"cond-expr","locations":[{"start":{"line":286,"column":32},"end":{"line":286,"column":64}},{"start":{"line":286,"column":67},"end":{"line":286,"column":71}}],"line":286},"42":{"loc":{"start":{"line":287,"column":4},"end":{"line":287,"column":45}},"type":"if","locations":[{"start":{"line":287,"column":4},"end":{"line":287,"column":45}},{"start":{},"end":{}}],"line":287},"43":{"loc":{"start":{"line":287,"column":8},"end":{"line":287,"column":30}},"type":"binary-expr","locations":[{"start":{"line":287,"column":8},"end":{"line":287,"column":15}},{"start":{"line":287,"column":19},"end":{"line":287,"column":30}}],"line":287},"44":{"loc":{"start":{"line":289,"column":52},"end":{"line":289,"column":108}},"type":"binary-expr","locations":[{"start":{"line":289,"column":52},"end":{"line":289,"column":67}},{"start":{"line":289,"column":71},"end":{"line":289,"column":87}},{"start":{"line":289,"column":91},"end":{"line":289,"column":108}}],"line":289},"45":{"loc":{"start":{"line":291,"column":4},"end":{"line":291,"column":36}},"type":"if","locations":[{"start":{"line":291,"column":4},"end":{"line":291,"column":36}},{"start":{},"end":{}}],"line":291}},"s":{"0":0,"1":0,"2":0,"3":0,"4":0,"5":0,"6":0,"7":0,"8":0,"9":0,"10":0,"11":0,"12":0,"13":0,"14":0,"15":0,"16":0,"17":0,"18":0,"19":0,"20":0,"21":0,"22":0,"23":0,"24":0,"25":0,"26":0,"27":0,"28":0,"29":0,"30":0,"31":0,"32":0,"33":0,"34":0,"35":0,"36":0,"37":0,"38":0,"39":0,"40":0,"41":0,"42":0,"43":0,"44":0,"45":0,"46":0,"47":0,"48":0,"49":0,"50":0,"51":0,"52":0,"53":0,"54":0,"55":0,"56":0,"57":0,"58":0,"59":0,"60":0,"61":0,"62":0,"63":0,"64":0,"65":0,"66":0,"67":0,"68":0,"69":0,"70":0,"71":0,"72":0,"73":0,"74":0,"75":0,"76":0,"77":0,"78":0,"79":0,"80":0,"81":0,"82":0,"83":0,"84":0,"85":0,"86":0,"87":0,"88":0,"89":0,"90":0,"91":0,"92":0,"93":0,"94":0,"95":0,"96":0,"97":0,"98":0,"99":0,"100":0,"101":0,"102":0,"103":0,"104":0,"105":0,"106":0,"107":0,"108":0,"109":0,"110":0,"111":0,"112":0,"113":0,"114":0,"115":0,"116":0,"117":0,"118":0,"119":0,"120":0,"121":0,"122":0,"123":0,"124":0,"125":0,"126":0,"127":0,"128":0,"129":0,"130":0,"131":0,"132":0,"133":0,"134":0,"135":0,"136":0,"137":0,"138":0,"139":0,"140":0,"141":0,"142":0,"143":0,"144":0,"145":0,"146":0,"147":0,"148":0,"149":0,"150":0,"151":0,"152":0,"153":0,"154":0,"155":0,"156":0,"157":0},"f":{"0":0,"1":0,"2":0,"3":0,"4":0,"5":0,"6":0,"7":0,"8":0,"9":0,"10":0,"11":0,"12":0,"13":0,"14":0,"15":0,"16":0,"17":0,"18":0,"19":0,"20":0,"21":0,"22":0,"23":0,"24":0,"25":0,"26":0,"27":0,"28":0,"29":0,"30":0},"b":{"0":[0,0,0],"1":[0,0],"2":[0,0],"3":[0,0],"4":[0,0],"5":[0,0],"6":[0,0,0],"7":[0,0],"8":[0,0],"9":[0,0],"10":[0,0],"11":[0,0],"12":[0,0],"13":[0,0],"14":[0,0],"15":[0,0],"16":[0,0],"17":[0,0,0],"18":[0,0],"19":[0,0],"20":[0,0],"21":[0,0],"22":[0,0],"23":[0],"24":[0,0],"25":[0,0],"26":[0,0],"27":[0,0],"28":[0,0],"29":[0,0],"30":[0,0,0],"31":[0,0],"32":[0,0],"33":[0,0],"34":[0,0],"35":[0,0],"36":[0,0],"37":[0,0],"38":[0,0],"39":[0,0],"40":[0,0],"41":[0,0],"42":[0,0],"43":[0,0],"44":[0,0,0],"45":[0,0]}}
,"/Users/mohanganesh/AUVRA/.worktrees/auvra-mobile-ios/src/core/api/client.ts": {"path":"/Users/mohanganesh/AUVRA/.worktrees/auvra-mobile-ios/src/core/api/client.ts","statementMap":{"0":{"start":{"line":29,"column":25},"end":{"line":29,"column":68}},"1":{"start":{"line":32,"column":59},"end":{"line":32,"column":69}},"2":{"start":{"line":34,"column":31},"end":{"line":39,"column":1}},"3":{"start":{"line":35,"column":2},"end":{"line":37,"column":3}},"4":{"start":{"line":36,"column":4},"end":{"line":36,"column":92}},"5":{"start":{"line":38,"column":2},"end":{"line":38,"column":14}},"6":{"start":{"line":41,"column":19},"end":{"line":45,"column":1}},"7":{"start":{"line":42,"column":16},"end":{"line":42,"column":44}},"8":{"start":{"line":43,"column":2},"end":{"line":43,"column":28}},"9":{"start":{"line":44,"column":2},"end":{"line":44,"column":15}},"10":{"start":{"line":56,"column":4},"end":{"line":56,"column":76}},"11":{"start":{"line":57,"column":4},"end":{"line":57,"column":47}},"12":{"start":{"line":58,"column":4},"end":{"line":58,"column":68}},"13":{"start":{"line":59,"column":4},"end":{"line":59,"column":87}},"14":{"start":{"line":60,"column":4},"end":{"line":60,"column":67}},"15":{"start":{"line":61,"column":4},"end":{"line":61,"column":63}},"16":{"start":{"line":68,"column":25},"end":{"line":68,"column":53}},"17":{"start":{"line":69,"column":19},"end":{"line":69,"column":42}},"18":{"start":{"line":70,"column":26},"end":{"line":70,"column":55}},"19":{"start":{"line":71,"column":20},"end":{"line":71,"column":48}},"20":{"start":{"line":72,"column":23},"end":{"line":72,"column":44}},"21":{"start":{"line":73,"column":19},"end":{"line":73,"column":24}},"22":{"start":{"line":75,"column":4},"end":{"line":75,"column":46}},"23":{"start":{"line":76,"column":4},"end":{"line":76,"column":57}},"24":{"start":{"line":78,"column":4},"end":{"line":80,"column":5}},"25":{"start":{"line":79,"column":6},"end":{"line":79,"column":54}},"26":{"start":{"line":82,"column":4},"end":{"line":84,"column":5}},"27":{"start":{"line":83,"column":6},"end":{"line":83,"column":93}},"28":{"start":{"line":86,"column":4},"end":{"line":97,"column":5}},"29":{"start":{"line":87,"column":20},"end":{"line":87,"column":48}},"30":{"start":{"line":88,"column":6},"end":{"line":95,"column":7}},"31":{"start":{"line":89,"column":8},"end":{"line":94,"column":11}},"32":{"start":{"line":96,"column":6},"end":{"line":96,"column":54}},"33":{"start":{"line":99,"column":28},"end":{"line":99,"column":52}},"34":{"start":{"line":99,"column":34},"end":{"line":99,"column":52}},"35":{"start":{"line":100,"column":4},"end":{"line":102,"column":5}},"36":{"start":{"line":101,"column":6},"end":{"line":101,"column":25}},"37":{"start":{"line":103,"column":4},"end":{"line":103,"column":79}},"38":{"start":{"line":105,"column":22},"end":{"line":108,"column":50}},"39":{"start":{"line":106,"column":6},"end":{"line":106,"column":22}},"40":{"start":{"line":107,"column":6},"end":{"line":107,"column":25}},"41":{"start":{"line":110,"column":4},"end":{"line":139,"column":5}},"42":{"start":{"line":111,"column":23},"end":{"line":119,"column":7}},"43":{"start":{"line":121,"column":6},"end":{"line":123,"column":7}},"44":{"start":{"line":122,"column":8},"end":{"line":122,"column":71}},"45":{"start":{"line":124,"column":6},"end":{"line":126,"column":7}},"46":{"start":{"line":125,"column":8},"end":{"line":125,"column":38}},"47":{"start":{"line":127,"column":6},"end":{"line":127,"column":50}},"48":{"start":{"line":129,"column":6},"end":{"line":131,"column":7}},"49":{"start":{"line":130,"column":8},"end":{"line":130,"column":20}},"50":{"start":{"line":132,"column":6},"end":{"line":134,"column":7}},"51":{"start":{"line":133,"column":8},"end":{"line":133,"column":27}},"52":{"start":{"line":135,"column":6},"end":{"line":135,"column":58}},"53":{"start":{"line":137,"column":6},"end":{"line":137,"column":30}},"54":{"start":{"line":138,"column":6},"end":{"line":138,"column":68}},"55":{"start":{"line":143,"column":37},"end":{"line":144,"column":99}},"56":{"start":{"line":144,"column":2},"end":{"line":144,"column":99}}},"fnMap":{"0":{"name":"(anonymous_0)","decl":{"start":{"line":34,"column":31},"end":{"line":34,"column":32}},"loc":{"start":{"line":34,"column":57},"end":{"line":39,"column":1}},"line":34},"1":{"name":"(anonymous_1)","decl":{"start":{"line":41,"column":19},"end":{"line":41,"column":20}},"loc":{"start":{"line":41,"column":32},"end":{"line":45,"column":1}},"line":41},"2":{"name":"(anonymous_2)","decl":{"start":{"line":55,"column":2},"end":{"line":55,"column":3}},"loc":{"start":{"line":55,"column":46},"end":{"line":62,"column":3}},"line":55},"3":{"name":"(anonymous_3)","decl":{"start":{"line":64,"column":2},"end":{"line":64,"column":3}},"loc":{"start":{"line":67,"column":24},"end":{"line":140,"column":3}},"line":67},"4":{"name":"(anonymous_4)","decl":{"start":{"line":99,"column":28},"end":{"line":99,"column":29}},"loc":{"start":{"line":99,"column":34},"end":{"line":99,"column":52}},"line":99},"5":{"name":"(anonymous_5)","decl":{"start":{"line":105,"column":33},"end":{"line":105,"column":34}},"loc":{"start":{"line":105,"column":39},"end":{"line":108,"column":5}},"line":105},"6":{"name":"(anonymous_6)","decl":{"start":{"line":143,"column":37},"end":{"line":143,"column":38}},"loc":{"start":{"line":144,"column":2},"end":{"line":144,"column":99}},"line":144}},"branchMap":{"0":{"loc":{"start":{"line":35,"column":2},"end":{"line":37,"column":3}},"type":"if","locations":[{"start":{"line":35,"column":2},"end":{"line":37,"column":3}},{"start":{},"end":{}}],"line":35},"1":{"loc":{"start":{"line":35,"column":6},"end":{"line":35,"column":78}},"type":"binary-expr","locations":[{"start":{"line":35,"column":6},"end":{"line":35,"column":27}},{"start":{"line":35,"column":31},"end":{"line":35,"column":52}},{"start":{"line":35,"column":56},"end":{"line":35,"column":78}}],"line":35},"2":{"loc":{"start":{"line":55,"column":14},"end":{"line":55,"column":44}},"type":"default-arg","locations":[{"start":{"line":55,"column":42},"end":{"line":55,"column":44}}],"line":55},"3":{"loc":{"start":{"line":56,"column":20},"end":{"line":56,"column":54}},"type":"binary-expr","locations":[{"start":{"line":56,"column":20},"end":{"line":56,"column":35}},{"start":{"line":56,"column":39},"end":{"line":56,"column":54}}],"line":56},"4":{"loc":{"start":{"line":58,"column":31},"end":{"line":58,"column":67}},"type":"binary-expr","locations":[{"start":{"line":58,"column":31},"end":{"line":58,"column":58}},{"start":{"line":58,"column":62},"end":{"line":58,"column":67}}],"line":58},"5":{"loc":{"start":{"line":59,"column":33},"end":{"line":59,"column":86}},"type":"binary-expr","locations":[{"start":{"line":59,"column":33},"end":{"line":59,"column":62}},{"start":{"line":59,"column":66},"end":{"line":59,"column":86}}],"line":59},"6":{"loc":{"start":{"line":60,"column":28},"end":{"line":60,"column":66}},"type":"binary-expr","locations":[{"start":{"line":60,"column":28},"end":{"line":60,"column":52}},{"start":{"line":60,"column":56},"end":{"line":60,"column":66}}],"line":60},"7":{"loc":{"start":{"line":61,"column":28},"end":{"line":61,"column":62}},"type":"binary-expr","locations":[{"start":{"line":61,"column":28},"end":{"line":61,"column":52}},{"start":{"line":61,"column":56},"end":{"line":61,"column":62}}],"line":61},"8":{"loc":{"start":{"line":66,"column":4},"end":{"line":66,"column":42}},"type":"default-arg","locations":[{"start":{"line":66,"column":40},"end":{"line":66,"column":42}}],"line":66},"9":{"loc":{"start":{"line":69,"column":19},"end":{"line":69,"column":42}},"type":"binary-expr","locations":[{"start":{"line":69,"column":19},"end":{"line":69,"column":33}},{"start":{"line":69,"column":37},"end":{"line":69,"column":42}}],"line":69},"10":{"loc":{"start":{"line":70,"column":26},"end":{"line":70,"column":55}},"type":"binary-expr","locations":[{"start":{"line":70,"column":26},"end":{"line":70,"column":47}},{"start":{"line":70,"column":51},"end":{"line":70,"column":55}}],"line":70},"11":{"loc":{"start":{"line":78,"column":4},"end":{"line":80,"column":5}},"type":"if","locations":[{"start":{"line":78,"column":4},"end":{"line":80,"column":5}},{"start":{},"end":{}}],"line":78},"12":{"loc":{"start":{"line":82,"column":4},"end":{"line":84,"column":5}},"type":"if","locations":[{"start":{"line":82,"column":4},"end":{"line":84,"column":5}},{"start":{},"end":{}}],"line":82},"13":{"loc":{"start":{"line":83,"column":37},"end":{"line":83,"column":91}},"type":"binary-expr","locations":[{"start":{"line":83,"column":37},"end":{"line":83,"column":59}},{"start":{"line":83,"column":63},"end":{"line":83,"column":91}}],"line":83},"14":{"loc":{"start":{"line":86,"column":4},"end":{"line":97,"column":5}},"type":"if","locations":[{"start":{"line":86,"column":4},"end":{"line":97,"column":5}},{"start":{},"end":{}}],"line":86},"15":{"loc":{"start":{"line":88,"column":6},"end":{"line":95,"column":7}},"type":"if","locations":[{"start":{"line":88,"column":6},"end":{"line":95,"column":7}},{"start":{},"end":{}}],"line":88},"16":{"loc":{"start":{"line":100,"column":4},"end":{"line":102,"column":5}},"type":"if","locations":[{"start":{"line":100,"column":4},"end":{"line":102,"column":5}},{"start":{},"end":{}}],"line":100},"17":{"loc":{"start":{"line":108,"column":7},"end":{"line":108,"column":49}},"type":"binary-expr","locations":[{"start":{"line":108,"column":7},"end":{"line":108,"column":24}},{"start":{"line":108,"column":28},"end":{"line":108,"column":49}}],"line":108},"18":{"loc":{"start":{"line":116,"column":16},"end":{"line":116,"column":85}},"type":"cond-expr","locations":[{"start":{"line":116,"column":45},"end":{"line":116,"column":54}},{"start":{"line":116,"column":57},"end":{"line":116,"column":85}}],"line":116},"19":{"loc":{"start":{"line":121,"column":6},"end":{"line":123,"column":7}},"type":"if","locations":[{"start":{"line":121,"column":6},"end":{"line":123,"column":7}},{"start":{},"end":{}}],"line":121},"20":{"loc":{"start":{"line":124,"column":6},"end":{"line":126,"column":7}},"type":"if","locations":[{"start":{"line":124,"column":6},"end":{"line":126,"column":7}},{"start":{},"end":{}}],"line":124},"21":{"loc":{"start":{"line":129,"column":6},"end":{"line":131,"column":7}},"type":"if","locations":[{"start":{"line":129,"column":6},"end":{"line":131,"column":7}},{"start":{},"end":{}}],"line":129},"22":{"loc":{"start":{"line":132,"column":6},"end":{"line":134,"column":7}},"type":"if","locations":[{"start":{"line":132,"column":6},"end":{"line":134,"column":7}},{"start":{},"end":{}}],"line":132},"23":{"loc":{"start":{"line":132,"column":10},"end":{"line":132,"column":46}},"type":"binary-expr","locations":[{"start":{"line":132,"column":10},"end":{"line":132,"column":33}},{"start":{"line":132,"column":37},"end":{"line":132,"column":46}}],"line":132},"24":{"loc":{"start":{"line":144,"column":2},"end":{"line":144,"column":99}},"type":"binary-expr","locations":[{"start":{"line":144,"column":2},"end":{"line":144,"column":22}},{"start":{"line":144,"column":26},"end":{"line":144,"column":48}},{"start":{"line":144,"column":52},"end":{"line":144,"column":74}},{"start":{"line":144,"column":78},"end":{"line":144,"column":99}}],"line":144}},"s":{"0":4,"1":4,"2":4,"3":5,"4":1,"5":4,"6":4,"7":0,"8":0,"9":0,"10":5,"11":5,"12":5,"13":5,"14":5,"15":5,"16":5,"17":4,"18":4,"19":4,"20":4,"21":4,"22":4,"23":4,"24":4,"25":2,"26":4,"27":2,"28":4,"29":4,"30":4,"31":1,"32":3,"33":3,"34":0,"35":3,"36":0,"37":3,"38":3,"39":0,"40":0,"41":3,"42":3,"43":3,"44":1,"45":2,"46":0,"47":2,"48":1,"49":1,"50":0,"51":0,"52":0,"53":3,"54":3,"55":4,"56":0},"f":{"0":5,"1":0,"2":5,"3":5,"4":0,"5":0,"6":0},"b":{"0":[1,4],"1":[5,4,4],"2":[0],"3":[5,0],"4":[5,0],"5":[5,3],"6":[5,4],"7":[5,5],"8":[3],"9":[4,2],"10":[4,4],"11":[2,2],"12":[2,2],"13":[2,1],"14":[4,0],"15":[1,3],"16":[0,3],"17":[3,3],"18":[1,2],"19":[1,2],"20":[0,2],"21":[1,0],"22":[0,0],"23":[0,0],"24":[0,0,0,0]},"_coverageSchema":"1a1c01bbd47fc00a2c39e90264f33305004495a9","hash":"2030c02a8332f1cb7649012c0ef464a5b95c1c9a"}
,"/Users/mohanganesh/AUVRA/.worktrees/auvra-mobile-ios/src/core/api/config.ts": {"path":"/Users/mohanganesh/AUVRA/.worktrees/auvra-mobile-ios/src/core/api/config.ts","statementMap":{"0":{"start":{"line":11,"column":21},"end":{"line":11,"column":30}},"1":{"start":{"line":12,"column":27},"end":{"line":12,"column":49}},"2":{"start":{"line":14,"column":29},"end":{"line":14,"column":73}},"3":{"start":{"line":14,"column":48},"end":{"line":14,"column":73}},"4":{"start":{"line":16,"column":23},"end":{"line":17,"column":75}},"5":{"start":{"line":17,"column":2},"end":{"line":17,"column":75}},"6":{"start":{"line":31,"column":21},"end":{"line":31,"column":42}},"7":{"start":{"line":33,"column":2},"end":{"line":38,"column":3}},"8":{"start":{"line":34,"column":4},"end":{"line":36,"column":5}},"9":{"start":{"line":35,"column":6},"end":{"line":35,"column":78}},"10":{"start":{"line":37,"column":4},"end":{"line":37,"column":56}},"11":{"start":{"line":41,"column":2},"end":{"line":45,"column":3}},"12":{"start":{"line":42,"column":4},"end":{"line":42,"column":30}},"13":{"start":{"line":44,"column":4},"end":{"line":44,"column":76}},"14":{"start":{"line":47,"column":2},"end":{"line":49,"column":3}},"15":{"start":{"line":48,"column":4},"end":{"line":48,"column":67}},"16":{"start":{"line":50,"column":2},"end":{"line":52,"column":3}},"17":{"start":{"line":51,"column":4},"end":{"line":51,"column":73}},"18":{"start":{"line":53,"column":2},"end":{"line":55,"column":3}},"19":{"start":{"line":54,"column":4},"end":{"line":54,"column":95}},"20":{"start":{"line":57,"column":19},"end":{"line":57,"column":53}},"21":{"start":{"line":58,"column":2},"end":{"line":60,"column":3}},"22":{"start":{"line":59,"column":4},"end":{"line":59,"column":87}},"23":{"start":{"line":62,"column":27},"end":{"line":62,"column":75}},"24":{"start":{"line":63,"column":2},"end":{"line":63,"column":46}},"25":{"start":{"line":66,"column":24},"end":{"line":71,"column":1}},"26":{"start":{"line":67,"column":2},"end":{"line":69,"column":3}},"27":{"start":{"line":68,"column":4},"end":{"line":68,"column":23}},"28":{"start":{"line":70,"column":2},"end":{"line":70,"column":19}},"29":{"start":{"line":73,"column":29},"end":{"line":79,"column":4}},"30":{"start":{"line":74,"column":2},"end":{"line":79,"column":4}}},"fnMap":{"0":{"name":"(anonymous_0)","decl":{"start":{"line":14,"column":29},"end":{"line":14,"column":30}},"loc":{"start":{"line":14,"column":48},"end":{"line":14,"column":73}},"line":14},"1":{"name":"(anonymous_1)","decl":{"start":{"line":16,"column":23},"end":{"line":16,"column":24}},"loc":{"start":{"line":17,"column":2},"end":{"line":17,"column":75}},"line":17},"2":{"name":"resolveApiBaseUrl","decl":{"start":{"line":26,"column":16},"end":{"line":26,"column":33}},"loc":{"start":{"line":30,"column":37},"end":{"line":64,"column":1}},"line":30},"3":{"name":"(anonymous_3)","decl":{"start":{"line":66,"column":24},"end":{"line":66,"column":25}},"loc":{"start":{"line":66,"column":43},"end":{"line":71,"column":1}},"line":66},"4":{"name":"(anonymous_4)","decl":{"start":{"line":73,"column":29},"end":{"line":73,"column":30}},"loc":{"start":{"line":74,"column":2},"end":{"line":79,"column":4}},"line":74}},"branchMap":{"0":{"loc":{"start":{"line":17,"column":2},"end":{"line":17,"column":75}},"type":"cond-expr","locations":[{"start":{"line":17,"column":27},"end":{"line":17,"column":49}},{"start":{"line":17,"column":52},"end":{"line":17,"column":75}}],"line":17},"1":{"loc":{"start":{"line":33,"column":2},"end":{"line":38,"column":3}},"type":"if","locations":[{"start":{"line":33,"column":2},"end":{"line":38,"column":3}},{"start":{},"end":{}}],"line":33},"2":{"loc":{"start":{"line":34,"column":4},"end":{"line":36,"column":5}},"type":"if","locations":[{"start":{"line":34,"column":4},"end":{"line":36,"column":5}},{"start":{},"end":{}}],"line":34},"3":{"loc":{"start":{"line":47,"column":2},"end":{"line":49,"column":3}},"type":"if","locations":[{"start":{"line":47,"column":2},"end":{"line":49,"column":3}},{"start":{},"end":{}}],"line":47},"4":{"loc":{"start":{"line":47,"column":6},"end":{"line":47,"column":59}},"type":"binary-expr","locations":[{"start":{"line":47,"column":6},"end":{"line":47,"column":30}},{"start":{"line":47,"column":34},"end":{"line":47,"column":59}}],"line":47},"5":{"loc":{"start":{"line":50,"column":2},"end":{"line":52,"column":3}},"type":"if","locations":[{"start":{"line":50,"column":2},"end":{"line":52,"column":3}},{"start":{},"end":{}}],"line":50},"6":{"loc":{"start":{"line":50,"column":6},"end":{"line":50,"column":47}},"type":"binary-expr","locations":[{"start":{"line":50,"column":6},"end":{"line":50,"column":18}},{"start":{"line":50,"column":22},"end":{"line":50,"column":47}}],"line":50},"7":{"loc":{"start":{"line":53,"column":2},"end":{"line":55,"column":3}},"type":"if","locations":[{"start":{"line":53,"column":2},"end":{"line":55,"column":3}},{"start":{},"end":{}}],"line":53},"8":{"loc":{"start":{"line":53,"column":6},"end":{"line":53,"column":60}},"type":"binary-expr","locations":[{"start":{"line":53,"column":6},"end":{"line":53,"column":18}},{"start":{"line":53,"column":22},"end":{"line":53,"column":34}},{"start":{"line":53,"column":38},"end":{"line":53,"column":48}},{"start":{"line":53,"column":52},"end":{"line":53,"column":60}}],"line":53},"9":{"loc":{"start":{"line":58,"column":2},"end":{"line":60,"column":3}},"type":"if","locations":[{"start":{"line":58,"column":2},"end":{"line":60,"column":3}},{"start":{},"end":{}}],"line":58},"10":{"loc":{"start":{"line":67,"column":2},"end":{"line":69,"column":3}},"type":"if","locations":[{"start":{"line":67,"column":2},"end":{"line":69,"column":3}},{"start":{},"end":{}}],"line":67},"11":{"loc":{"start":{"line":67,"column":6},"end":{"line":67,"column":81}},"type":"binary-expr","locations":[{"start":{"line":67,"column":6},"end":{"line":67,"column":31}},{"start":{"line":67,"column":35},"end":{"line":67,"column":56}},{"start":{"line":67,"column":60},"end":{"line":67,"column":81}}],"line":67},"12":{"loc":{"start":{"line":78,"column":6},"end":{"line":78,"column":84}},"type":"cond-expr","locations":[{"start":{"line":78,"column":37},"end":{"line":78,"column":44}},{"start":{"line":78,"column":47},"end":{"line":78,"column":84}}],"line":78}},"s":{"0":5,"1":5,"2":5,"3":3,"4":5,"5":2,"6":6,"7":6,"8":3,"9":1,"10":2,"11":3,"12":3,"13":0,"14":3,"15":0,"16":3,"17":1,"18":2,"19":0,"20":2,"21":2,"22":1,"23":1,"24":1,"25":5,"26":0,"27":0,"28":0,"29":5,"30":0},"f":{"0":3,"1":2,"2":6,"3":0,"4":0},"b":{"0":[1,1],"1":[3,3],"2":[1,2],"3":[0,3],"4":[3,2],"5":[1,2],"6":[3,3],"7":[0,2],"8":[2,2,2,2],"9":[1,1],"10":[0,0],"11":[0,0,0],"12":[0,0]},"_coverageSchema":"1a1c01bbd47fc00a2c39e90264f33305004495a9","hash":"ef24b656a2df1e8ea6eb860d7e6d955881a69db7"}
,"/Users/mohanganesh/AUVRA/.worktrees/auvra-mobile-ios/src/core/api/contracts.ts": {"path":"/Users/mohanganesh/AUVRA/.worktrees/auvra-mobile-ios/src/core/api/contracts.ts","statementMap":{},"fnMap":{},"branchMap":{},"s":{},"f":{},"b":{}}
,"/Users/mohanganesh/AUVRA/.worktrees/auvra-mobile-ios/src/core/api/problem.ts": {"path":"/Users/mohanganesh/AUVRA/.worktrees/auvra-mobile-ios/src/core/api/problem.ts","statementMap":{"0":{"start":{"line":7,"column":4},"end":{"line":7,"column":43}},"1":{"start":{"line":8,"column":4},"end":{"line":8,"column":34}},"2":{"start":{"line":9,"column":4},"end":{"line":9,"column":27}},"3":{"start":{"line":13,"column":4},"end":{"line":13,"column":31}},"4":{"start":{"line":17,"column":4},"end":{"line":17,"column":29}},"5":{"start":{"line":21,"column":4},"end":{"line":21,"column":35}},"6":{"start":{"line":25,"column":17},"end":{"line":26,"column":70}},"7":{"start":{"line":26,"column":2},"end":{"line":26,"column":70}},"8":{"start":{"line":28,"column":23},"end":{"line":29,"column":67}},"9":{"start":{"line":29,"column":2},"end":{"line":29,"column":67}},"10":{"start":{"line":33,"column":2},"end":{"line":37,"column":3}},"11":{"start":{"line":34,"column":4},"end":{"line":34,"column":36}},"12":{"start":{"line":36,"column":4},"end":{"line":36,"column":24}},"13":{"start":{"line":39,"column":15},"end":{"line":39,"column":47}},"14":{"start":{"line":40,"column":28},"end":{"line":40,"column":77}},"15":{"start":{"line":42,"column":2},"end":{"line":59,"column":4}},"16":{"start":{"line":53,"column":12},"end":{"line":55,"column":18}},"17":{"start":{"line":53,"column":58},"end":{"line":53,"column":82}},"18":{"start":{"line":62,"column":30},"end":{"line":70,"column":2}},"19":{"start":{"line":62,"column":66},"end":{"line":70,"column":1}}},"fnMap":{"0":{"name":"(anonymous_0)","decl":{"start":{"line":6,"column":2},"end":{"line":6,"column":3}},"loc":{"start":{"line":6,"column":35},"end":{"line":10,"column":3}},"line":6},"1":{"name":"(anonymous_1)","decl":{"start":{"line":12,"column":2},"end":{"line":12,"column":3}},"loc":{"start":{"line":12,"column":23},"end":{"line":14,"column":3}},"line":12},"2":{"name":"(anonymous_2)","decl":{"start":{"line":16,"column":2},"end":{"line":16,"column":3}},"loc":{"start":{"line":16,"column":33},"end":{"line":18,"column":3}},"line":16},"3":{"name":"(anonymous_3)","decl":{"start":{"line":20,"column":2},"end":{"line":20,"column":3}},"loc":{"start":{"line":20,"column":42},"end":{"line":22,"column":3}},"line":20},"4":{"name":"(anonymous_4)","decl":{"start":{"line":25,"column":17},"end":{"line":25,"column":18}},"loc":{"start":{"line":26,"column":2},"end":{"line":26,"column":70}},"line":26},"5":{"name":"(anonymous_5)","decl":{"start":{"line":28,"column":23},"end":{"line":28,"column":24}},"loc":{"start":{"line":29,"column":2},"end":{"line":29,"column":67}},"line":29},"6":{"name":"problemFromResponse","decl":{"start":{"line":31,"column":22},"end":{"line":31,"column":41}},"loc":{"start":{"line":31,"column":83},"end":{"line":60,"column":1}},"line":31},"7":{"name":"(anonymous_7)","decl":{"start":{"line":52,"column":46},"end":{"line":52,"column":47}},"loc":{"start":{"line":53,"column":12},"end":{"line":55,"column":18}},"line":53},"8":{"name":"(anonymous_8)","decl":{"start":{"line":53,"column":48},"end":{"line":53,"column":49}},"loc":{"start":{"line":53,"column":58},"end":{"line":53,"column":82}},"line":53},"9":{"name":"(anonymous_9)","decl":{"start":{"line":62,"column":30},"end":{"line":62,"column":31}},"loc":{"start":{"line":62,"column":66},"end":{"line":70,"column":1}},"line":62}},"branchMap":{"0":{"loc":{"start":{"line":7,"column":10},"end":{"line":7,"column":41}},"type":"binary-expr","locations":[{"start":{"line":7,"column":10},"end":{"line":7,"column":24}},{"start":{"line":7,"column":28},"end":{"line":7,"column":41}}],"line":7},"1":{"loc":{"start":{"line":26,"column":2},"end":{"line":26,"column":70}},"type":"binary-expr","locations":[{"start":{"line":26,"column":2},"end":{"line":26,"column":27}},{"start":{"line":26,"column":31},"end":{"line":26,"column":45}},{"start":{"line":26,"column":49},"end":{"line":26,"column":70}}],"line":26},"2":{"loc":{"start":{"line":29,"column":2},"end":{"line":29,"column":67}},"type":"cond-expr","locations":[{"start":{"line":29,"column":50},"end":{"line":29,"column":55}},{"start":{"line":29,"column":58},"end":{"line":29,"column":67}}],"line":29},"3":{"loc":{"start":{"line":29,"column":2},"end":{"line":29,"column":47}},"type":"binary-expr","locations":[{"start":{"line":29,"column":2},"end":{"line":29,"column":27}},{"start":{"line":29,"column":31},"end":{"line":29,"column":47}}],"line":29},"4":{"loc":{"start":{"line":39,"column":15},"end":{"line":39,"column":47}},"type":"cond-expr","locations":[{"start":{"line":39,"column":35},"end":{"line":39,"column":42}},{"start":{"line":39,"column":45},"end":{"line":39,"column":47}}],"line":39},"5":{"loc":{"start":{"line":40,"column":28},"end":{"line":40,"column":77}},"type":"binary-expr","locations":[{"start":{"line":40,"column":28},"end":{"line":40,"column":64}},{"start":{"line":40,"column":68},"end":{"line":40,"column":77}}],"line":40},"6":{"loc":{"start":{"line":43,"column":10},"end":{"line":43,"column":52}},"type":"binary-expr","locations":[{"start":{"line":43,"column":10},"end":{"line":43,"column":35}},{"start":{"line":43,"column":39},"end":{"line":43,"column":52}}],"line":43},"7":{"loc":{"start":{"line":44,"column":11},"end":{"line":44,"column":78}},"type":"binary-expr","locations":[{"start":{"line":44,"column":11},"end":{"line":44,"column":37}},{"start":{"line":44,"column":41},"end":{"line":44,"column":78}}],"line":44},"8":{"loc":{"start":{"line":45,"column":12},"end":{"line":45,"column":75}},"type":"cond-expr","locations":[{"start":{"line":45,"column":46},"end":{"line":45,"column":57}},{"start":{"line":45,"column":60},"end":{"line":45,"column":75}}],"line":45},"9":{"loc":{"start":{"line":49,"column":16},"end":{"line":49,"column":68}},"type":"binary-expr","locations":[{"start":{"line":49,"column":16},"end":{"line":49,"column":47}},{"start":{"line":49,"column":51},"end":{"line":49,"column":68}}],"line":49},"10":{"loc":{"start":{"line":50,"column":12},"end":{"line":58,"column":17}},"type":"cond-expr","locations":[{"start":{"line":51,"column":8},"end":{"line":57,"column":9}},{"start":{"line":58,"column":8},"end":{"line":58,"column":17}}],"line":50},"11":{"loc":{"start":{"line":53,"column":12},"end":{"line":55,"column":18}},"type":"cond-expr","locations":[{"start":{"line":54,"column":16},"end":{"line":54,"column":42}},{"start":{"line":55,"column":16},"end":{"line":55,"column":18}}],"line":53},"12":{"loc":{"start":{"line":53,"column":12},"end":{"line":53,"column":83}},"type":"binary-expr","locations":[{"start":{"line":53,"column":12},"end":{"line":53,"column":32}},{"start":{"line":53,"column":36},"end":{"line":53,"column":83}}],"line":53},"13":{"loc":{"start":{"line":64,"column":9},"end":{"line":64,"column":66}},"type":"cond-expr","locations":[{"start":{"line":64,"column":20},"end":{"line":64,"column":39}},{"start":{"line":64,"column":42},"end":{"line":64,"column":66}}],"line":64},"14":{"loc":{"start":{"line":66,"column":8},"end":{"line":66,"column":54}},"type":"cond-expr","locations":[{"start":{"line":66,"column":19},"end":{"line":66,"column":36}},{"start":{"line":66,"column":39},"end":{"line":66,"column":54}}],"line":66},"15":{"loc":{"start":{"line":67,"column":10},"end":{"line":69,"column":53}},"type":"cond-expr","locations":[{"start":{"line":68,"column":6},"end":{"line":68,"column":61}},{"start":{"line":69,"column":6},"end":{"line":69,"column":53}}],"line":67}},"s":{"0":2,"1":2,"2":2,"3":2,"4":2,"5":1,"6":4,"7":2,"8":4,"9":6,"10":1,"11":1,"12":0,"13":1,"14":1,"15":1,"16":0,"17":0,"18":4,"19":0},"f":{"0":2,"1":2,"2":2,"3":1,"4":2,"5":6,"6":1,"7":0,"8":0,"9":0},"b":{"0":[2,2],"1":[2,1,1],"2":[3,3],"3":[6,3],"4":[1,0],"5":[1,0],"6":[1,0],"7":[1,0],"8":[1,0],"9":[1,1],"10":[0,1],"11":[0,0],"12":[0,0],"13":[0,0],"14":[0,0],"15":[0,0]},"_coverageSchema":"1a1c01bbd47fc00a2c39e90264f33305004495a9","hash":"da907b67a86586e2e6c6d95018cb597ea2944442"}
,"/Users/mohanganesh/AUVRA/.worktrees/auvra-mobile-ios/src/core/api/runtimeClient.ts": {"path":"/Users/mohanganesh/AUVRA/.worktrees/auvra-mobile-ios/src/core/api/runtimeClient.ts","statementMap":{"0":{"start":{"line":6,"column":25},"end":{"line":6,"column":80}},"1":{"start":{"line":9,"column":24},"end":{"line":9,"column":47}}},"fnMap":{},"branchMap":{},"s":{"0":0,"1":0},"f":{},"b":{}}
,"/Users/mohanganesh/AUVRA/.worktrees/auvra-mobile-ios/src/core/api/v2Client.ts": {"path":"/Users/mohanganesh/AUVRA/.worktrees/auvra-mobile-ios/src/core/api/v2Client.ts","statementMap":{"0":{"start":{"line":116,"column":19},"end":{"line":126,"column":4}},"1":{"start":{"line":120,"column":2},"end":{"line":126,"column":4}},"2":{"start":{"line":121,"column":18},"end":{"line":121,"column":36}},"3":{"start":{"line":122,"column":4},"end":{"line":124,"column":5}},"4":{"start":{"line":123,"column":6},"end":{"line":123,"column":65}},"5":{"start":{"line":125,"column":4},"end":{"line":125,"column":45}},"6":{"start":{"line":128,"column":20},"end":{"line":142,"column":1}},"7":{"start":{"line":132,"column":2},"end":{"line":132,"column":34}},"8":{"start":{"line":132,"column":14},"end":{"line":132,"column":34}},"9":{"start":{"line":133,"column":17},"end":{"line":133,"column":38}},"10":{"start":{"line":134,"column":2},"end":{"line":139,"column":5}},"11":{"start":{"line":135,"column":19},"end":{"line":135,"column":66}},"12":{"start":{"line":136,"column":4},"end":{"line":138,"column":7}},"13":{"start":{"line":137,"column":6},"end":{"line":137,"column":84}},"14":{"start":{"line":137,"column":49},"end":{"line":137,"column":84}},"15":{"start":{"line":140,"column":18},"end":{"line":140,"column":35}},"16":{"start":{"line":141,"column":2},"end":{"line":141,"column":63}},"17":{"start":{"line":144,"column":22},"end":{"line":145,"column":69}},"18":{"start":{"line":145,"column":2},"end":{"line":145,"column":69}},"19":{"start":{"line":147,"column":25},"end":{"line":156,"column":1}},"20":{"start":{"line":150,"column":2},"end":{"line":150,"column":33}},"21":{"start":{"line":150,"column":16},"end":{"line":150,"column":33}},"22":{"start":{"line":151,"column":2},"end":{"line":155,"column":4}},"23":{"start":{"line":153,"column":29},"end":{"line":153,"column":66}},"24":{"start":{"line":154,"column":30},"end":{"line":154,"column":51}},"25":{"start":{"line":166,"column":29},"end":{"line":171,"column":5}},"26":{"start":{"line":172,"column":25},"end":{"line":175,"column":5}},"27":{"start":{"line":176,"column":4},"end":{"line":178,"column":5}},"28":{"start":{"line":177,"column":6},"end":{"line":177,"column":70}},"29":{"start":{"line":180,"column":4},"end":{"line":191,"column":6}}},"fnMap":{"0":{"name":"(anonymous_0)","decl":{"start":{"line":116,"column":19},"end":{"line":116,"column":20}},"loc":{"start":{"line":120,"column":2},"end":{"line":126,"column":4}},"line":120},"1":{"name":"(anonymous_1)","decl":{"start":{"line":120,"column":35},"end":{"line":120,"column":36}},"loc":{"start":{"line":120,"column":56},"end":{"line":126,"column":3}},"line":120},"2":{"name":"(anonymous_2)","decl":{"start":{"line":128,"column":20},"end":{"line":128,"column":21}},"loc":{"start":{"line":131,"column":13},"end":{"line":142,"column":1}},"line":131},"3":{"name":"(anonymous_3)","decl":{"start":{"line":134,"column":32},"end":{"line":134,"column":33}},"loc":{"start":{"line":134,"column":54},"end":{"line":139,"column":3}},"line":134},"4":{"name":"(anonymous_4)","decl":{"start":{"line":136,"column":19},"end":{"line":136,"column":20}},"loc":{"start":{"line":136,"column":30},"end":{"line":138,"column":5}},"line":136},"5":{"name":"(anonymous_5)","decl":{"start":{"line":144,"column":22},"end":{"line":144,"column":23}},"loc":{"start":{"line":145,"column":2},"end":{"line":145,"column":69}},"line":145},"6":{"name":"(anonymous_6)","decl":{"start":{"line":147,"column":25},"end":{"line":147,"column":26}},"loc":{"start":{"line":149,"column":41},"end":{"line":156,"column":1}},"line":149},"7":{"name":"(anonymous_7)","decl":{"start":{"line":153,"column":14},"end":{"line":153,"column":15}},"loc":{"start":{"line":153,"column":29},"end":{"line":153,"column":66}},"line":153},"8":{"name":"(anonymous_8)","decl":{"start":{"line":154,"column":11},"end":{"line":154,"column":12}},"loc":{"start":{"line":154,"column":30},"end":{"line":154,"column":51}},"line":154},"9":{"name":"(anonymous_9)","decl":{"start":{"line":159,"column":2},"end":{"line":159,"column":3}},"loc":{"start":{"line":159,"column":47},"end":{"line":159,"column":49}},"line":159},"10":{"name":"(anonymous_10)","decl":{"start":{"line":161,"column":2},"end":{"line":161,"column":3}},"loc":{"start":{"line":165,"column":49},"end":{"line":192,"column":3}},"line":165}},"branchMap":{"0":{"loc":{"start":{"line":122,"column":4},"end":{"line":124,"column":5}},"type":"if","locations":[{"start":{"line":122,"column":4},"end":{"line":124,"column":5}},{"start":{},"end":{}}],"line":122},"1":{"loc":{"start":{"line":122,"column":8},"end":{"line":122,"column":61}},"type":"binary-expr","locations":[{"start":{"line":122,"column":8},"end":{"line":122,"column":27}},{"start":{"line":122,"column":31},"end":{"line":122,"column":45}},{"start":{"line":122,"column":49},"end":{"line":122,"column":61}}],"line":122},"2":{"loc":{"start":{"line":132,"column":2},"end":{"line":132,"column":34}},"type":"if","locations":[{"start":{"line":132,"column":2},"end":{"line":132,"column":34}},{"start":{},"end":{}}],"line":132},"3":{"loc":{"start":{"line":135,"column":19},"end":{"line":135,"column":66}},"type":"cond-expr","locations":[{"start":{"line":135,"column":45},"end":{"line":135,"column":53}},{"start":{"line":135,"column":56},"end":{"line":135,"column":66}}],"line":135},"4":{"loc":{"start":{"line":137,"column":6},"end":{"line":137,"column":84}},"type":"if","locations":[{"start":{"line":137,"column":6},"end":{"line":137,"column":84}},{"start":{},"end":{}}],"line":137},"5":{"loc":{"start":{"line":137,"column":10},"end":{"line":137,"column":47}},"type":"binary-expr","locations":[{"start":{"line":137,"column":10},"end":{"line":137,"column":29}},{"start":{"line":137,"column":33},"end":{"line":137,"column":47}}],"line":137},"6":{"loc":{"start":{"line":141,"column":9},"end":{"line":141,"column":62}},"type":"cond-expr","locations":[{"start":{"line":141,"column":19},"end":{"line":141,"column":47}},{"start":{"line":141,"column":50},"end":{"line":141,"column":62}}],"line":141},"7":{"loc":{"start":{"line":150,"column":2},"end":{"line":150,"column":33}},"type":"if","locations":[{"start":{"line":150,"column":2},"end":{"line":150,"column":33}},{"start":{},"end":{}}],"line":150},"8":{"loc":{"start":{"line":153,"column":29},"end":{"line":153,"column":66}},"type":"binary-expr","locations":[{"start":{"line":153,"column":29},"end":{"line":153,"column":48}},{"start":{"line":153,"column":52},"end":{"line":153,"column":66}}],"line":153},"9":{"loc":{"start":{"line":176,"column":4},"end":{"line":178,"column":5}},"type":"if","locations":[{"start":{"line":176,"column":4},"end":{"line":178,"column":5}},{"start":{},"end":{}}],"line":176}},"s":{"0":2,"1":10,"2":9,"3":9,"4":0,"5":9,"6":2,"7":10,"8":7,"9":3,"10":3,"11":5,"12":5,"13":5,"14":5,"15":3,"16":3,"17":2,"18":10,"19":2,"20":10,"21":4,"22":6,"23":6,"24":6,"25":10,"26":10,"27":10,"28":0,"29":10},"f":{"0":10,"1":9,"2":10,"3":5,"4":5,"5":10,"6":10,"7":6,"8":6,"9":2,"10":10},"b":{"0":[0,9],"1":[9,9,9],"2":[7,3],"3":[0,5],"4":[5,0],"5":[5,5],"6":[3,0],"7":[4,6],"8":[6,6],"9":[0,10]},"_coverageSchema":"1a1c01bbd47fc00a2c39e90264f33305004495a9","hash":"3a36a02f3c6c605602d2f9f654e0adb4b90f8d3c"}
,"/Users/mohanganesh/AUVRA/.worktrees/auvra-mobile-ios/src/core/auth/firebaseTokenProvider.ts": {"path":"/Users/mohanganesh/AUVRA/.worktrees/auvra-mobile-ios/src/core/auth/firebaseTokenProvider.ts","statementMap":{"0":{"start":{"line":5,"column":14},"end":{"line":6,"column":67}},"1":{"start":{"line":6,"column":2},"end":{"line":6,"column":67}},"2":{"start":{"line":6,"column":33},"end":{"line":6,"column":66}},"3":{"start":{"line":9,"column":58},"end":{"line":25,"column":1}},"4":{"start":{"line":10,"column":2},"end":{"line":10,"column":30}},"5":{"start":{"line":11,"column":15},"end":{"line":11,"column":31}},"6":{"start":{"line":12,"column":2},"end":{"line":12,"column":25}},"7":{"start":{"line":12,"column":13},"end":{"line":12,"column":25}},"8":{"start":{"line":14,"column":2},"end":{"line":22,"column":3}},"9":{"start":{"line":14,"column":21},"end":{"line":14,"column":22}},"10":{"start":{"line":15,"column":4},"end":{"line":21,"column":5}},"11":{"start":{"line":16,"column":6},"end":{"line":16,"column":48}},"12":{"start":{"line":18,"column":29},"end":{"line":18,"column":74}},"13":{"start":{"line":19,"column":6},"end":{"line":19,"column":56}},"14":{"start":{"line":19,"column":44},"end":{"line":19,"column":56}},"15":{"start":{"line":20,"column":6},"end":{"line":20,"column":39}},"16":{"start":{"line":24,"column":2},"end":{"line":24,"column":14}}},"fnMap":{"0":{"name":"(anonymous_0)","decl":{"start":{"line":5,"column":14},"end":{"line":5,"column":15}},"loc":{"start":{"line":6,"column":2},"end":{"line":6,"column":67}},"line":6},"1":{"name":"(anonymous_1)","decl":{"start":{"line":6,"column":20},"end":{"line":6,"column":21}},"loc":{"start":{"line":6,"column":33},"end":{"line":6,"column":66}},"line":6},"2":{"name":"(anonymous_2)","decl":{"start":{"line":9,"column":58},"end":{"line":9,"column":59}},"loc":{"start":{"line":9,"column":70},"end":{"line":25,"column":1}},"line":9}},"branchMap":{"0":{"loc":{"start":{"line":12,"column":2},"end":{"line":12,"column":25}},"type":"if","locations":[{"start":{"line":12,"column":2},"end":{"line":12,"column":25}},{"start":{},"end":{}}],"line":12},"1":{"loc":{"start":{"line":19,"column":6},"end":{"line":19,"column":56}},"type":"if","locations":[{"start":{"line":19,"column":6},"end":{"line":19,"column":56}},{"start":{},"end":{}}],"line":19},"2":{"loc":{"start":{"line":19,"column":10},"end":{"line":19,"column":42}},"type":"binary-expr","locations":[{"start":{"line":19,"column":10},"end":{"line":19,"column":25}},{"start":{"line":19,"column":29},"end":{"line":19,"column":42}}],"line":19}},"s":{"0":0,"1":0,"2":0,"3":0,"4":0,"5":0,"6":0,"7":0,"8":0,"9":0,"10":0,"11":0,"12":0,"13":0,"14":0,"15":0,"16":0},"f":{"0":0,"1":0,"2":0},"b":{"0":[0,0],"1":[0,0],"2":[0,0]}}
,"/Users/mohanganesh/AUVRA/.worktrees/auvra-mobile-ios/src/core/providers/AppProviders.tsx": {"path":"/Users/mohanganesh/AUVRA/.worktrees/auvra-mobile-ios/src/core/providers/AppProviders.tsx","statementMap":{"0":{"start":{"line":14,"column":22},"end":{"line":14,"column":66}},"1":{"start":{"line":16,"column":2},"end":{"line":35,"column":9}},"2":{"start":{"line":17,"column":4},"end":{"line":19,"column":7}},"3":{"start":{"line":21,"column":4},"end":{"line":34,"column":7}},"4":{"start":{"line":22,"column":22},"end":{"line":22,"column":39}},"5":{"start":{"line":23,"column":23},"end":{"line":23,"column":42}},"6":{"start":{"line":26,"column":6},"end":{"line":32,"column":7}},"7":{"start":{"line":27,"column":8},"end":{"line":27,"column":28}},"8":{"start":{"line":28,"column":8},"end":{"line":31,"column":11}},"9":{"start":{"line":33,"column":6},"end":{"line":33,"column":36}},"10":{"start":{"line":37,"column":2},"end":{"line":37,"column":84}}},"fnMap":{"0":{"name":"AppProviders","decl":{"start":{"line":13,"column":16},"end":{"line":13,"column":28}},"loc":{"start":{"line":13,"column":62},"end":{"line":38,"column":1}},"line":13},"1":{"name":"(anonymous_1)","decl":{"start":{"line":16,"column":12},"end":{"line":16,"column":13}},"loc":{"start":{"line":16,"column":18},"end":{"line":35,"column":3}},"line":16},"2":{"name":"(anonymous_2)","decl":{"start":{"line":17,"column":42},"end":{"line":17,"column":43}},"loc":{"start":{"line":17,"column":48},"end":{"line":19,"column":5}},"line":17},"3":{"name":"(anonymous_3)","decl":{"start":{"line":21,"column":35},"end":{"line":21,"column":36}},"loc":{"start":{"line":21,"column":45},"end":{"line":34,"column":5}},"line":21},"4":{"name":"(anonymous_4)","decl":{"start":{"line":28,"column":52},"end":{"line":28,"column":53}},"loc":{"start":{"line":28,"column":58},"end":{"line":31,"column":9}},"line":28}},"branchMap":{"0":{"loc":{"start":{"line":22,"column":22},"end":{"line":22,"column":39}},"type":"binary-expr","locations":[{"start":{"line":22,"column":22},"end":{"line":22,"column":31}},{"start":{"line":22,"column":35},"end":{"line":22,"column":39}}],"line":22},"1":{"loc":{"start":{"line":26,"column":6},"end":{"line":32,"column":7}},"type":"if","locations":[{"start":{"line":26,"column":6},"end":{"line":32,"column":7}},{"start":{},"end":{}}],"line":26},"2":{"loc":{"start":{"line":26,"column":10},"end":{"line":26,"column":77}},"type":"binary-expr","locations":[{"start":{"line":26,"column":10},"end":{"line":26,"column":32}},{"start":{"line":26,"column":36},"end":{"line":26,"column":53}},{"start":{"line":26,"column":57},"end":{"line":26,"column":77}}],"line":26}},"s":{"0":0,"1":0,"2":0,"3":0,"4":0,"5":0,"6":0,"7":0,"8":0,"9":0,"10":0},"f":{"0":0,"1":0,"2":0,"3":0,"4":0},"b":{"0":[0,0],"1":[0,0],"2":[0,0,0]}}
,"/Users/mohanganesh/AUVRA/.worktrees/auvra-mobile-ios/src/core/query/queryClient.ts": {"path":"/Users/mohanganesh/AUVRA/.worktrees/auvra-mobile-ios/src/core/query/queryClient.ts","statementMap":{"0":{"start":{"line":6,"column":27},"end":{"line":21,"column":2}},"1":{"start":{"line":12,"column":8},"end":{"line":14,"column":24}},"2":{"start":{"line":23,"column":32},"end":{"line":23,"column":63}},"3":{"start":{"line":23,"column":44},"end":{"line":23,"column":63}}},"fnMap":{"0":{"name":"(anonymous_0)","decl":{"start":{"line":11,"column":13},"end":{"line":11,"column":14}},"loc":{"start":{"line":12,"column":8},"end":{"line":14,"column":24}},"line":12},"1":{"name":"(anonymous_1)","decl":{"start":{"line":23,"column":32},"end":{"line":23,"column":33}},"loc":{"start":{"line":23,"column":44},"end":{"line":23,"column":63}},"line":23}},"branchMap":{"0":{"loc":{"start":{"line":12,"column":8},"end":{"line":14,"column":24}},"type":"binary-expr","locations":[{"start":{"line":12,"column":8},"end":{"line":12,"column":40}},{"start":{"line":13,"column":8},"end":{"line":13,"column":44}},{"start":{"line":14,"column":8},"end":{"line":14,"column":24}}],"line":12}},"s":{"0":2,"1":0,"2":2,"3":0},"f":{"0":0,"1":0},"b":{"0":[0,0,0]},"_coverageSchema":"1a1c01bbd47fc00a2c39e90264f33305004495a9","hash":"539561ef499c240869191067b78f91ed850c1d73"}
,"/Users/mohanganesh/AUVRA/.worktrees/auvra-mobile-ios/src/core/storage/guestOnboardingAssessmentStore.ts": {"path":"/Users/mohanganesh/AUVRA/.worktrees/auvra-mobile-ios/src/core/storage/guestOnboardingAssessmentStore.ts","statementMap":{"0":{"start":{"line":5,"column":40},"end":{"line":5,"column":78}},"1":{"start":{"line":18,"column":17},"end":{"line":19,"column":47}},"2":{"start":{"line":19,"column":2},"end":{"line":19,"column":47}},"3":{"start":{"line":21,"column":16},"end":{"line":35,"column":1}},"4":{"start":{"line":22,"column":2},"end":{"line":22,"column":56}},"5":{"start":{"line":22,"column":43},"end":{"line":22,"column":56}},"6":{"start":{"line":23,"column":16},"end":{"line":23,"column":64}},"7":{"start":{"line":24,"column":2},"end":{"line":34,"column":37}},"8":{"start":{"line":41,"column":2},"end":{"line":43,"column":3}},"9":{"start":{"line":42,"column":4},"end":{"line":42,"column":86}},"10":{"start":{"line":44,"column":2},"end":{"line":48,"column":4}},"11":{"start":{"line":55,"column":22},"end":{"line":55,"column":37}},"12":{"start":{"line":56,"column":21},"end":{"line":56,"column":84}},"13":{"start":{"line":57,"column":2},"end":{"line":57,"column":31}},"14":{"start":{"line":57,"column":19},"end":{"line":57,"column":31}},"15":{"start":{"line":58,"column":2},"end":{"line":73,"column":3}},"16":{"start":{"line":59,"column":21},"end":{"line":59,"column":74}},"17":{"start":{"line":60,"column":4},"end":{"line":68,"column":5}},"18":{"start":{"line":66,"column":6},"end":{"line":66,"column":73}},"19":{"start":{"line":67,"column":6},"end":{"line":67,"column":18}},"20":{"start":{"line":69,"column":4},"end":{"line":69,"column":26}},"21":{"start":{"line":71,"column":4},"end":{"line":71,"column":71}},"22":{"start":{"line":72,"column":4},"end":{"line":72,"column":16}},"23":{"start":{"line":76,"column":47},"end":{"line":78,"column":84}},"24":{"start":{"line":78,"column":20},"end":{"line":78,"column":84}},"25":{"start":{"line":80,"column":55},"end":{"line":80,"column":86}}},"fnMap":{"0":{"name":"(anonymous_0)","decl":{"start":{"line":18,"column":17},"end":{"line":18,"column":18}},"loc":{"start":{"line":19,"column":2},"end":{"line":19,"column":47}},"line":19},"1":{"name":"(anonymous_1)","decl":{"start":{"line":21,"column":16},"end":{"line":21,"column":17}},"loc":{"start":{"line":21,"column":77},"end":{"line":35,"column":1}},"line":21},"2":{"name":"saveGuestOnboardingAssessment","decl":{"start":{"line":37,"column":22},"end":{"line":37,"column":51}},"loc":{"start":{"line":40,"column":17},"end":{"line":49,"column":1}},"line":40},"3":{"name":"getGuestOnboardingAssessment","decl":{"start":{"line":51,"column":22},"end":{"line":51,"column":50}},"loc":{"start":{"line":54,"column":50},"end":{"line":74,"column":1}},"line":54},"4":{"name":"(anonymous_4)","decl":{"start":{"line":76,"column":47},"end":{"line":76,"column":48}},"loc":{"start":{"line":78,"column":20},"end":{"line":78,"column":84}},"line":78}},"branchMap":{"0":{"loc":{"start":{"line":19,"column":2},"end":{"line":19,"column":47}},"type":"binary-expr","locations":[{"start":{"line":19,"column":2},"end":{"line":19,"column":7}},{"start":{"line":19,"column":12},"end":{"line":19,"column":46}}],"line":19},"1":{"loc":{"start":{"line":22,"column":2},"end":{"line":22,"column":56}},"type":"if","locations":[{"start":{"line":22,"column":2},"end":{"line":22,"column":56}},{"start":{},"end":{}}],"line":22},"2":{"loc":{"start":{"line":22,"column":6},"end":{"line":22,"column":41}},"type":"binary-expr","locations":[{"start":{"line":22,"column":6},"end":{"line":22,"column":12}},{"start":{"line":22,"column":16},"end":{"line":22,"column":41}}],"line":22},"3":{"loc":{"start":{"line":24,"column":9},"end":{"line":34,"column":36}},"type":"binary-expr","locations":[{"start":{"line":24,"column":9},"end":{"line":24,"column":45}},{"start":{"line":25,"column":7},"end":{"line":25,"column":34}},{"start":{"line":26,"column":7},"end":{"line":26,"column":43}},{"start":{"line":27,"column":7},"end":{"line":27,"column":52}},{"start":{"line":28,"column":7},"end":{"line":28,"column":41}},{"start":{"line":29,"column":7},"end":{"line":29,"column":32}},{"start":{"line":30,"column":7},"end":{"line":30,"column":39}},{"start":{"line":31,"column":7},"end":{"line":31,"column":34}},{"start":{"line":32,"column":7},"end":{"line":32,"column":29}},{"start":{"line":33,"column":7},"end":{"line":33,"column":40}},{"start":{"line":34,"column":7},"end":{"line":34,"column":36}}],"line":24},"4":{"loc":{"start":{"line":31,"column":8},"end":{"line":31,"column":28}},"type":"binary-expr","locations":[{"start":{"line":31,"column":8},"end":{"line":31,"column":22}},{"start":{"line":31,"column":26},"end":{"line":31,"column":28}}],"line":31},"5":{"loc":{"start":{"line":41,"column":2},"end":{"line":43,"column":3}},"type":"if","locations":[{"start":{"line":41,"column":2},"end":{"line":43,"column":3}},{"start":{},"end":{}}],"line":41},"6":{"loc":{"start":{"line":41,"column":6},"end":{"line":41,"column":67}},"type":"binary-expr","locations":[{"start":{"line":41,"column":6},"end":{"line":41,"column":21}},{"start":{"line":41,"column":25},"end":{"line":41,"column":67}}],"line":41},"7":{"loc":{"start":{"line":57,"column":2},"end":{"line":57,"column":31}},"type":"if","locations":[{"start":{"line":57,"column":2},"end":{"line":57,"column":31}},{"start":{},"end":{}}],"line":57},"8":{"loc":{"start":{"line":60,"column":4},"end":{"line":68,"column":5}},"type":"if","locations":[{"start":{"line":60,"column":4},"end":{"line":68,"column":5}},{"start":{},"end":{}}],"line":60},"9":{"loc":{"start":{"line":61,"column":6},"end":{"line":64,"column":60}},"type":"binary-expr","locations":[{"start":{"line":61,"column":6},"end":{"line":61,"column":28}},{"start":{"line":62,"column":9},"end":{"line":62,"column":33}},{"start":{"line":63,"column":9},"end":{"line":63,"column":48}},{"start":{"line":64,"column":9},"end":{"line":64,"column":60}}],"line":61}},"s":{"0":1,"1":1,"2":5,"3":1,"4":5,"5":0,"6":5,"7":5,"8":2,"9":0,"10":2,"11":3,"12":3,"13":3,"14":0,"15":3,"16":3,"17":3,"18":2,"19":2,"20":1,"21":0,"22":0,"23":1,"24":0,"25":1},"f":{"0":5,"1":5,"2":2,"3":3,"4":0},"b":{"0":[5,0],"1":[0,5],"2":[5,5],"3":[5,5,5,5,5,5,5,5,5,5,5],"4":[5,0],"5":[0,2],"6":[2,2],"7":[0,3],"8":[2,1],"9":[3,3,3,2]},"_coverageSchema":"1a1c01bbd47fc00a2c39e90264f33305004495a9","hash":"e7bf358ad4a284e2f9af018818226d1f099e8160"}
[...]
,"column":32},"end":{"line":7,"column":65}},"1":{"start":{"line":18,"column":14},"end":{"line":18,"column":38}},"2":{"start":{"line":19,"column":2},"end":{"line":21,"column":3}},"3":{"start":{"line":20,"column":4},"end":{"line":20,"column":56}},"4":{"start":{"line":22,"column":2},"end":{"line":22,"column":50}},"5":{"start":{"line":39,"column":18},"end":{"line":39,"column":75}},"6":{"start":{"line":39,"column":54},"end":{"line":39,"column":73}},"7":{"start":{"line":40,"column":2},"end":{"line":42,"column":3}},"8":{"start":{"line":40,"column":31},"end":{"line":40,"column":38}},"9":{"start":{"line":41,"column":4},"end":{"line":41,"column":70}},"10":{"start":{"line":56,"column":30},"end":{"line":56,"column":45}},"11":{"start":{"line":57,"column":20},"end":{"line":57,"column":44}},"12":{"start":{"line":58,"column":22},"end":{"line":58,"column":74}},"13":{"start":{"line":60,"column":38},"end":{"line":60,"column":53}},"14":{"start":{"line":61,"column":2},"end":{"line":82,"column":79}},"15":{"start":{"line":62,"column":17},"end":{"line":62,"column":21}},"16":{"start":{"line":63,"column":4},"end":{"line":63,"column":21}},"17":{"start":{"line":64,"column":4},"end":{"line":64,"column":25}},"18":{"start":{"line":65,"column":4},"end":{"line":70,"column":5}},"19":{"start":{"line":66,"column":6},"end":{"line":66,"column":26}},"20":{"start":{"line":67,"column":6},"end":{"line":69,"column":8}},"21":{"start":{"line":68,"column":8},"end":{"line":68,"column":23}},"22":{"start":{"line":71,"column":4},"end":{"line":78,"column":6}},"23":{"start":{"line":72,"column":12},"end":{"line":72,"column":41}},"24":{"start":{"line":74,"column":8},"end":{"line":74,"column":28}},"25":{"start":{"line":74,"column":21},"end":{"line":74,"column":28}},"26":{"start":{"line":75,"column":8},"end":{"line":75,"column":24}},"27":{"start":{"line":76,"column":8},"end":{"line":76,"column":26}},"28":{"start":{"line":79,"column":4},"end":{"line":81,"column":6}},"29":{"start":{"line":80,"column":6},"end":{"line":80,"column":21}},"30":{"start":{"line":84,"column":19},"end":{"line":84,"column":72}},"31":{"start":{"line":86,"column":2},"end":{"line":105,"column":4}},"32":{"start":{"line":97,"column":12},"end":{"line":100,"column":13}},"33":{"start":{"line":98,"column":14},"end":{"line":98,"column":30}},"34":{"start":{"line":99,"column":14},"end":{"line":99,"column":32}},"35":{"start":{"line":108,"column":15},"end":{"line":113,"column":2}}},"fnMap":{"0":{"name":"resolvePlanImageSource","decl":{"start":{"line":13,"column":16},"end":{"line":13,"column":38}},"loc":{"start":{"line":17,"column":21},"end":{"line":23,"column":1}},"line":17},"1":{"name":"prefetchPlanImageUrls","decl":{"start":{"line":36,"column":22},"end":{"line":36,"column":43}},"loc":{"start":{"line":38,"column":17},"end":{"line":43,"column":1}},"line":38},"2":{"name":"(anonymous_2)","decl":{"start":{"line":39,"column":45},"end":{"line":39,"column":46}},"loc":{"start":{"line":39,"column":54},"end":{"line":39,"column":73}},"line":39},"3":{"name":"(anonymous_3)","decl":{"start":{"line":40,"column":19},"end":{"line":40,"column":20}},"loc":{"start":{"line":40,"column":31},"end":{"line":40,"column":38}},"line":40},"4":{"name":"PlanImage","decl":{"start":{"line":49,"column":16},"end":{"line":49,"column":25}},"loc":{"start":{"line":55,"column":19},"end":{"line":106,"column":1}},"line":55},"5":{"name":"(anonymous_5)","decl":{"start":{"line":61,"column":12},"end":{"line":61,"column":13}},"loc":{"start":{"line":61,"column":18},"end":{"line":82,"column":3}},"line":61},"6":{"name":"(anonymous_6)","decl":{"start":{"line":67,"column":13},"end":{"line":67,"column":14}},"loc":{"start":{"line":67,"column":19},"end":{"line":69,"column":7}},"line":67},"7":{"name":"(anonymous_7)","decl":{"start":{"line":72,"column":6},"end":{"line":72,"column":7}},"loc":{"start":{"line":72,"column":12},"end":{"line":72,"column":41}},"line":72},"8":{"name":"(anonymous_8)","decl":{"start":{"line":73,"column":6},"end":{"line":73,"column":7}},"loc":{"start":{"line":73,"column":12},"end":{"line":77,"column":7}},"line":73},"9":{"name":"(anonymous_9)","decl":{"start":{"line":79,"column":11},"end":{"line":79,"column":12}},"loc":{"start":{"line":79,"column":17},"end":{"line":81,"column":5}},"line":79},"10":{"name":"(anonymous_10)","decl":{"start":{"line":96,"column":19},"end":{"line":96,"column":20}},"loc":{"start":{"line":96,"column":25},"end":{"line":101,"column":11}},"line":96}},"branchMap":{"0":{"loc":{"start":{"line":16,"column":2},"end":{"line":16,"column":64}},"type":"default-arg","locations":[{"start":{"line":16,"column":41},"end":{"line":16,"column":64}}],"line":16},"1":{"loc":{"start":{"line":19,"column":2},"end":{"line":21,"column":3}},"type":"if","locations":[{"start":{"line":19,"column":2},"end":{"line":21,"column":3}},{"start":{},"end":{}}],"line":19},"2":{"loc":{"start":{"line":19,"column":6},"end":{"line":19,"column":49}},"type":"binary-expr","locations":[{"start":{"line":19,"column":6},"end":{"line":19,"column":12}},{"start":{"line":19,"column":16},"end":{"line":19,"column":20}},{"start":{"line":19,"column":24},"end":{"line":19,"column":49}}],"line":19},"3":{"loc":{"start":{"line":40,"column":2},"end":{"line":42,"column":3}},"type":"if","locations":[{"start":{"line":40,"column":2},"end":{"line":42,"column":3}},{"start":{},"end":{}}],"line":40},"4":{"loc":{"start":{"line":51,"column":2},"end":{"line":51,"column":42}},"type":"default-arg","locations":[{"start":{"line":51,"column":19},"end":{"line":51,"column":42}}],"line":51},"5":{"loc":{"start":{"line":58,"column":30},"end":{"line":58,"column":73}},"type":"binary-expr","locations":[{"start":{"line":58,"column":30},"end":{"line":58,"column":39}},{"start":{"line":58,"column":43},"end":{"line":58,"column":73}}],"line":58},"6":{"loc":{"start":{"line":65,"column":4},"end":{"line":70,"column":5}},"type":"if","locations":[{"start":{"line":65,"column":4},"end":{"line":70,"column":5}},{"start":{},"end":{}}],"line":65},"7":{"loc":{"start":{"line":65,"column":8},"end":{"line":65,"column":34}},"type":"binary-expr","locations":[{"start":{"line":65,"column":8},"end":{"line":65,"column":20}},{"start":{"line":65,"column":24},"end":{"line":65,"column":34}}],"line":65},"8":{"loc":{"start":{"line":72,"column":12},"end":{"line":72,"column":41}},"type":"binary-expr","locations":[{"start":{"line":72,"column":12},"end":{"line":72,"column":18}},{"start":{"line":72,"column":22},"end":{"line":72,"column":41}}],"line":72},"9":{"loc":{"start":{"line":74,"column":8},"end":{"line":74,"column":28}},"type":"if","locations":[{"start":{"line":74,"column":8},"end":{"line":74,"column":28}},{"start":{},"end":{}}],"line":74},"10":{"loc":{"start":{"line":88,"column":7},"end":{"line":103,"column":7}},"type":"binary-expr","locations":[{"start":{"line":88,"column":7},"end":{"line":88,"column":17}},{"start":{"line":89,"column":8},"end":{"line":102,"column":10}}],"line":88},"11":{"loc":{"start":{"line":92,"column":30},"end":{"line":92,"column":74}},"type":"binary-expr","locations":[{"start":{"line":92,"column":30},"end":{"line":92,"column":45}},{"start":{"line":92,"column":49},"end":{"line":92,"column":74}}],"line":92},"12":{"loc":{"start":{"line":94,"column":22},"end":{"line":94,"column":54}},"type":"binary-expr","locations":[{"start":{"line":94,"column":22},"end":{"line":94,"column":43}},{"start":{"line":94,"column":47},"end":{"line":94,"column":54}}],"line":94},"13":{"loc":{"start":{"line":95,"column":22},"end":{"line":95,"column":50}},"type":"binary-expr","locations":[{"start":{"line":95,"column":22},"end":{"line":95,"column":43}},{"start":{"line":95,"column":47},"end":{"line":95,"column":50}}],"line":95},"14":{"loc":{"start":{"line":97,"column":12},"end":{"line":100,"column":13}},"type":"if","locations":[{"start":{"line":97,"column":12},"end":{"line":100,"column":13}},{"start":{},"end":{}}],"line":97}},"s":{"0":2,"1":5,"2":5,"3":4,"4":1,"5":0,"6":0,"7":0,"8":0,"9":0,"10":0,"11":0,"12":0,"13":0,"14":0,"15":0,"16":0,"17":0,"18":0,"19":0,"20":0,"21":0,"22":0,"23":0,"24":0,"25":0,"26":0,"27":0,"28":0,"29":0,"30":0,"31":0,"32":0,"33":0,"34":0,"35":2},"f":{"0":5,"1":0,"2":0,"3":0,"4":0,"5":0,"6":0,"7":0,"8":0,"9":0,"10":0},"b":{"0":[0],"1":[4,1],"2":[5,4,2],"3":[0,0],"4":[0],"5":[0,0],"6":[0,0],"7":[0,0],"8":[0,0],"9":[0,0],"10":[0,0],"11":[0,0],"12":[0,0],"13":[0,0],"14":[0,0]},"_coverageSchema":"1a1c01bbd47fc00a2c39e90264f33305004495a9","hash":"35ac561192d3e1e194ac6a0cde48632d6ecbc634"}
,"/Users/mohanganesh/AUVRA/.worktrees/auvra-mobile-ios/src/features/plans/components/V2PlanSection.tsx": {"path":"/Users/mohanganesh/AUVRA/.worktrees/auvra-mobile-ios/src/features/plans/components/V2PlanSection.tsx","statementMap":{"0":{"start":{"line":36,"column":2},"end":{"line":69,"column":4}},"1":{"start":{"line":52,"column":8},"end":{"line":59,"column":10}},"2":{"start":{"line":85,"column":2},"end":{"line":118,"column":4}},"3":{"start":{"line":95,"column":50},"end":{"line":95,"column":76}},"4":{"start":{"line":98,"column":50},"end":{"line":98,"column":74}},"5":{"start":{"line":104,"column":8},"end":{"line":115,"column":20}},"6":{"start":{"line":107,"column":25},"end":{"line":107,"column":49}}},"fnMap":{"0":{"name":"V2PlanSection","decl":{"start":{"line":25,"column":16},"end":{"line":25,"column":29}},"loc":{"start":{"line":35,"column":23},"end":{"line":70,"column":1}},"line":35},"1":{"name":"(anonymous_1)","decl":{"start":{"line":51,"column":22},"end":{"line":51,"column":23}},"loc":{"start":{"line":52,"column":8},"end":{"line":59,"column":10}},"line":52},"2":{"name":"PlanCard","decl":{"start":{"line":72,"column":9},"end":{"line":72,"column":17}},"loc":{"start":{"line":84,"column":3},"end":{"line":119,"column":1}},"line":84},"3":{"name":"(anonymous_3)","decl":{"start":{"line":95,"column":44},"end":{"line":95,"column":45}},"loc":{"start":{"line":95,"column":50},"end":{"line":95,"column":76}},"line":95},"4":{"name":"(anonymous_4)","decl":{"start":{"line":98,"column":44},"end":{"line":98,"column":45}},"loc":{"start":{"line":98,"column":50},"end":{"line":98,"column":74}},"line":98},"5":{"name":"(anonymous_5)","decl":{"start":{"line":103,"column":25},"end":{"line":103,"column":26}},"loc":{"start":{"line":104,"column":8},"end":{"line":115,"column":20}},"line":104},"6":{"name":"(anonymous_6)","decl":{"start":{"line":107,"column":19},"end":{"line":107,"column":20}},"loc":{"start":{"line":107,"column":25},"end":{"line":107,"column":49}},"line":107}},"branchMap":{"0":{"loc":{"start":{"line":45,"column":9},"end":{"line":49,"column":16}},"type":"cond-expr","locations":[{"start":{"line":46,"column":10},"end":{"line":48,"column":17}},{"start":{"line":49,"column":12},"end":{"line":49,"column":16}}],"line":45},"1":{"loc":{"start":{"line":64,"column":7},"end":{"line":66,"column":14}},"type":"cond-expr","locations":[{"start":{"line":65,"column":8},"end":{"line":65,"column":60}},{"start":{"line":66,"column":10},"end":{"line":66,"column":14}}],"line":64},"2":{"loc":{"start":{"line":67,"column":7},"end":{"line":67,"column":68}},"type":"cond-expr","locations":[{"start":{"line":67,"column":15},"end":{"line":67,"column":61}},{"start":{"line":67,"column":64},"end":{"line":67,"column":68}}],"line":67}},"s":{"0":0,"1":0,"2":0,"3":0,"4":0,"5":0,"6":0},"f":{"0":0,"1":0,"2":0,"3":0,"4":0,"5":0,"6":0},"b":{"0":[0,0],"1":[0,0],"2":[0,0]}}
,"/Users/mohanganesh/AUVRA/.worktrees/auvra-mobile-ios/src/features/progress/ProgressScreen.tsx": {"path":"/Users/mohanganesh/AUVRA/.worktrees/auvra-mobile-ios/src/features/progress/ProgressScreen.tsx","statementMap":{"0":{"start":{"line":15,"column":34},"end":{"line":15,"column":58}},"1":{"start":{"line":16,"column":54},"end":{"line":20,"column":1}},"2":{"start":{"line":24,"column":2},"end":{"line":26,"column":40}},"3":{"start":{"line":30,"column":2},"end":{"line":35,"column":4}},"4":{"start":{"line":39,"column":30},"end":{"line":39,"column":62}},"5":{"start":{"line":40,"column":17},"end":{"line":40,"column":42}},"6":{"start":{"line":41,"column":18},"end":{"line":41,"column":30}},"7":{"start":{"line":43,"column":2},"end":{"line":143,"column":4}},"8":{"start":{"line":50,"column":12},"end":{"line":65,"column":24}},"9":{"start":{"line":54,"column":29},"end":{"line":54,"column":45}},"10":{"start":{"line":99,"column":16},"end":{"line":111,"column":23}},"11":{"start":{"line":119,"column":18},"end":{"line":135,"column":25}}},"fnMap":{"0":{"name":"formatAdherence","decl":{"start":{"line":23,"column":9},"end":{"line":23,"column":24}},"loc":{"start":{"line":23,"column":71},"end":{"line":27,"column":1}},"line":23},"1":{"name":"Stat","decl":{"start":{"line":29,"column":9},"end":{"line":29,"column":13}},"loc":{"start":{"line":29,"column":66},"end":{"line":36,"column":1}},"line":29},"2":{"name":"ProgressScreen","decl":{"start":{"line":38,"column":24},"end":{"line":38,"column":38}},"loc":{"start":{"line":38,"column":41},"end":{"line":144,"column":1}},"line":38},"3":{"name":"(anonymous_3)","decl":{"start":{"line":49,"column":23},"end":{"line":49,"column":24}},"loc":{"start":{"line":50,"column":12},"end":{"line":65,"column":24}},"line":50},"4":{"name":"(anonymous_4)","decl":{"start":{"line":54,"column":23},"end":{"line":54,"column":24}},"loc":{"start":{"line":54,"column":29},"end":{"line":54,"column":45}},"line":54},"5":{"name":"(anonymous_5)","decl":{"start":{"line":98,"column":38},"end":{"line":98,"column":39}},"loc":{"start":{"line":99,"column":16},"end":{"line":111,"column":23}},"line":99},"6":{"name":"(anonymous_6)","decl":{"start":{"line":118,"column":42},"end":{"line":118,"column":43}},"loc":{"start":{"line":119,"column":18},"end":{"line":135,"column":25}},"line":119}},"branchMap":{"0":{"loc":{"start":{"line":24,"column":9},"end":{"line":26,"column":39}},"type":"cond-expr","locations":[{"start":{"line":25,"column":6},"end":{"line":25,"column":9}},{"start":{"line":26,"column":6},"end":{"line":26,"column":39}}],"line":24},"1":{"loc":{"start":{"line":24,"column":9},"end":{"line":24,"column":54}},"type":"binary-expr","locations":[{"start":{"line":24,"column":9},"end":{"line":24,"column":27}},{"start":{"line":24,"column":31},"end":{"line":24,"column":54}}],"line":24},"2":{"loc":{"start":{"line":55,"column":34},"end":{"line":55,"column":70}},"type":"binary-expr","locations":[{"start":{"line":55,"column":34},"end":{"line":55,"column":50}},{"start":{"line":55,"column":54},"end":{"line":55,"column":70}}],"line":55},"3":{"loc":{"start":{"line":60,"column":18},"end":{"line":60,"column":59}},"type":"binary-expr","locations":[{"start":{"line":60,"column":18},"end":{"line":60,"column":34}},{"start":{"line":60,"column":38},"end":{"line":60,"column":59}}],"line":60},"4":{"loc":{"start":{"line":69,"column":9},"end":{"line":140,"column":9}},"type":"cond-expr","locations":[{"start":{"line":70,"column":10},"end":{"line":70,"column":92}},{"start":{"line":71,"column":12},"end":{"line":140,"column":9}}],"line":69},"5":{"loc":{"start":{"line":71,"column":12},"end":{"line":140,"column":9}},"type":"cond-expr","locations":[{"start":{"line":72,"column":10},"end":{"line":74,"column":17}},{"start":{"line":76,"column":10},"end":{"line":139,"column":13}}],"line":71},"6":{"loc":{"start":{"line":93,"column":13},"end":{"line":113,"column":13}},"type":"cond-expr","locations":[{"start":{"line":94,"column":14},"end":{"line":96,"column":21}},{"start":{"line":98,"column":14},"end":{"line":112,"column":16}}],"line":93},"7":{"loc":{"start":{"line":102,"column":21},"end":{"line":102,"column":61}},"type":"cond-expr","locations":[{"start":{"line":102,"column":45},"end":{"line":102,"column":56}},{"start":{"line":102,"column":59},"end":{"line":102,"column":61}}],"line":102},"8":{"loc":{"start":{"line":115,"column":13},"end":{"line":138,"column":20}},"type":"cond-expr","locations":[{"start":{"line":116,"column":14},"end":{"line":137,"column":17}},{"start":{"line":138,"column":16},"end":{"line":138,"column":20}}],"line":115},"9":{"loc":{"start":{"line":126,"column":24},"end":{"line":126,"column":68}},"type":"binary-expr","locations":[{"start":{"line":126,"column":24},"end":{"line":126,"column":49}},{"start":{"line":126,"column":53},"end":{"line":126,"column":68}}],"line":126},"10":{"loc":{"start":{"line":129,"column":23},"end":{"line":133,"column":61}},"type":"cond-expr","locations":[{"start":{"line":130,"column":26},"end":{"line":130,"column":35}},{"start":{"line":131,"column":26},"end":{"line":133,"column":61}}],"line":129},"11":{"loc":{"start":{"line":131,"column":26},"end":{"line":133,"column":61}},"type":"cond-expr","locations":[{"start":{"line":132,"column":28},"end":{"line":132,"column":35}},{"start":{"line":133,"column":28},"end":{"line":133,"column":61}}],"line":131}},"s":{"0":0,"1":0,"2":0,"3":0,"4":0,"5":0,"6":0,"7":0,"8":0,"9":0,"10":0,"11":0},"f":{"0":0,"1":0,"2":0,"3":0,"4":0,"5":0,"6":0},"b":{"0":[0,0],"1":[0,0],"2":[0,0],"3":[0,0],"4":[0,0],"5":[0,0],"6":[0,0],"7":[0,0],"8":[0,0],"9":[0,0],"10":[0,0],"11":[0,0]}}
,"/Users/mohanganesh/AUVRA/.worktrees/auvra-mobile-ios/src/features/progress/api.ts": {"path":"/Users/mohanganesh/AUVRA/.worktrees/auvra-mobile-ios/src/features/progress/api.ts","statementMap":{"0":{"start":{"line":11,"column":28},"end":{"line":15,"column":1}},"1":{"start":{"line":13,"column":38},"end":{"line":13,"column":76}},"2":{"start":{"line":14,"column":17},"end":{"line":14,"column":58}},"3":{"start":{"line":17,"column":33},"end":{"line":21,"column":79}},"4":{"start":{"line":21,"column":2},"end":{"line":21,"column":79}},"5":{"start":{"line":23,"column":26},"end":{"line":24,"column":59}},"6":{"start":{"line":24,"column":2},"end":{"line":24,"column":59}},"7":{"start":{"line":26,"column":33},"end":{"line":30,"column":4}},"8":{"start":{"line":27,"column":2},"end":{"line":30,"column":4}},"9":{"start":{"line":29,"column":29},"end":{"line":29,"column":62}},"10":{"start":{"line":32,"column":26},"end":{"line":36,"column":4}},"11":{"start":{"line":33,"column":2},"end":{"line":36,"column":4}},"12":{"start":{"line":35,"column":29},"end":{"line":35,"column":47}}},"fnMap":{"0":{"name":"(anonymous_0)","decl":{"start":{"line":13,"column":10},"end":{"line":13,"column":11}},"loc":{"start":{"line":13,"column":38},"end":{"line":13,"column":76}},"line":13},"1":{"name":"(anonymous_1)","decl":{"start":{"line":14,"column":11},"end":{"line":14,"column":12}},"loc":{"start":{"line":14,"column":17},"end":{"line":14,"column":58}},"line":14},"2":{"name":"(anonymous_2)","decl":{"start":{"line":17,"column":33},"end":{"line":17,"column":34}},"loc":{"start":{"line":21,"column":2},"end":{"line":21,"column":79}},"line":21},"3":{"name":"(anonymous_3)","decl":{"start":{"line":23,"column":26},"end":{"line":23,"column":27}},"loc":{"start":{"line":24,"column":2},"end":{"line":24,"column":59}},"line":24},"4":{"name":"(anonymous_4)","decl":{"start":{"line":26,"column":33},"end":{"line":26,"column":34}},"loc":{"start":{"line":27,"column":2},"end":{"line":30,"column":4}},"line":27},"5":{"name":"(anonymous_5)","decl":{"start":{"line":29,"column":13},"end":{"line":29,"column":14}},"loc":{"start":{"line":29,"column":29},"end":{"line":29,"column":62}},"line":29},"6":{"name":"(anonymous_6)","decl":{"start":{"line":32,"column":26},"end":{"line":32,"column":27}},"loc":{"start":{"line":33,"column":2},"end":{"line":36,"column":4}},"line":33},"7":{"name":"(anonymous_7)","decl":{"start":{"line":35,"column":13},"end":{"line":35,"column":14}},"loc":{"start":{"line":35,"column":29},"end":{"line":35,"column":47}},"line":35}},"branchMap":{},"s":{"0":1,"1":0,"2":0,"3":1,"4":1,"5":1,"6":1,"7":1,"8":0,"9":0,"10":1,"11":0,"12":0},"f":{"0":0,"1":0,"2":1,"3":1,"4":0,"5":0,"6":0,"7":0},"b":{},"_coverageSchema":"1a1c01bbd47fc00a2c39e90264f33305004495a9","hash":"d592a1bede041c4e88308b92df93b57ac657f2d3"}
,"/Users/mohanganesh/AUVRA/.worktrees/auvra-mobile-ios/src/features/progress/progressStyles.ts": {"path":"/Users/mohanganesh/AUVRA/.worktrees/auvra-mobile-ios/src/features/progress/progressStyles.ts","statementMap":{"0":{"start":{"line":3,"column":22},"end":{"line":63,"column":2}}},"fnMap":{},"branchMap":{},"s":{"0":0},"f":{},"b":{}}
}
