TN:
SF:services/authService.ts
FN:17,(anonymous_0)
FN:21,(anonymous_1)
FN:25,(anonymous_2)
FN:44,(anonymous_3)
FNF:4
FNH:0
FNDA:0,(anonymous_0)
FNDA:0,(anonymous_1)
FNDA:0,(anonymous_2)
FNDA:0,(anonymous_3)
DA:18,0
DA:22,0
DA:26,0
DA:27,0
DA:30,0
DA:31,0
DA:33,0
DA:37,0
DA:39,0
DA:40,0
DA:45,0
DA:49,0
LF:12
LH:0
BRDA:18,0,0,0
BRDA:18,0,1,0
BRDA:26,1,0,0
BRDA:26,1,1,0
BRDA:39,2,0,0
BRDA:39,2,1,0
BRF:6
BRH:0
end_of_record
TN:
SF:services/sessionService.ts
FN:37,(anonymous_0)
FN:39,(anonymous_1)
FN:40,(anonymous_2)
FN:42,(anonymous_3)
FN:46,(anonymous_4)
FN:51,(anonymous_5)
FN:60,(anonymous_6)
FN:72,(anonymous_7)
FN:83,(anonymous_8)
FN:95,(anonymous_9)
FN:106,(anonymous_10)
FN:110,(anonymous_11)
FN:115,(anonymous_12)
FN:121,(anonymous_13)
FN:124,(anonymous_14)
FN:125,(anonymous_15)
FN:131,(anonymous_16)
FN:134,(anonymous_17)
FN:140,(anonymous_18)
FN:167,(anonymous_19)
FN:193,(anonymous_20)
FN:227,(anonymous_21)
FN:250,(anonymous_22)
FN:255,(anonymous_23)
FN:264,(anonymous_24)
FN:274,(anonymous_25)
FN:275,(anonymous_26)
FN:276,(anonymous_27)
FN:284,(anonymous_28)
FN:289,(anonymous_29)
FN:309,(anonymous_30)
FNF:31
FNH:0
FNDA:0,(anonymous_0)
FNDA:0,(anonymous_1)
FNDA:0,(anonymous_2)
FNDA:0,(anonymous_3)
FNDA:0,(anonymous_4)
FNDA:0,(anonymous_5)
FNDA:0,(anonymous_6)
FNDA:0,(anonymous_7)
FNDA:0,(anonymous_8)
FNDA:0,(anonymous_9)
FNDA:0,(anonymous_10)
FNDA:0,(anonymous_11)
FNDA:0,(anonymous_12)
FNDA:0,(anonymous_13)
FNDA:0,(anonymous_14)
FNDA:0,(anonymous_15)
FNDA:0,(anonymous_16)
FNDA:0,(anonymous_17)
FNDA:0,(anonymous_18)
FNDA:0,(anonymous_19)
FNDA:0,(anonymous_20)
FNDA:0,(anonymous_21)
FNDA:0,(anonymous_22)
FNDA:0,(anonymous_23)
FNDA:0,(anonymous_24)
FNDA:0,(anonymous_25)
FNDA:0,(anonymous_26)
FNDA:0,(anonymous_27)
FNDA:0,(anonymous_28)
FNDA:0,(anonymous_29)
FNDA:0,(anonymous_30)
DA:31,0
DA:32,0
DA:36,0
DA:37,0
DA:38,0
DA:39,0
DA:40,0
DA:42,0
DA:43,0
DA:44,0
DA:45,0
DA:46,0
DA:48,0
DA:51,0
DA:52,0
DA:53,0
DA:54,0
DA:55,0
DA:57,0
DA:60,0
DA:61,0
DA:68,0
DA:69,0
DA:70,0
DA:73,0
DA:74,0
DA:75,0
DA:76,0
DA:78,0
DA:79,0
DA:80,0
DA:84,0
DA:85,0
DA:86,0
DA:87,0
DA:92,0
DA:96,0
DA:97,0
DA:107,0
DA:111,0
DA:116,0
DA:117,0
DA:118,0
DA:119,0
DA:121,0
DA:122,0
DA:124,0
DA:125,0
DA:127,0
DA:131,0
DA:135,0
DA:136,0
DA:137,0
DA:141,0
DA:142,0
DA:143,0
DA:145,0
DA:146,0
DA:147,0
DA:148,0
DA:154,0
DA:155,0
DA:161,0
DA:162,0
DA:163,0
DA:164,0
DA:168,0
DA:169,0
DA:170,0
DA:171,0
DA:172,0
DA:173,0
DA:174,0
DA:179,0
DA:180,0
DA:187,0
DA:188,0
DA:189,0
DA:194,0
DA:195,0
DA:196,0
DA:197,0
DA:201,0
DA:207,0
DA:208,0
DA:214,0
DA:215,0
DA:218,0
DA:228,0
DA:229,0
DA:230,0
DA:231,0
DA:232,0
DA:233,0
DA:239,0
DA:240,0
DA:241,0
DA:242,0
DA:243,0
DA:244,0
DA:245,0
DA:246,0
DA:251,0
DA:252,0
DA:256,0
DA:257,0
DA:261,0
DA:265,0
DA:266,0
DA:267,0
DA:268,0
DA:269,0
DA:270,0
DA:271,0
DA:274,0
DA:275,0
DA:277,0
DA:278,0
DA:279,0
DA:280,0
DA:281,0
DA:282,0
DA:285,0
DA:286,0
DA:287,0
DA:288,0
DA:289,0
DA:291,0
DA:292,0
DA:293,0
DA:298,0
DA:305,0
DA:306,0
DA:307,0
DA:309,0
LF:135
LH:0
BRDA:38,0,0,0
BRDA:38,0,1,0
BRDA:38,0,2,0
BRDA:43,1,0,0
BRDA:43,1,1,0
BRDA:44,2,0,0
BRDA:44,2,1,0
BRDA:44,3,0,0
BRDA:44,3,1,0
BRDA:74,4,0,0
BRDA:74,4,1,0
BRDA:75,5,0,0
BRDA:75,5,1,0
BRDA:75,6,0,0
BRDA:75,6,1,0
BRDA:75,6,2,0
BRDA:78,7,0,0
BRDA:78,7,1,0
BRDA:79,8,0,0
BRDA:79,8,1,0
BRDA:84,9,0,0
BRDA:84,9,1,0
BRDA:86,10,0,0
BRDA:86,10,1,0
BRDA:96,11,0,0
BRDA:96,11,1,0
BRDA:107,12,0,0
BRDA:107,12,1,0
BRDA:111,13,0,0
BRDA:111,13,1,0
BRDA:117,14,0,0
BRDA:117,14,1,0
BRDA:118,15,0,0
BRDA:118,15,1,0
BRDA:122,16,0,0
BRDA:122,16,1,0
BRDA:123,17,0,0
BRDA:123,17,1,0
BRDA:123,17,2,0
BRDA:125,18,0,0
BRDA:125,18,1,0
BRDA:136,19,0,0
BRDA:136,19,1,0
BRDA:136,20,0,0
BRDA:136,20,1,0
BRDA:142,21,0,0
BRDA:142,21,1,0
BRDA:146,22,0,0
BRDA:146,22,1,0
BRDA:167,23,0,0
BRDA:169,24,0,0
BRDA:169,24,1,0
BRDA:170,25,0,0
BRDA:170,25,1,0
BRDA:172,26,0,0
BRDA:172,26,1,0
BRDA:173,27,0,0
BRDA:173,27,1,0
BRDA:179,28,0,0
BRDA:179,28,1,0
BRDA:195,29,0,0
BRDA:195,29,1,0
BRDA:195,30,0,0
BRDA:195,30,1,0
BRDA:195,30,2,0
BRDA:214,31,0,0
BRDA:214,31,1,0
BRDA:228,32,0,0
BRDA:228,32,1,0
BRDA:230,33,0,0
BRDA:230,33,1,0
BRDA:230,34,0,0
BRDA:230,34,1,0
BRDA:239,35,0,0
BRDA:239,35,1,0
BRDA:252,36,0,0
BRDA:252,36,1,0
BRDA:256,37,0,0
BRDA:256,37,1,0
BRDA:261,38,0,0
BRDA:261,38,1,0
BRDA:275,39,0,0
BRDA:275,39,1,0
BRDA:282,40,0,0
BRDA:282,40,1,0
BRDA:286,41,0,0
BRDA:286,41,1,0
BRDA:287,42,0,0
BRDA:287,42,1,0
BRDA:287,43,0,0
BRDA:287,43,1,0
BRDA:289,44,0,0
BRDA:289,44,1,0
BRDA:289,44,2,0
BRDA:291,45,0,0
BRDA:291,45,1,0
BRF:96
BRH:0
end_of_record
TN:
SF:src/core/api/client.ts
FN:34,(anonymous_0)
FN:41,(anonymous_1)
FN:55,(anonymous_2)
FN:64,(anonymous_3)
FN:99,(anonymous_4)
FN:105,(anonymous_5)
FN:143,(anonymous_6)
FNF:7
FNH:3
FNDA:5,(anonymous_0)
FNDA:0,(anonymous_1)
FNDA:5,(anonymous_2)
FNDA:5,(anonymous_3)
FNDA:0,(anonymous_4)
FNDA:0,(anonymous_5)
FNDA:0,(anonymous_6)
DA:29,4
DA:32,4
DA:34,4
DA:35,5
DA:36,1
DA:38,4
DA:41,4
DA:42,0
DA:43,0
DA:44,0
DA:56,5
DA:57,5
DA:58,5
DA:59,5
DA:60,5
DA:61,5
DA:68,5
DA:69,4
DA:70,4
DA:71,4
DA:72,4
DA:73,4
DA:75,4
DA:76,4
DA:78,4
DA:79,2
DA:82,4
DA:83,2
DA:86,4
DA:87,4
DA:88,4
DA:89,1
DA:96,3
DA:99,3
DA:100,3
DA:101,0
DA:103,3
DA:105,3
DA:106,0
DA:107,0
DA:110,3
DA:111,3
DA:121,3
DA:122,1
DA:124,2
DA:125,0
DA:127,2
DA:129,1
DA:130,1
DA:132,0
DA:133,0
DA:135,0
DA:137,3
DA:138,3
DA:143,4
DA:144,0
LF:56
LH:45
BRDA:35,0,0,1
BRDA:35,0,1,4
BRDA:35,1,0,5
BRDA:35,1,1,4
BRDA:35,1,2,4
BRDA:55,2,0,0
BRDA:56,3,0,5
BRDA:56,3,1,0
BRDA:58,4,0,5
BRDA:58,4,1,0
BRDA:59,5,0,5
BRDA:59,5,1,3
BRDA:60,6,0,5
BRDA:60,6,1,4
BRDA:61,7,0,5
BRDA:61,7,1,5
BRDA:66,8,0,3
BRDA:69,9,0,4
BRDA:69,9,1,2
BRDA:70,10,0,4
BRDA:70,10,1,4
BRDA:78,11,0,2
BRDA:78,11,1,2
BRDA:82,12,0,2
BRDA:82,12,1,2
BRDA:83,13,0,2
BRDA:83,13,1,1
BRDA:86,14,0,4
BRDA:86,14,1,0
BRDA:88,15,0,1
BRDA:88,15,1,3
BRDA:100,16,0,0
BRDA:100,16,1,3
BRDA:108,17,0,3
BRDA:108,17,1,3
BRDA:116,18,0,1
BRDA:116,18,1,2
BRDA:121,19,0,1
BRDA:121,19,1,2
BRDA:124,20,0,0
BRDA:124,20,1,2
BRDA:129,21,0,1
BRDA:129,21,1,0
BRDA:132,22,0,0
BRDA:132,22,1,0
BRDA:132,23,0,0
BRDA:132,23,1,0
BRDA:144,24,0,0
BRDA:144,24,1,0
BRDA:144,24,2,0
BRDA:144,24,3,0
BRF:51
BRH:36
end_of_record
TN:
SF:src/core/api/config.ts
FN:14,(anonymous_0)
FN:16,(anonymous_1)
FN:26,resolveApiBaseUrl
FN:66,(anonymous_3)
FN:73,(anonymous_4)
FNF:5
FNH:3
FNDA:3,(anonymous_0)
FNDA:2,(anonymous_1)
FNDA:6,resolveApiBaseUrl
FNDA:0,(anonymous_3)
FNDA:0,(anonymous_4)
DA:11,5
DA:12,5
DA:14,5
DA:16,5
DA:17,2
DA:31,6
DA:33,6
DA:34,3
DA:35,1
DA:37,2
DA:41,3
DA:42,3
DA:44,0
DA:47,3
DA:48,0
DA:50,3
DA:51,1
DA:53,2
DA:54,0
DA:57,2
DA:58,2
DA:59,1
DA:62,1
DA:63,1
DA:66,5
DA:67,0
DA:68,0
DA:70,0
DA:73,5
DA:74,0
LF:30
LH:23
BRDA:17,0,0,1
BRDA:17,0,1,1
BRDA:33,1,0,3
BRDA:33,1,1,3
BRDA:34,2,0,1
BRDA:34,2,1,2
BRDA:47,3,0,0
BRDA:47,3,1,3
BRDA:47,4,0,3
BRDA:47,4,1,2
BRDA:50,5,0,1
BRDA:50,5,1,2
BRDA:50,6,0,3
BRDA:50,6,1,3
BRDA:53,7,0,0
BRDA:53,7,1,2
BRDA:53,8,0,2
BRDA:53,8,1,2
BRDA:53,8,2,2
BRDA:53,8,3,2
BRDA:58,9,0,1
BRDA:58,9,1,1
BRDA:67,10,0,0
BRDA:67,10,1,0
BRDA:67,11,0,0
BRDA:67,11,1,0
BRDA:67,11,2,0
BRDA:78,12,0,0
BRDA:78,12,1,0
BRF:29
BRH:20
end_of_record
TN:
SF:src/core/api/contracts.ts
FNF:0
FNH:0
LF:0
LH:0
BRF:0
BRH:0
end_of_record
TN:
SF:src/core/api/problem.ts
FN:6,(anonymous_0)
FN:12,(anonymous_1)
FN:16,(anonymous_2)
FN:20,(anonymous_3)
FN:25,(anonymous_4)
FN:28,(anonymous_5)
FN:31,problemFromResponse
FN:52,(anonymous_7)
FN:53,(anonymous_8)
FN:62,(anonymous_9)
FNF:10
FNH:7
FNDA:2,(anonymous_0)
FNDA:2,(anonymous_1)
FNDA:2,(anonymous_2)
FNDA:1,(anonymous_3)
FNDA:2,(anonymous_4)
FNDA:6,(anonymous_5)
FNDA:1,problemFromResponse
FNDA:0,(anonymous_7)
FNDA:0,(anonymous_8)
FNDA:0,(anonymous_9)
DA:7,2
DA:8,2
DA:9,2
DA:13,2
DA:17,2
DA:21,1
DA:25,4
DA:26,2
DA:28,4
DA:29,6
DA:33,1
DA:34,1
DA:36,0
DA:39,1
DA:40,1
DA:42,1
DA:53,0
DA:62,4
LF:18
LH:16
BRDA:7,0,0,2
BRDA:7,0,1,2
BRDA:26,1,0,2
BRDA:26,1,1,1
BRDA:26,1,2,1
BRDA:29,2,0,3
BRDA:29,2,1,3
BRDA:29,3,0,6
BRDA:29,3,1,3
BRDA:39,4,0,1
BRDA:39,4,1,0
BRDA:40,5,0,1
BRDA:40,5,1,0
BRDA:43,6,0,1
BRDA:43,6,1,0
BRDA:44,7,0,1
BRDA:44,7,1,0
BRDA:45,8,0,1
BRDA:45,8,1,0
BRDA:49,9,0,1
BRDA:49,9,1,1
BRDA:50,10,0,0
BRDA:50,10,1,1
BRDA:53,11,0,0
BRDA:53,11,1,0
BRDA:53,12,0,0
BRDA:53,12,1,0
BRDA:64,13,0,0
BRDA:64,13,1,0
BRDA:66,14,0,0
BRDA:66,14,1,0
BRDA:67,15,0,0
BRDA:67,15,1,0
BRF:33
BRH:17
end_of_record
TN:
SF:src/core/api/runtimeClient.ts
FNF:0
FNH:0
DA:6,0
DA:9,0
LF:2
LH:0
BRF:0
BRH:0
end_of_record
TN:
SF:src/core/api/v2Client.ts
FN:116,(anonymous_0)
FN:120,(anonymous_1)
FN:128,(anonymous_2)
FN:134,(anonymous_3)
FN:136,(anonymous_4)
FN:144,(anonymous_5)
FN:147,(anonymous_6)
FN:153,(anonymous_7)
FN:154,(anonymous_8)
FN:159,(anonymous_9)
FN:161,(anonymous_10)
FNF:11
FNH:11
FNDA:10,(anonymous_0)
FNDA:9,(anonymous_1)
FNDA:10,(anonymous_2)
FNDA:5,(anonymous_3)
FNDA:5,(anonymous_4)
FNDA:10,(anonymous_5)
FNDA:10,(anonymous_6)
FNDA:6,(anonymous_7)
FNDA:6,(anonymous_8)
FNDA:2,(anonymous_9)
FNDA:10,(anonymous_10)
DA:116,2
DA:120,10
DA:121,9
DA:122,9
DA:123,0
DA:125,9
DA:128,2
DA:132,10
DA:133,3
DA:134,3
DA:135,5
DA:136,5
DA:137,5
DA:140,3
DA:141,3
DA:144,2
DA:145,10
DA:147,2
DA:150,10
DA:151,6
DA:153,6
DA:154,6
DA:166,10
DA:172,10
DA:176,10
DA:177,0
DA:180,10
LF:27
LH:25
BRDA:122,0,0,0
BRDA:122,0,1,9
BRDA:122,1,0,9
BRDA:122,1,1,9
BRDA:122,1,2,9
BRDA:132,2,0,7
BRDA:132,2,1,3
BRDA:135,3,0,0
BRDA:135,3,1,5
BRDA:137,4,0,5
BRDA:137,4,1,0
BRDA:137,5,0,5
BRDA:137,5,1,5
BRDA:141,6,0,3
BRDA:141,6,1,0
BRDA:150,7,0,4
BRDA:150,7,1,6
BRDA:153,8,0,6
BRDA:153,8,1,6
BRDA:176,9,0,0
BRDA:176,9,1,10
BRF:21
BRH:16
end_of_record
TN:
SF:src/core/auth/firebaseTokenProvider.ts
FN:5,(anonymous_0)
FN:6,(anonymous_1)
FN:9,(anonymous_2)
FNF:3
FNH:0
FNDA:0,(anonymous_0)
FNDA:0,(anonymous_1)
FNDA:0,(anonymous_2)
DA:5,0
DA:6,0
DA:9,0
DA:10,0
DA:11,0
DA:12,0
DA:14,0
DA:15,0
DA:16,0
DA:18,0
DA:19,0
DA:20,0
DA:24,0
LF:13
LH:0
BRDA:12,0,0,0
BRDA:12,0,1,0
BRDA:19,1,0,0
BRDA:19,1,1,0
BRDA:19,2,0,0
BRDA:19,2,1,0
BRF:6
BRH:0
end_of_record
TN:
SF:src/core/providers/AppProviders.tsx
FN:13,AppProviders
FN:16,(anonymous_1)
FN:17,(anonymous_2)
FN:21,(anonymous_3)
FN:28,(anonymous_4)
FNF:5
FNH:0
FNDA:0,AppProviders
FNDA:0,(anonymous_1)
FNDA:0,(anonymous_2)
FNDA:0,(anonymous_3)
FNDA:0,(anonymous_4)
DA:14,0
DA:16,0
DA:17,0
DA:21,0
DA:22,0
DA:23,0
DA:26,0
DA:27,0
DA:28,0
DA:33,0
DA:37,0
LF:11
LH:0
BRDA:22,0,0,0
BRDA:22,0,1,0
BRDA:26,1,0,0
BRDA:26,1,1,0
BRDA:26,2,0,0
BRDA:26,2,1,0
BRDA:26,2,2,0
BRF:7
BRH:0
end_of_record
TN:
SF:src/core/query/queryClient.ts
FN:11,(anonymous_0)
FN:23,(anonymous_1)
FNF:2
FNH:0
FNDA:0,(anonymous_0)
FNDA:0,(anonymous_1)
DA:6,2
DA:12,0
DA:23,2
LF:3
LH:2
BRDA:12,0,0,0
BRDA:12,0,1,0
BRDA:12,0,2,0
BRF:3
BRH:0
end_of_record
TN:
SF:src/core/storage/guestOnboardingAssessmentStore.ts
FN:18,(anonymous_0)
FN:21,(anonymous_1)
FN:37,saveGuestOnboardingAssessment
FN:51,getGuestOnboardingAssessment
FN:76,(anonymous_4)
FNF:5
FNH:4
FNDA:5,(anonymous_0)
FNDA:5,(anonymous_1)
FNDA:2,saveGuestOnboardingAssessment
FNDA:3,getGuestOnboardingAssessment
FNDA:0,(anonymous_4)
DA:5,1
DA:18,1
DA:19,5
DA:21,1
DA:22,5
DA:23,5
DA:24,5
DA:41,2
DA:42,0
DA:44,2
DA:55,3
DA:56,3
DA:57,3
DA:58,3
DA:59,3
DA:60,3
DA:66,2
DA:67,2
DA:69,1
DA:71,0
DA:72,0
DA:76,1
DA:78,0
DA:80,1
LF:24
LH:20
BRDA:19,0,0,5
BRDA:19,0,1,0
BRDA:22,1,0,0
BRDA:22,1,1,5
BRDA:22,2,0,5
BRDA:22,2,1,5
BRDA:24,3,0,5
BRDA:24,3,1,5
BRDA:24,3,2,5
BRDA:24,3,3,5
BRDA:24,3,4,5
BRDA:24,3,5,5
BRDA:24,3,6,5
BRDA:24,3,7,5
BRDA:24,3,8,5
BRDA:24,3,9,5
BRDA:24,3,10,5
BRDA:31,4,0,5
BRDA:31,4,1,0
BRDA:41,5,0,0
BRDA:41,5,1,2
BRDA:41,6,0,2
BRDA:41,6,1,2
BRDA:57,7,0,0
BRDA:57,7,1,3
BRDA:60,8,0,2
BRDA:60,8,1,1
BRDA:61,9,0,3
BRDA:61,9,1,3
BRDA:61,9,2,3
BRDA:61,9,3,2
BRF:31
BRH:26
end_of_record
TN:
SF:src/core/storage/guestOnboardingTicketStore.ts
FN:29,(anonymous_0)
FN:32,(anonymous_1)
FN:41,(anonymous_2)
FN:54,saveGuestOnboardingTicket
FN:68,getGuestOnboardingTicket
FN:91,(anonymous_5)
FNF:6
FNH:5
FNDA:3,(anonymous_0)
FNDA:6,(anonymous_1)
FNDA:3,(anonymous_2)
FNDA:1,saveGuestOnboardingTicket
FNDA:2,getGuestOnboardingTicket
FNDA:0,(anonymous_5)
DA:5,1
DA:29,1
DA:30,3
DA:32,1
DA:33,6
DA:34,6
DA:35,6
DA:41,1
DA:42,3
DA:43,3
DA:44,3
DA:58,1
DA:59,0
DA:61,1
DA:71,2
DA:72,2
DA:73,2
DA:74,2
DA:75,2
DA:76,2
DA:81,1
DA:82,1
DA:84,1
DA:86,0
DA:87,0
DA:91,1
DA:93,0
DA:95,1
LF:28
LH:24
BRDA:30,0,0,3
BRDA:30,0,1,0
BRDA:33,1,0,0
BRDA:33,1,1,6
BRDA:33,2,0,6
BRDA:33,2,1,6
BRDA:35,3,0,6
BRDA:35,3,1,6
BRDA:35,3,2,6
BRDA:35,3,3,6
BRDA:42,4,0,0
BRDA:42,4,1,3
BRDA:42,5,0,3
BRDA:42,5,1,3
BRDA:44,6,0,3
BRDA:44,6,1,3
BRDA:44,6,2,3
BRDA:44,6,3,3
BRDA:44,6,4,3
BRDA:44,6,5,3
BRDA:44,6,6,3
BRDA:44,6,7,3
BRDA:58,7,0,0
BRDA:58,7,1,1
BRDA:58,8,0,1
BRDA:58,8,1,1
BRDA:73,9,0,0
BRDA:73,9,1,2
BRDA:76,10,0,1
BRDA:76,10,1,1
BRDA:77,11,0,2
BRDA:77,11,1,2
BRDA:77,11,2,2
BRF:33
BRH:28
end_of_record
TN:
SF:src/core/storage/secureJsonStore.ts
FN:19,(anonymous_0)
FN:22,(anonymous_1)
FN:24,(anonymous_2)
FN:33,setSecureJson
FN:61,getSecureJson
FN:84,deleteSecureJson
FNF:6
FNH:5
FNDA:2,(anonymous_0)
FNDA:4,(anonymous_1)
FNDA:4,(anonymous_2)
FNDA:2,setSecureJson
FNDA:2,getSecureJson
FNDA:0,deleteSecureJson
DA:19,1
DA:20,2
DA:22,4
DA:24,1
DA:25,4
DA:26,4
DA:39,2
DA:40,0
DA:42,2
DA:43,2
DA:45,1
DA:50,1
DA:51,1
DA:52,1
DA:56,0
DA:57,0
DA:65,2
DA:66,2
DA:67,1
DA:68,1
DA:70,0
DA:71,0
DA:72,0
DA:73,0
DA:74,0
DA:75,0
DA:77,0
DA:79,0
DA:80,0
DA:88,0
DA:89,0
DA:90,0
DA:91,0
LF:33
LH:17
BRDA:20,0,0,2
BRDA:20,0,1,0
BRDA:22,1,0,4
BRDA:22,1,1,2
BRDA:26,2,0,2
BRDA:26,2,1,2
BRDA:37,3,0,0
BRDA:39,4,0,0
BRDA:39,4,1,2
BRDA:39,5,0,2
BRDA:39,5,1,2
BRDA:43,6,0,1
BRDA:43,6,1,1
BRDA:63,7,0,0
BRDA:66,8,0,1
BRDA:66,8,1,1
BRDA:68,9,0,1
BRDA:68,9,1,0
BRDA:72,10,0,0
BRDA:72,10,1,0
BRDA:73,11,0,0
BRDA:73,11,1,0
BRDA:73,12,0,0
BRDA:73,12,1,0
BRDA:73,12,2,0
BRDA:77,13,0,0
BRDA:77,13,1,0
BRDA:86,14,0,0
BRDA:89,15,0,0
BRDA:89,15,1,0
BRF:30
BRH:13
end_of_record
TN:
SF:src/core/storage/storageKeys.ts
FN:5,(anonymous_0)
FNF:1
FNH:0
FNDA:0,(anonymous_0)
DA:1,0
DA:5,0
DA:8,0
DA:9,0
LF:4
LH:0
BRF:0
BRH:0
end_of_record
TN:
SF:src/core/storage/userScopedAsyncStorage.ts
FN:7,(anonymous_0)
FN:14,(anonymous_1)
FN:19,(anonymous_2)
FN:26,(anonymous_3)
FN:33,(anonymous_4)
FN:36,(anonymous_5)
FN:41,(anonymous_6)
FN:44,(anonymous_7)
FNF:8
FNH:0
FNDA:0,(anonymous_0)
FNDA:0,(anonymous_1)
FNDA:0,(anonymous_2)
FNDA:0,(anonymous_3)
FNDA:0,(anonymous_4)
FNDA:0,(anonymous_5)
FNDA:0,(anonymous_6)
FNDA:0,(anonymous_7)
DA:7,0
DA:8,0
DA:9,0
DA:13,0
DA:15,0
DA:16,0
DA:20,0
DA:21,0
DA:22,0
DA:23,0
DA:27,0
DA:28,0
DA:29,0
DA:30,0
DA:34,0
DA:35,0
DA:36,0
DA:37,0
DA:42,0
DA:43,0
DA:44,0
DA:45,0
LF:22
LH:0
BRDA:9,0,0,0
BRDA:9,0,1,0
BRDA:16,1,0,0
BRDA:16,1,1,0
BRDA:21,2,0,0
BRDA:21,2,1,0
BRDA:28,3,0,0
BRDA:28,3,1,0
BRDA:35,4,0,0
BRDA:35,4,1,0
BRDA:43,5,0,0
BRDA:43,5,1,0
BRF:12
BRH:0
end_of_record
TN:
SF:src/core/storage/userScopedStorage.ts
FN:66,(anonymous_0)
FN:71,(anonymous_1)
FN:77,(anonymous_2)
FN:82,(anonymous_3)
FN:85,(anonymous_4)
FN:88,(anonymous_5)
FN:93,(anonymous_6)
FN:100,registerSecureUserKey
FN:114,unregisterSecureUserKey
FN:122,(anonymous_9)
FN:131,purgeLegacyPlaintextCredentials
FN:138,migrateLegacyAuthStorage
FN:161,(anonymous_12)
FN:162,(anonymous_13)
FN:170,setRememberedEmail
FN:186,getRememberedEmail
FN:192,(anonymous_16)
FN:194,(anonymous_17)
FN:201,clearUserScopedStorage
FN:214,(anonymous_19)
FN:221,(anonymous_20)
FN:224,(anonymous_21)
FNF:22
FNH:18
FNDA:6,(anonymous_0)
FNDA:21,(anonymous_1)
FNDA:18,(anonymous_2)
FNDA:8,(anonymous_3)
FNDA:3,(anonymous_4)
FNDA:4,(anonymous_5)
FNDA:3,(anonymous_6)
FNDA:1,registerSecureUserKey
FNDA:0,unregisterSecureUserKey
FNDA:0,(anonymous_9)
FNDA:1,purgeLegacyPlaintextCredentials
FNDA:1,migrateLegacyAuthStorage
FNDA:6,(anonymous_12)
FNDA:16,(anonymous_13)
FNDA:0,setRememberedEmail
FNDA:0,getRememberedEmail
FNDA:10,(anonymous_16)
FNDA:27,(anonymous_17)
FNDA:3,clearUserScopedStorage
FNDA:10,(anonymous_19)
FNDA:6,(anonymous_20)
FNDA:6,(anonymous_21)
DA:27,1
DA:31,1
DA:32,1
DA:33,1
DA:34,1
DA:60,1
DA:66,6
DA:71,1
DA:72,21
DA:73,21
DA:77,1
DA:78,18
DA:79,18
DA:82,1
DA:83,8
DA:85,1
DA:86,3
DA:88,1
DA:89,4
DA:90,3
DA:91,3
DA:92,3
DA:93,3
DA:96,0
DA:105,1
DA:106,1
DA:107,1
DA:108,1
DA:109,1
DA:110,1
DA:119,0
DA:120,0
DA:121,0
DA:122,0
DA:123,0
DA:124,0
DA:125,0
DA:126,0
DA:134,1
DA:141,1
DA:142,1
DA:149,1
DA:150,1
DA:151,1
DA:152,1
DA:159,0
DA:161,1
DA:162,16
DA:165,1
DA:167,1
DA:174,0
DA:175,0
DA:176,0
DA:177,0
DA:178,0
DA:179,0
DA:181,0
DA:189,0
DA:192,1
DA:193,10
DA:194,27
DA:205,3
DA:206,3
DA:212,3
DA:213,3
DA:214,10
DA:216,3
DA:220,3
DA:221,6
DA:223,3
DA:224,6
DA:226,3
DA:227,1
DA:233,2
LF:74
LH:56
BRDA:66,0,0,0
BRDA:67,1,0,6
BRDA:67,1,1,0
BRDA:68,2,0,6
BRDA:68,2,1,0
BRDA:72,3,0,0
BRDA:72,3,1,21
BRDA:78,4,0,0
BRDA:78,4,1,18
BRDA:89,5,0,1
BRDA:89,5,1,3
BRDA:92,6,0,3
BRDA:92,6,1,0
BRDA:103,7,0,0
BRDA:108,8,0,1
BRDA:108,8,1,0
BRDA:117,9,0,0
BRDA:123,10,0,0
BRDA:123,10,1,0
BRDA:125,11,0,0
BRDA:125,11,1,0
BRDA:132,12,0,0
BRDA:139,13,0,0
BRDA:151,14,0,1
BRDA:151,14,1,0
BRDA:151,15,0,1
BRDA:151,15,1,1
BRDA:151,15,2,1
BRDA:162,16,0,6
BRDA:162,16,1,5
BRDA:167,17,0,0
BRDA:167,17,1,1
BRDA:172,18,0,0
BRDA:177,19,0,0
BRDA:177,19,1,0
BRDA:187,20,0,0
BRDA:193,21,0,10
BRDA:193,21,1,9
BRDA:193,21,2,9
BRDA:203,22,0,0
BRDA:206,23,0,3
BRDA:206,23,1,0
BRDA:212,24,0,3
BRDA:212,24,1,0
BRDA:214,25,0,10
BRDA:214,25,1,9
BRDA:214,25,2,9
BRDA:226,26,0,1
BRDA:226,26,1,2
BRDA:233,27,0,2
BRDA:233,27,1,0
BRF:51
BRH:26
end_of_record
TN:
SF:src/features/account/AccountSettingsScreen.tsx
FN:46,(anonymous_0)
FN:57,(anonymous_1)
FN:62,(anonymous_2)
FN:67,AccountSettingsScreen
FN:85,(anonymous_4)
FN:92,(anonymous_5)
FN:105,(anonymous_6)
FN:110,(anonymous_7)
FN:142,(anonymous_8)
FN:148,(anonymous_9)
FN:166,(anonymous_10)
FN:194,(anonymous_11)
FN:203,(anonymous_12)
FN:230,(anonymous_13)
FN:272,(anonymous_14)
FN:286,(anonymous_15)
FN:320,LifecycleNotice
FNF:17
FNH:5
FNDA:0,(anonymous_0)
FNDA:0,(anonymous_1)
FNDA:0,(anonymous_2)
FNDA:2,AccountSettingsScreen
FNDA:1,(anonymous_4)
FNDA:1,(anonymous_5)
FNDA:1,(anonymous_6)
FNDA:0,(anonymous_7)
FNDA:0,(anonymous_8)
FNDA:0,(anonymous_9)
FNDA:0,(anonymous_10)
FNDA:0,(anonymous_11)
FNDA:0,(anonymous_12)
FNDA:0,(anonymous_13)
FNDA:0,(anonymous_14)
FNDA:0,(anonymous_15)
FNDA:2,LifecycleNotice
DA:44,1
DA:46,1
DA:47,0
DA:48,0
DA:49,0
DA:51,0
DA:52,0
DA:54,0
DA:57,1
DA:58,0
DA:59,0
DA:62,1
DA:63,0
DA:64,0
DA:70,2
DA:71,2
DA:72,2
DA:73,2
DA:74,2
DA:75,2
DA:76,2
DA:77,2
DA:78,2
DA:79,2
DA:80,2
DA:81,2
DA:82,2
DA:83,2
DA:85,2
DA:86,1
DA:87,1
DA:88,1
DA:89,1
DA:92,2
DA:93,1
DA:94,1
DA:95,1
DA:96,1
DA:98,0
DA:100,1
DA:104,2
DA:106,1
DA:110,2
DA:111,0
DA:112,0
DA:113,0
DA:114,0
DA:115,0
DA:116,0
DA:118,0
DA:119,0
DA:120,0
DA:121,0
DA:122,0
DA:131,0
DA:132,0
DA:134,0
DA:138,0
DA:142,2
DA:143,0
DA:144,0
DA:145,0
DA:148,2
DA:149,0
DA:150,0
DA:151,0
DA:152,0
DA:154,0
DA:155,0
DA:156,0
DA:157,0
DA:158,0
DA:160,0
DA:166,2
DA:167,0
DA:168,0
DA:169,0
DA:170,0
DA:172,0
DA:173,0
DA:174,0
DA:175,0
DA:176,0
DA:177,0
DA:178,0
DA:180,0
DA:184,0
DA:186,0
DA:188,0
DA:194,2
DA:195,0
DA:203,0
DA:209,2
DA:210,1
DA:221,1
DA:230,0
DA:272,0
DA:286,0
DA:327,2
DA:328,0
DA:329,0
DA:331,0
DA:332,0
DA:334,0
DA:335,0
DA:336,0
DA:338,0
DA:341,1
DA:348,1
LF:109
LH:42
BRDA:47,0,0,0
BRDA:47,0,1,0
BRDA:48,1,0,0
BRDA:48,1,1,0
BRDA:48,2,0,0
BRDA:48,2,1,0
BRDA:51,3,0,0
BRDA:51,3,1,0
BRDA:59,4,0,0
BRDA:59,4,1,0
BRDA:71,5,0,2
BRDA:71,5,1,0
BRDA:87,6,0,1
BRDA:87,6,1,0
BRDA:111,7,0,0
BRDA:111,7,1,0
BRDA:114,8,0,0
BRDA:114,8,1,0
BRDA:114,9,0,0
BRDA:114,9,1,0
BRDA:144,10,0,0
BRDA:144,10,1,0
BRDA:150,11,0,0
BRDA:150,11,1,0
BRDA:168,12,0,0
BRDA:168,12,1,0
BRDA:209,13,0,1
BRDA:209,13,1,1
BRDA:224,14,0,0
BRDA:224,14,1,1
BRDA:239,15,0,1
BRDA:239,15,1,0
BRDA:267,16,0,1
BRDA:267,16,1,0
BRDA:271,17,0,1
BRDA:271,17,1,1
BRDA:274,18,0,0
BRDA:274,18,1,1
BRDA:327,19,0,2
BRDA:327,19,1,0
BRDA:328,20,0,0
BRDA:328,20,1,0
BRDA:331,21,0,0
BRDA:331,21,1,0
BRDA:334,22,0,0
BRDA:334,22,1,0
BRDA:335,23,0,0
BRDA:335,23,1,0
BRF:48
BRH:11
end_of_record
TN:
SF:src/features/account/accountRequestState.ts
FN:7,(anonymous_0)
FN:12,(anonymous_1)
FN:22,(anonymous_2)
FN:32,(anonymous_3)
FNF:4
FNH:4
FNDA:1,(anonymous_0)
FNDA:1,(anonymous_1)
FNDA:1,(anonymous_2)
FNDA:1,(anonymous_3)
DA:7,2
DA:12,2
DA:15,1
DA:22,2
DA:25,1
DA:32,2
DA:35,1
DA:43,2
LF:8
LH:8
BRF:0
BRH:0
end_of_record
TN:
SF:src/features/account/accountSession.ts
FN:9,(anonymous_0)
FNF:1
FNH:1
FNDA:1,(anonymous_0)
DA:9,1
DA:10,1
LF:2
LH:2
BRF:0
BRH:0
end_of_record
TN:
SF:src/features/account/api.ts
FN:10,(anonymous_0)
FN:17,(anonymous_1)
FN:20,(anonymous_2)
FN:31,(anonymous_3)
FN:38,(anonymous_4)
FNF:5
FNH:5
FNDA:2,(anonymous_0)
FNDA:1,(anonymous_1)
FNDA:2,(anonymous_2)
FNDA:2,(anonymous_3)
FNDA:2,(anonymous_4)
DA:10,1
DA:11,2
DA:12,1
DA:14,1
DA:17,1
DA:18,1
DA:20,1
DA:25,2
DA:31,1
DA:34,2
DA:38,1
DA:41,2
LF:12
LH:12
BRDA:11,0,0,1
BRDA:11,0,1,1
BRDA:11,1,0,2
BRDA:11,1,1,2
BRF:4
BRH:4
end_of_record
TN:
SF:src/features/account/recentAuthentication.ts
FN:13,(anonymous_0)
FN:19,checkRecentAuthentication
FN:36,(anonymous_2)
FNF:3
FNH:2
FNDA:3,(anonymous_0)
FNDA:4,checkRecentAuthentication
FNDA:0,(anonymous_2)
DA:3,1
DA:13,1
DA:14,3
DA:15,2
DA:16,2
DA:23,4
DA:24,3
DA:25,3
DA:26,3
DA:27,3
DA:28,2
DA:32,0
DA:36,1
DA:37,0
LF:14
LH:12
BRDA:14,0,0,1
BRDA:14,0,1,2
BRDA:16,1,0,2
BRDA:16,1,1,0
BRDA:20,2,0,0
BRDA:21,3,0,0
BRDA:23,4,0,1
BRDA:23,4,1,3
BRDA:27,5,0,1
BRDA:27,5,1,2
BRDA:28,6,0,1
BRDA:28,6,1,1
BRDA:28,7,0,2
BRDA:28,7,1,1
BRF:14
BRH:11
end_of_record
TN:
SF:src/features/account/types.ts
FNF:0
FNH:0
LF:0
LH:0
BRF:0
BRH:0
end_of_record
TN:
SF:src/features/conversations/ChatbotScreenContainer.tsx
FN:29,ChatbotScreenContainer
FN:42,(anonymous_1)
FN:60,(anonymous_2)
FN:64,(anonymous_3)
FN:92,(anonymous_4)
FN:107,Composer
FN:148,(anonymous_6)
FN:162,(anonymous_7)
FN:169,(anonymous_8)
FN:179,(anonymous_9)
FN:234,(anonymous_10)
FN:241,(anonymous_11)
FN:253,(anonymous_12)
FN:264,titleFor
FNF:14
FNH:0
FNDA:0,ChatbotScreenContainer
FNDA:0,(anonymous_1)
FNDA:0,(anonymous_2)
FNDA:0,(anonymous_3)
FNDA:0,(anonymous_4)
FNDA:0,Composer
FNDA:0,(anonymous_6)
FNDA:0,(anonymous_7)
FNDA:0,(anonymous_8)
FNDA:0,(anonymous_9)
FNDA:0,(anonymous_10)
FNDA:0,(anonymous_11)
FNDA:0,(anonymous_12)
FNDA:0,titleFor
DA:30,0
DA:33,0
DA:34,0
DA:35,0
DA:36,0
DA:42,0
DA:61,0
DA:65,0
DA:93,0
DA:145,0
DA:146,0
DA:147,0
DA:148,0
DA:149,0
DA:150,0
DA:151,0
DA:153,0
DA:163,0
DA:170,0
DA:180,0
DA:234,0
DA:241,0
DA:253,0
DA:265,0
DA:279,0
LF:25
LH:0
BRDA:35,0,0,0
BRDA:35,0,1,0
BRDA:67,1,0,0
BRDA:67,1,1,0
BRDA:72,2,0,0
BRDA:72,2,1,0
BRDA:75,3,0,0
BRDA:75,3,1,0
BRDA:81,4,0,0
BRDA:81,4,1,0
BRDA:145,5,0,0
BRDA:145,5,1,0
BRDA:150,6,0,0
BRDA:150,6,1,0
BRDA:150,7,0,0
BRDA:150,7,1,0
BRDA:155,8,0,0
BRDA:155,8,1,0
BRDA:158,9,0,0
BRDA:158,9,1,0
BRDA:167,10,0,0
BRDA:167,10,1,0
BRDA:167,10,2,0
BRDA:167,10,3,0
BRDA:174,11,0,0
BRDA:174,11,1,0
BRDA:174,11,2,0
BRDA:180,12,0,0
BRDA:180,12,1,0
BRDA:184,13,0,0
BRDA:184,13,1,0
BRDA:187,14,0,0
BRDA:187,14,1,0
BRDA:198,15,0,0
BRDA:198,15,1,0
BRDA:198,15,2,0
BRDA:205,16,0,0
BRDA:205,16,1,0
BRDA:221,17,0,0
BRDA:221,17,1,0
BRDA:252,18,0,0
BRDA:252,18,1,0
BRDA:253,19,0,0
BRDA:253,19,1,0
BRDA:256,20,0,0
BRDA:256,20,1,0
BRDA:266,21,0,0
BRDA:266,21,1,0
BRF:48
BRH:0
end_of_record
TN:
SF:src/features/conversations/WeeklyQuestionSlider.tsx
FN:18,WeeklyQuestionSlider
FN:27,(anonymous_1)
FN:32,(anonymous_2)
FN:42,(anonymous_3)
FN:52,tintFor
FNF:5
FNH:0
FNDA:0,WeeklyQuestionSlider
FNDA:0,(anonymous_1)
FNDA:0,(anonymous_2)
FNDA:0,(anonymous_3)
FNDA:0,tintFor
DA:19,0
DA:28,0
DA:32,0
DA:43,0
DA:53,0
DA:54,0
DA:55,0
DA:58,0
LF:8
LH:0
BRDA:53,0,0,0
BRDA:53,0,1,0
BRDA:54,1,0,0
BRDA:54,1,1,0
BRF:4
BRH:0
end_of_record
TN:
SF:src/features/conversations/api.ts
FN:18,(anonymous_0)
FN:19,(anonymous_1)
FN:27,(anonymous_2)
FN:37,(anonymous_3)
FN:42,(anonymous_4)
FN:55,(anonymous_5)
FN:57,(anonymous_6)
FN:61,(anonymous_7)
FN:78,(anonymous_8)
FN:92,(anonymous_9)
FN:107,symptomObservationValidationError
FN:127,(anonymous_11)
FNF:12
FNH:7
FNDA:3,(anonymous_0)
FNDA:0,(anonymous_1)
FNDA:1,(anonymous_2)
FNDA:1,(anonymous_3)
FNDA:2,(anonymous_4)
FNDA:0,(anonymous_5)
FNDA:0,(anonymous_6)
FNDA:1,(anonymous_7)
FNDA:0,(anonymous_8)
FNDA:1,(anonymous_9)
FNDA:3,symptomObservationValidationError
FNDA:0,(anonymous_11)
DA:18,3
DA:19,1
DA:23,0
DA:27,1
DA:32,1
DA:37,1
DA:38,1
DA:42,1
DA:49,2
DA:55,1
DA:56,0
DA:57,1
DA:58,0
DA:61,1
DA:68,1
DA:78,1
DA:83,0
DA:92,1
DA:101,1
DA:113,3
DA:114,0
DA:115,3
DA:121,1
DA:122,2
DA:123,2
DA:127,1
DA:128,0
LF:27
LH:21
BRDA:113,0,0,0
BRDA:113,0,1,3
BRDA:113,1,0,3
BRDA:113,1,1,3
BRDA:115,2,0,1
BRDA:115,2,1,2
BRDA:116,3,0,3
BRDA:116,3,1,2
BRDA:116,3,2,2
BRDA:116,3,3,2
BRDA:122,4,0,0
BRDA:122,4,1,2
BRDA:122,5,0,2
BRDA:122,5,1,0
BRDA:123,6,0,1
BRDA:123,6,1,1
BRF:16
BRH:13
end_of_record
TN:
SF:src/features/conversations/conversationInteractions.ts
FN:5,isWeeklyMultiSelect
FN:11,isWeeklySlider
FN:15,selectedOptionText
FN:21,(anonymous_3)
FN:22,(anonymous_4)
FN:27,weeklySelectionValue
FN:35,weeklySliderLabel
FN:50,sliderButtonLabel
FNF:8
FNH:7
FNDA:3,isWeeklyMultiSelect
FNDA:0,isWeeklySlider
FNDA:1,selectedOptionText
FNDA:2,(anonymous_3)
FNDA:2,(anonymous_4)
FNDA:3,weeklySelectionValue
FNDA:1,weeklySliderLabel
FNDA:1,sliderButtonLabel
DA:8,3
DA:12,0
DA:19,1
DA:20,1
DA:21,2
DA:22,2
DA:31,3
DA:32,2
DA:39,1
DA:43,1
DA:44,0
DA:45,0
DA:46,0
DA:47,0
DA:54,1
LF:15
LH:10
BRDA:31,0,0,1
BRDA:31,0,1,2
BRDA:32,1,0,1
BRDA:32,1,1,1
BRDA:32,2,0,1
BRDA:32,2,1,0
BRDA:39,3,0,1
BRDA:39,3,1,0
BRDA:43,4,0,1
BRDA:43,4,1,0
BRDA:44,5,0,0
BRDA:44,5,1,0
BRDA:44,6,0,0
BRDA:44,6,1,0
BRDA:45,7,0,0
BRDA:45,7,1,0
BRDA:45,8,0,0
BRDA:45,8,1,0
BRDA:46,9,0,0
BRDA:46,9,1,0
BRDA:46,10,0,0
BRDA:46,10,1,0
BRDA:47,11,0,0
BRDA:47,11,1,0
BRF:24
BRH:7
end_of_record
TN:
SF:src/features/conversations/conversationMappers.ts
FN:6,(anonymous_0)
FN:12,(anonymous_1)
FN:18,choiceOptions
FN:20,(anonymous_3)
FNF:4
FNH:0
FNDA:0,(anonymous_0)
FNDA:0,(anonymous_1)
FNDA:0,choiceOptions
FNDA:0,(anonymous_3)
DA:6,0
DA:12,0
DA:19,0
DA:20,0
LF:4
LH:0
BRDA:19,0,0,0
BRDA:19,0,1,0
BRDA:21,1,0,0
BRDA:21,1,1,0
BRDA:22,2,0,0
BRDA:22,2,1,0
BRF:6
BRH:0
end_of_record
TN:
SF:src/features/conversations/conversationReducer.ts
FN:25,conversationReducer
FN:59,(anonymous_1)
FNF:2
FNH:1
FNDA:8,conversationReducer
FNDA:0,(anonymous_1)
DA:6,1
DA:29,8
DA:31,0
DA:37,1
DA:53,0
DA:55,0
DA:57,2
DA:58,2
DA:59,0
DA:63,2
DA:66,1
DA:68,0
DA:70,0
DA:72,3
DA:74,1
DA:76,0
DA:78,0
LF:17
LH:9
BRDA:29,0,0,0
BRDA:29,0,1,1
BRDA:29,0,2,0
BRDA:29,0,3,0
BRDA:29,0,4,2
BRDA:29,0,5,1
BRDA:29,0,6,0
BRDA:29,0,7,0
BRDA:29,0,8,3
BRDA:29,0,9,1
BRDA:29,0,10,0
BRDA:29,0,11,0
BRDA:40,1,0,1
BRDA:40,1,1,1
BRDA:42,2,0,1
BRDA:42,2,1,0
BRDA:43,3,0,1
BRDA:43,3,1,1
BRDA:44,4,0,1
BRDA:44,4,1,1
BRDA:45,5,0,1
BRDA:45,5,1,1
BRDA:46,6,0,1
BRDA:46,6,1,1
BRDA:58,7,0,0
BRDA:58,7,1,2
BRDA:60,8,0,2
BRDA:60,8,1,0
BRDA:70,9,0,0
BRDA:70,9,1,0
BRF:30
BRH:18
end_of_record
TN:
SF:src/features/conversations/conversationTypes.ts
FN:68,flowFor
FN:85,normalizeMessages
FN:88,(anonymous_2)
FN:94,(anonymous_3)
FNF:4
FNH:0
FNDA:0,flowFor
FNDA:0,normalizeMessages
FNDA:0,(anonymous_2)
FNDA:0,(anonymous_3)
DA:69,0
DA:71,0
DA:73,0
DA:75,0
DA:77,0
DA:79,0
DA:81,0
DA:86,0
DA:87,0
DA:88,0
DA:94,0
LF:11
LH:0
BRDA:69,0,0,0
BRDA:69,0,1,0
BRDA:69,0,2,0
BRDA:69,0,3,0
BRDA:69,0,4,0
BRDA:69,0,5,0
BRDA:86,1,0,0
BRDA:86,1,1,0
BRDA:89,2,0,0
BRDA:89,2,1,0
BRDA:89,2,2,0
BRDA:90,3,0,0
BRDA:90,3,1,0
BRDA:90,3,2,0
BRDA:91,4,0,0
BRDA:91,4,1,0
BRDA:92,5,0,0
BRDA:92,5,1,0
BRF:18
BRH:0
end_of_record
TN:
SF:src/features/conversations/useConversationController.ts
FN:17,useConversationController
FN:24,(anonymous_1)
FN:27,(anonymous_2)
FN:34,(anonymous_3)
FN:40,(anonymous_4)
FN:47,(anonymous_5)
FN:54,(anonymous_6)
FN:60,(anonymous_7)
FN:62,(anonymous_8)
FN:63,(anonymous_9)
FN:65,(anonymous_10)
FN:66,(anonymous_11)
FN:68,(anonymous_12)
FNF:13
FNH:0
FNDA:0,useConversationController
FNDA:0,(anonymous_1)
FNDA:0,(anonymous_2)
FNDA:0,(anonymous_3)
FNDA:0,(anonymous_4)
FNDA:0,(anonymous_5)
FNDA:0,(anonymous_6)
FNDA:0,(anonymous_7)
FNDA:0,(anonymous_8)
FNDA:0,(anonymous_9)
FNDA:0,(anonymous_10)
FNDA:0,(anonymous_11)
FNDA:0,(anonymous_12)
DA:18,0
DA:19,0
DA:23,0
DA:24,0
DA:26,0
DA:27,0
DA:28,0
DA:29,0
DA:30,0
DA:31,0
DA:33,0
DA:34,0
DA:35,0
DA:36,0
DA:37,0
DA:38,0
DA:40,0
DA:41,0
DA:42,0
DA:44,0
DA:50,0
DA:55,0
DA:60,0
DA:62,0
DA:64,0
DA:65,0
DA:67,0
DA:69,0
LF:28
LH:0
BRF:0
BRH:0
end_of_record
TN:
SF:src/features/conversations/useConversationInitialization.ts
FN:20,(anonymous_0)
FN:29,hydrateWeekly
FN:30,(anonymous_2)
FN:32,(anonymous_3)
FN:51,useConversationInitialization
FN:57,(anonymous_5)
FN:61,(anonymous_6)
FNF:7
FNH:0
FNDA:0,(anonymous_0)
FNDA:0,hydrateWeekly
FNDA:0,(anonymous_2)
FNDA:0,(anonymous_3)
FNDA:0,useConversationInitialization
FNDA:0,(anonymous_5)
FNDA:0,(anonymous_6)
DA:20,0
DA:23,0
DA:30,0
DA:32,0
DA:33,0
DA:55,0
DA:56,0
DA:57,0
DA:58,0
DA:59,0
DA:61,0
DA:62,0
DA:63,0
DA:64,0
DA:65,0
DA:66,0
DA:67,0
DA:68,0
DA:69,0
DA:73,0
DA:75,0
DA:79,0
DA:87,0
DA:88,0
DA:94,0
LF:25
LH:0
BRDA:23,0,0,0
BRDA:23,0,1,0
BRDA:25,1,0,0
BRDA:25,1,1,0
BRDA:32,2,0,0
BRDA:32,2,1,0
BRDA:35,3,0,0
BRDA:35,3,1,0
BRDA:43,4,0,0
BRDA:43,4,1,0
BRDA:43,5,0,0
BRDA:43,5,1,0
BRDA:67,6,0,0
BRDA:67,6,1,0
BRDA:70,7,0,0
BRDA:70,7,1,0
BRDA:87,8,0,0
BRDA:87,8,1,0
BRF:18
BRH:0
end_of_record
TN:
SF:src/features/conversations/useConversationSending.ts
FN:23,(anonymous_0)
FN:23,(anonymous_1)
FN:24,(anonymous_2)
FN:25,(anonymous_3)
FN:31,waitForResponse
FN:39,useConversationSending
FN:45,(anonymous_6)
FN:47,(anonymous_7)
FN:55,(anonymous_8)
FNF:9
FNH:0
FNDA:0,(anonymous_0)
FNDA:0,(anonymous_1)
FNDA:0,(anonymous_2)
FNDA:0,(anonymous_3)
FNDA:0,waitForResponse
FNDA:0,useConversationSending
FNDA:0,(anonymous_6)
FNDA:0,(anonymous_7)
FNDA:0,(anonymous_8)
DA:23,0
DA:24,0
DA:25,0
DA:32,0
DA:33,0
DA:34,0
DA:35,0
DA:43,0
DA:44,0
DA:46,0
DA:48,0
DA:49,0
DA:50,0
DA:54,0
DA:56,0
DA:57,0
DA:58,0
DA:59,0
DA:60,0
DA:61,0
DA:62,0
DA:63,0
DA:64,0
DA:71,0
DA:72,0
DA:73,0
DA:74,0
DA:75,0
DA:83,0
DA:84,0
DA:86,0
DA:87,0
DA:88,0
DA:95,0
DA:96,0
DA:97,0
DA:98,0
DA:106,0
LF:38
LH:0
BRDA:34,0,0,0
BRDA:34,0,1,0
BRDA:46,1,0,0
BRDA:46,1,1,0
BRDA:56,2,0,0
BRDA:56,2,1,0
BRDA:57,3,0,0
BRDA:57,3,1,0
BRDA:57,4,0,0
BRDA:57,4,1,0
BRDA:57,4,2,0
BRDA:62,5,0,0
BRDA:62,5,1,0
BRDA:62,6,0,0
BRDA:62,6,1,0
BRDA:62,6,2,0
BRDA:68,7,0,0
BRDA:68,7,1,0
BRDA:73,8,0,0
BRDA:73,8,1,0
BRDA:74,9,0,0
BRDA:74,9,1,0
BRDA:86,10,0,0
BRDA:86,10,1,0
BRDA:96,11,0,0
BRDA:96,11,1,0
BRF:26
BRH:0
end_of_record
TN:
SF:src/features/conversations/useConversationVoice.ts
FN:4,useConversationVoice
FN:9,(anonymous_1)
FN:19,(anonymous_2)
FNF:3
FNH:0
FNDA:0,useConversationVoice
FNDA:0,(anonymous_1)
FNDA:0,(anonymous_2)
DA:9,0
DA:10,0
DA:14,0
DA:19,0
LF:4
LH:0
BRF:0
BRH:0
end_of_record
TN:
SF:src/features/home/HomeScreenContainer.tsx
FN:10,HomeScreenContainer
FN:50,LoadingState
FN:63,RetryState
FNF:3
FNH:0
FNDA:0,HomeScreenContainer
FNDA:0,LoadingState
FNDA:0,RetryState
DA:11,0
DA:12,0
DA:13,0
DA:15,0
DA:16,0
DA:24,0
DA:51,0
DA:72,0
DA:85,0
LF:9
LH:0
BRDA:12,0,0,0
BRDA:12,0,1,0
BRDA:12,1,0,0
BRDA:12,1,1,0
BRDA:13,2,0,0
BRDA:13,2,1,0
BRDA:15,3,0,0
BRDA:15,3,1,0
BRDA:15,4,0,0
BRDA:15,4,1,0
BRDA:18,5,0,0
BRDA:18,5,1,0
BRDA:55,6,0,0
BRDA:55,6,1,0
BRF:14
BRH:0
end_of_record
TN:
SF:src/features/home/operationKeys.ts
FN:9,createOperationKeyStore
FN:14,(anonymous_1)
FN:21,(anonymous_2)
FNF:3
FNH:3
FNDA:1,createOperationKeyStore
FNDA:3,(anonymous_1)
FNDA:1,(anonymous_2)
DA:12,1
DA:13,1
DA:15,3
DA:16,3
DA:17,2
DA:18,2
DA:19,2
DA:22,1
LF:8
LH:8
BRDA:10,0,0,0
BRDA:16,1,0,1
BRDA:16,1,1,2
BRF:3
BRH:2
end_of_record
TN:
SF:src/features/home/usePlanEngagement.ts
FN:25,usePlanEngagement
FN:32,(anonymous_1)
FN:39,(anonymous_2)
FN:61,(anonymous_3)
FN:68,(anonymous_4)
FN:88,(anonymous_5)
FN:92,(anonymous_6)
FN:106,(anonymous_7)
FN:108,(anonymous_8)
FN:113,(anonymous_9)
FN:122,runItemOperation
FN:128,(anonymous_11)
FN:132,(anonymous_12)
FN:137,(anonymous_13)
FNF:14
FNH:0
FNDA:0,usePlanEngagement
FNDA:0,(anonymous_1)
FNDA:0,(anonymous_2)
FNDA:0,(anonymous_3)
FNDA:0,(anonymous_4)
FNDA:0,(anonymous_5)
FNDA:0,(anonymous_6)
FNDA:0,(anonymous_7)
FNDA:0,(anonymous_8)
FNDA:0,(anonymous_9)
FNDA:0,runItemOperation
FNDA:0,(anonymous_11)
FNDA:0,(anonymous_12)
FNDA:0,(anonymous_13)
DA:31,0
DA:33,0
DA:34,0
DA:35,0
DA:36,0
DA:40,0
DA:52,0
DA:60,0
DA:62,0
DA:63,0
DA:64,0
DA:65,0
DA:69,0
DA:79,0
DA:87,0
DA:89,0
DA:90,0
DA:91,0
DA:92,0
DA:97,0
DA:98,0
DA:104,0
DA:105,0
DA:106,0
DA:108,0
DA:113,0
DA:119,0
DA:128,0
DA:129,0
DA:130,0
DA:132,0
DA:137,0
LF:32
LH:0
BRDA:34,0,0,0
BRDA:34,0,1,0
BRDA:34,1,0,0
BRDA:34,1,1,0
BRDA:63,2,0,0
BRDA:63,2,1,0
BRDA:63,3,0,0
BRDA:63,3,1,0
BRDA:90,4,0,0
BRDA:90,4,1,0
BRDA:90,5,0,0
BRDA:90,5,1,0
BRF:12
BRH:0
end_of_record
TN:
SF:src/features/home/usePlanGeneration.ts
FN:24,(anonymous_0)
FN:24,(anonymous_1)
FN:26,usePlanGeneration
FN:33,(anonymous_3)
FN:37,(anonymous_4)
FN:49,(anonymous_5)
FN:50,(anonymous_6)
FN:54,(anonymous_7)
FN:58,(anonymous_8)
FN:68,(anonymous_9)
FN:69,(anonymous_10)
FN:86,updateFromJob
FN:94,setGenerationError
FN:98,(anonymous_13)
FNF:14
FNH:0
FNDA:0,(anonymous_0)
FNDA:0,(anonymous_1)
FNDA:0,usePlanGeneration
FNDA:0,(anonymous_3)
FNDA:0,(anonymous_4)
FNDA:0,(anonymous_5)
FNDA:0,(anonymous_6)
FNDA:0,(anonymous_7)
FNDA:0,(anonymous_8)
FNDA:0,(anonymous_9)
FNDA:0,(anonymous_10)
FNDA:0,updateFromJob
FNDA:0,setGenerationError
FNDA:0,(anonymous_13)
DA:24,0
DA:32,0
DA:34,0
DA:35,0
DA:36,0
DA:37,0
DA:38,0
DA:39,0
DA:40,0
DA:41,0
DA:43,0
DA:49,0
DA:50,0
DA:51,0
DA:52,0
DA:53,0
DA:54,0
DA:55,0
DA:57,0
DA:58,0
DA:67,0
DA:69,0
DA:70,0
DA:71,0
DA:72,0
DA:74,0
DA:75,0
DA:76,0
DA:78,0
DA:83,0
DA:87,0
DA:98,0
LF:32
LH:0
BRDA:36,0,0,0
BRDA:36,0,1,0
BRDA:38,1,0,0
BRDA:38,1,1,0
BRDA:39,2,0,0
BRDA:39,2,1,0
BRDA:53,3,0,0
BRDA:53,3,1,0
BRDA:57,4,0,0
BRDA:57,4,1,0
BRDA:70,5,0,0
BRDA:70,5,1,0
BRDA:74,6,0,0
BRDA:74,6,1,0
BRDA:90,7,0,0
BRDA:90,7,1,0
BRF:16
BRH:0
end_of_record
TN:
SF:src/features/home/useV2HomeController.ts
FN:30,useV2HomeController
FN:35,(anonymous_1)
FN:36,(anonymous_2)
FN:40,(anonymous_3)
FN:44,(anonymous_4)
FN:51,(anonymous_5)
FN:62,(anonymous_6)
FN:65,(anonymous_7)
FN:71,(anonymous_8)
FN:78,(anonymous_9)
FN:79,(anonymous_10)
FN:87,(anonymous_11)
FN:90,(anonymous_12)
FN:95,(anonymous_13)
FN:107,(anonymous_14)
FN:108,(anonymous_15)
FN:116,(anonymous_16)
FN:119,recoverMissingPlan
FN:126,(anonymous_18)
FN:135,(anonymous_19)
FNF:20
FNH:0
FNDA:0,useV2HomeController
FNDA:0,(anonymous_1)
FNDA:0,(anonymous_2)
FNDA:0,(anonymous_3)
FNDA:0,(anonymous_4)
FNDA:0,(anonymous_5)
FNDA:0,(anonymous_6)
FNDA:0,(anonymous_7)
FNDA:0,(anonymous_8)
FNDA:0,(anonymous_9)
FNDA:0,(anonymous_10)
FNDA:0,(anonymous_11)
FNDA:0,(anonymous_12)
FNDA:0,(anonymous_13)
FNDA:0,(anonymous_14)
FNDA:0,(anonymous_15)
FNDA:0,(anonymous_16)
FNDA:0,recoverMissingPlan
FNDA:0,(anonymous_18)
FNDA:0,(anonymous_19)
DA:31,0
DA:32,0
DA:33,0
DA:35,0
DA:36,0
DA:37,0
DA:38,0
DA:40,0
DA:42,0
DA:43,0
DA:44,0
DA:46,0
DA:47,0
DA:48,0
DA:50,0
DA:51,0
DA:60,0
DA:61,0
DA:62,0
DA:63,0
DA:64,0
DA:65,0
DA:69,0
DA:71,0
DA:78,0
DA:79,0
DA:87,0
DA:88,0
DA:89,0
DA:90,0
DA:91,0
DA:95,0
DA:96,0
DA:97,0
DA:100,0
DA:108,0
DA:116,0
DA:117,0
DA:123,0
DA:124,0
DA:125,0
DA:126,0
DA:134,0
DA:135,0
LF:44
LH:0
BRDA:35,0,0,0
BRDA:43,1,0,0
BRDA:43,1,1,0
BRDA:46,2,0,0
BRDA:46,2,1,0
BRDA:46,3,0,0
BRDA:46,3,1,0
BRDA:50,4,0,0
BRDA:50,4,1,0
BRDA:63,5,0,0
BRDA:63,5,1,0
BRDA:64,6,0,0
BRDA:64,6,1,0
BRDA:96,7,0,0
BRDA:96,7,1,0
BRDA:96,8,0,0
BRDA:96,8,1,0
BRDA:117,9,0,0
BRDA:117,9,1,0
BRDA:125,10,0,0
BRDA:125,10,1,0
BRDA:134,11,0,0
BRDA:134,11,1,0
BRF:23
BRH:0
end_of_record
TN:
SF:src/features/home/v2HomeModel.ts
FN:36,(anonymous_0)
FNF:1
FNH:0
FNDA:0,(anonymous_0)
DA:23,0
DA:36,0
DA:37,0
DA:38,0
DA:40,0
LF:5
LH:0
BRDA:37,0,0,0
BRDA:37,0,1,0
BRDA:38,1,0,0
BRDA:38,1,1,0
BRDA:40,2,0,0
BRDA:40,2,1,0
BRF:6
BRH:0
end_of_record
TN:
SF:src/features/insights/InsightsScreen.tsx
FN:15,InsightsScreen
FN:54,(anonymous_1)
FN:72,(anonymous_2)
FNF:3
FNH:0
FNDA:0,InsightsScreen
FNDA:0,(anonymous_1)
FNDA:0,(anonymous_2)
DA:8,0
DA:16,0
DA:17,0
DA:18,0
DA:20,0
DA:22,0
DA:55,0
DA:73,0
LF:8
LH:0
BRDA:20,0,0,0
BRDA:20,0,1,0
BRDA:20,0,2,0
BRDA:27,1,0,0
BRDA:27,1,1,0
BRDA:33,2,0,0
BRDA:33,2,1,0
BRDA:36,3,0,0
BRDA:36,3,1,0
BRDA:40,4,0,0
BRDA:40,4,1,0
BRDA:53,5,0,0
BRDA:53,5,1,0
BRDA:58,6,0,0
BRDA:58,6,1,0
BRDA:71,7,0,0
BRDA:71,7,1,0
BRDA:78,8,0,0
BRDA:78,8,1,0
BRDA:82,9,0,0
BRDA:82,9,1,0
BRF:21
BRH:0
end_of_record
TN:
SF:src/features/insights/api.ts
FN:12,(anonymous_0)
FN:13,(anonymous_1)
FN:14,(anonymous_2)
FN:17,(anonymous_3)
FN:20,(anonymous_4)
FN:23,(anonymous_5)
FN:26,(anonymous_6)
FN:29,(anonymous_7)
FN:32,(anonymous_8)
FN:35,(anonymous_9)
FN:38,(anonymous_10)
FN:41,(anonymous_11)
FNF:12
FNH:3
FNDA:0,(anonymous_0)
FNDA:0,(anonymous_1)
FNDA:0,(anonymous_2)
FNDA:1,(anonymous_3)
FNDA:1,(anonymous_4)
FNDA:1,(anonymous_5)
FNDA:0,(anonymous_6)
FNDA:0,(anonymous_7)
FNDA:0,(anonymous_8)
FNDA:0,(anonymous_9)
FNDA:0,(anonymous_10)
FNDA:0,(anonymous_11)
DA:10,1
DA:12,0
DA:13,0
DA:14,0
DA:17,1
DA:18,1
DA:20,1
DA:21,1
DA:23,1
DA:24,1
DA:26,1
DA:27,0
DA:29,0
DA:32,1
DA:33,0
DA:35,0
DA:38,1
DA:39,0
DA:41,0
LF:19
LH:10
BRF:0
BRH:0
end_of_record
TN:
SF:src/features/insights/insightsStyles.ts
FNF:0
FNH:0
DA:3,0
LF:1
LH:0
BRF:0
BRH:0
end_of_record
TN:
SF:src/features/jobs/api.ts
FN:10,(anonymous_0)
FN:13,(anonymous_1)
FN:22,(anonymous_2)
FN:25,(anonymous_3)
FN:27,(anonymous_4)
FNF:5
FNH:0
FNDA:0,(anonymous_0)
FNDA:0,(anonymous_1)
FNDA:0,(anonymous_2)
FNDA:0,(anonymous_3)
FNDA:0,(anonymous_4)
DA:8,0
DA:10,0
DA:13,0
DA:17,0
DA:22,0
DA:23,0
DA:25,0
DA:27,0
LF:8
LH:0
BRDA:24,0,0,0
BRDA:24,0,1,0
BRF:2
BRH:0
end_of_record
TN:
SF:src/features/jobs/jobState.ts
FN:10,(anonymous_0)
FN:13,(anonymous_1)
FN:16,(anonymous_2)
FN:28,(anonymous_3)
FN:29,(anonymous_4)
FN:32,waitForTerminalJob
FNF:6
FNH:4
FNDA:12,(anonymous_0)
FNDA:3,(anonymous_1)
FNDA:3,(anonymous_2)
FNDA:0,(anonymous_3)
FNDA:0,(anonymous_4)
FNDA:2,waitForTerminalJob
DA:3,1
DA:10,1
DA:11,12
DA:13,1
DA:14,3
DA:16,1
DA:18,3
DA:28,1
DA:29,0
DA:36,2
DA:37,2
DA:38,2
DA:39,2
DA:40,2
DA:42,2
DA:43,5
DA:44,0
DA:45,0
DA:46,0
DA:49,5
DA:50,5
DA:51,4
DA:52,1
DA:54,3
LF:24
LH:20
BRDA:14,0,0,3
BRDA:14,0,1,3
BRDA:18,1,0,2
BRDA:18,1,1,1
BRDA:34,2,0,0
BRDA:36,3,0,2
BRDA:36,3,1,1
BRDA:37,4,0,2
BRDA:37,4,1,0
BRDA:39,5,0,2
BRDA:39,5,1,1
BRDA:40,6,0,2
BRDA:40,6,1,2
BRDA:43,7,0,0
BRDA:43,7,1,5
BRDA:50,8,0,1
BRDA:50,8,1,4
BRDA:51,9,0,1
BRDA:51,9,1,3
BRF:19
BRH:16
end_of_record
TN:
SF:src/features/onboarding/api.ts
FN:11,(anonymous_0)
FN:17,(anonymous_1)
FN:39,(anonymous_2)
FNF:3
FNH:0
FNDA:0,(anonymous_0)
FNDA:0,(anonymous_1)
FNDA:0,(anonymous_2)
DA:11,0
DA:12,0
DA:17,0
DA:24,0
DA:39,0
DA:45,0
LF:6
LH:0
BRF:0
BRH:0
end_of_record
TN:
SF:src/features/onboarding/index.ts
FNF:0
FNH:0
LF:0
LH:0
BRF:0
BRH:0
end_of_record
TN:
SF:src/features/onboarding/questionnaire/QuestionnaireError.tsx
FN:13,QuestionnaireError
FNF:1
FNH:0
FNDA:0,QuestionnaireError
DA:14,0
LF:1
LH:0
BRF:0
BRH:0
end_of_record
TN:
SF:src/features/onboarding/questionnaire/QuestionnairePrompt.tsx
FN:20,QuestionnairePrompt
FNF:1
FNH:0
FNDA:0,QuestionnairePrompt
DA:21,0
LF:1
LH:0
BRF:0
BRH:0
end_of_record
TN:
SF:src/features/onboarding/questionnaire/QuestionnaireQuestionField.tsx
FN:25,dateFor
FN:34,optionList
FN:37,(anonymous_2)
FN:43,isSelected
FN:48,otherInputKey
FN:52,QuestionnaireQuestionField
FN:54,(anonymous_6)
FN:56,(anonymous_7)
FN:68,(anonymous_8)
FN:71,(anonymous_9)
FN:85,(anonymous_10)
FN:92,QuestionLabel
FN:108,ChipFields
FN:110,(anonymous_13)
FN:113,ButtonFields
FN:115,(anonymous_15)
FN:120,OtherOption
FN:122,(anonymous_17)
FN:125,otherProps
FN:128,(anonymous_19)
FN:131,selectionFor
FN:136,otherPlaceholder
FNF:22
FNH:0
FNDA:0,dateFor
FNDA:0,optionList
FNDA:0,(anonymous_2)
FNDA:0,isSelected
FNDA:0,otherInputKey
FNDA:0,QuestionnaireQuestionField
FNDA:0,(anonymous_6)
FNDA:0,(anonymous_7)
FNDA:0,(anonymous_8)
FNDA:0,(anonymous_9)
FNDA:0,(anonymous_10)
FNDA:0,QuestionLabel
FNDA:0,ChipFields
FNDA:0,(anonymous_13)
FNDA:0,ButtonFields
FNDA:0,(anonymous_15)
FNDA:0,OtherOption
FNDA:0,(anonymous_17)
FNDA:0,otherProps
FNDA:0,(anonymous_19)
FNDA:0,selectionFor
FNDA:0,otherPlaceholder
DA:23,0
DA:26,0
DA:27,0
DA:28,0
DA:31,0
DA:35,0
DA:36,0
DA:37,0
DA:38,0
DA:39,0
DA:44,0
DA:45,0
DA:49,0
DA:53,0
DA:54,0
DA:55,0
DA:56,0
DA:57,0
DA:58,0
DA:61,0
DA:68,0
DA:71,0
DA:85,0
DA:93,0
DA:94,0
DA:95,0
DA:96,0
DA:109,0
DA:110,0
DA:114,0
DA:115,0
DA:121,0
DA:122,0
DA:126,0
DA:127,0
DA:128,0
DA:132,0
DA:133,0
DA:137,0
LF:39
LH:0
BRDA:26,0,0,0
BRDA:26,0,1,0
BRDA:26,1,0,0
BRDA:26,1,1,0
BRDA:28,2,0,0
BRDA:28,2,1,0
BRDA:31,3,0,0
BRDA:31,3,1,0
BRDA:36,4,0,0
BRDA:36,4,1,0
BRDA:36,5,0,0
BRDA:36,5,1,0
BRDA:38,6,0,0
BRDA:38,6,1,0
BRDA:39,7,0,0
BRDA:39,7,1,0
BRDA:45,8,0,0
BRDA:45,8,1,0
BRDA:45,9,0,0
BRDA:45,9,1,0
BRDA:55,10,0,0
BRDA:55,10,1,0
BRDA:64,11,0,0
BRDA:64,11,1,0
BRDA:64,12,0,0
BRDA:64,12,1,0
BRDA:66,13,0,0
BRDA:66,13,1,0
BRDA:67,14,0,0
BRDA:67,14,1,0
BRDA:67,15,0,0
BRDA:67,15,1,0
BRDA:69,16,0,0
BRDA:69,16,1,0
BRDA:73,17,0,0
BRDA:73,17,1,0
BRDA:77,18,0,0
BRDA:77,18,1,0
BRDA:78,19,0,0
BRDA:78,19,1,0
BRDA:80,20,0,0
BRDA:80,20,1,0
BRDA:80,21,0,0
BRDA:80,21,1,0
BRDA:85,22,0,0
BRDA:85,22,1,0
BRDA:85,23,0,0
BRDA:85,23,1,0
BRDA:93,24,0,0
BRDA:93,24,1,0
BRDA:94,25,0,0
BRDA:94,25,1,0
BRDA:95,26,0,0
BRDA:95,26,1,0
BRDA:115,27,0,0
BRDA:115,27,1,0
BRDA:116,28,0,0
BRDA:116,28,1,0
BRDA:122,29,0,0
BRDA:122,29,1,0
BRDA:122,30,0,0
BRDA:122,30,1,0
BRDA:126,31,0,0
BRDA:126,31,1,0
BRDA:128,32,0,0
BRDA:128,32,1,0
BRDA:133,33,0,0
BRDA:133,33,1,0
BRDA:133,34,0,0
BRDA:133,34,1,0
BRDA:137,35,0,0
BRDA:137,35,1,0
BRDA:137,36,0,0
BRDA:137,36,1,0
BRF:74
BRH:0
end_of_record
TN:
SF:src/features/onboarding/questionnaire/QuestionnaireScreenView.tsx
FN:29,QuestionnaireScreenView
FN:32,(anonymous_1)
FN:45,(anonymous_2)
FN:58,(anonymous_3)
FNF:4
FNH:0
FNDA:0,QuestionnaireScreenView
FNDA:0,(anonymous_1)
FNDA:0,(anonymous_2)
FNDA:0,(anonymous_3)
DA:30,0
DA:31,0
DA:32,0
DA:33,0
DA:35,0
DA:37,0
DA:45,0
DA:58,0
LF:8
LH:0
BRDA:35,0,0,0
BRDA:35,0,1,0
BRDA:54,1,0,0
BRDA:54,1,1,0
BRDA:63,2,0,0
BRDA:63,2,1,0
BRF:6
BRH:0
end_of_record
TN:
SF:src/features/onboarding/questionnaire/assessmentMapper.ts
FN:51,(anonymous_0)
FN:54,(anonymous_1)
FN:57,(anonymous_2)
FN:67,(anonymous_3)
FN:72,(anonymous_4)
FN:73,(anonymous_5)
FN:80,(anonymous_6)
FN:84,(anonymous_7)
FN:90,(anonymous_8)
FN:97,(anonymous_9)
FN:106,(anonymous_10)
FN:124,mapQuestionnaireAnswers
FNF:12
FNH:11
FNDA:31,(anonymous_0)
FNDA:12,(anonymous_1)
FNDA:10,(anonymous_2)
FNDA:16,(anonymous_3)
FNDA:5,(anonymous_4)
FNDA:5,(anonymous_5)
FNDA:10,(anonymous_6)
FNDA:0,(anonymous_7)
FNDA:6,(anonymous_8)
FNDA:5,(anonymous_9)
FNDA:2,(anonymous_10)
FNDA:2,mapQuestionnaireAnswers
DA:7,1
DA:13,1
DA:18,1
DA:25,1
DA:31,1
DA:39,1
DA:44,1
DA:45,1
DA:46,1
DA:47,1
DA:49,1
DA:51,1
DA:52,31
DA:54,1
DA:55,12
DA:57,1
DA:61,10
DA:62,10
DA:67,1
DA:68,16
DA:69,3
DA:72,5
DA:73,5
DA:77,3
DA:80,1
DA:84,10
DA:85,0
DA:87,10
DA:90,1
DA:94,6
DA:95,6
DA:96,6
DA:97,5
DA:103,6
DA:106,1
DA:107,2
DA:108,2
DA:109,2
DA:110,2
DA:111,1
DA:112,1
DA:113,1
DA:118,0
DA:120,1
DA:128,2
DA:135,2
LF:46
LH:44
BRDA:52,0,0,5
BRDA:52,0,1,26
BRDA:52,1,0,31
BRDA:52,1,1,5
BRDA:55,2,0,1
BRDA:55,2,1,11
BRDA:62,3,0,0
BRDA:62,3,1,10
BRDA:62,4,0,10
BRDA:62,4,1,0
BRDA:68,5,0,13
BRDA:68,5,1,3
BRDA:77,6,0,3
BRDA:77,6,1,0
BRDA:87,7,0,0
BRDA:87,7,1,10
BRDA:94,8,0,6
BRDA:94,8,1,3
BRDA:99,9,0,2
BRDA:99,9,1,4
BRDA:99,10,0,6
BRDA:99,10,1,2
BRDA:103,11,0,3
BRDA:103,11,1,3
BRDA:108,12,0,0
BRDA:108,12,1,2
BRDA:110,13,0,1
BRDA:110,13,1,1
BRDA:113,14,0,0
BRDA:113,14,1,1
BRDA:114,15,0,1
BRDA:114,15,1,1
BRDA:114,15,2,1
BRDA:128,16,0,1
BRDA:128,16,1,1
BRDA:128,17,0,2
BRDA:128,17,1,2
BRDA:128,17,2,2
BRDA:128,17,3,1
BRF:39
BRH:33
end_of_record
TN:
SF:src/features/onboarding/questionnaire/questionnaireData.ts
FN:72,stepForAnswers
FN:75,(anonymous_1)
FN:78,(anonymous_2)
FN:82,(anonymous_3)
FN:85,(anonymous_4)
FNF:5
FNH:1
FNDA:0,stepForAnswers
FNDA:0,(anonymous_1)
FNDA:0,(anonymous_2)
FNDA:0,(anonymous_3)
FNDA:8,(anonymous_4)
DA:3,1
DA:70,1
DA:73,0
DA:74,0
DA:75,0
DA:76,0
DA:77,0
DA:78,0
DA:80,0
DA:81,0
DA:82,0
DA:85,8
LF:12
LH:3
BRDA:74,0,0,0
BRDA:74,0,1,0
BRDA:74,1,0,0
BRDA:74,1,1,0
BRDA:75,2,0,0
BRDA:75,2,1,0
BRDA:76,3,0,0
BRDA:76,3,1,0
BRDA:78,4,0,0
BRDA:78,4,1,0
BRDA:79,5,0,0
BRDA:79,5,1,0
BRDA:79,6,0,0
BRDA:79,6,1,0
BRDA:81,7,0,0
BRDA:81,7,1,0
BRDA:82,8,0,0
BRDA:82,8,1,0
BRF:18
BRH:0
end_of_record
TN:
SF:src/features/onboarding/questionnaire/questionnaireNavigation.ts
FN:9,continueIntent
FN:20,backIntent
FN:25,retryIntent
FNF:3
FNH:3
FNDA:3,continueIntent
FNDA:2,backIntent
FNDA:1,retryIntent
DA:10,3
DA:11,1
DA:13,2
DA:14,1
DA:15,1
DA:21,2
DA:22,1
DA:26,1
LF:8
LH:8
BRDA:10,0,0,1
BRDA:10,0,1,2
BRDA:11,1,0,1
BRDA:11,1,1,0
BRDA:11,2,0,1
BRDA:11,2,1,1
BRDA:13,3,0,1
BRDA:13,3,1,1
BRDA:14,4,0,0
BRDA:14,4,1,1
BRDA:21,5,0,1
BRDA:21,5,1,1
BRDA:22,6,0,0
BRDA:22,6,1,1
BRF:14
BRH:11
end_of_record
TN:
SF:src/features/onboarding/questionnaire/questionnaireReducer.ts
FN:11,(anonymous_0)
FN:12,(anonymous_1)
FN:14,updateMultipleChoice
FN:18,(anonymous_3)
FN:20,(anonymous_4)
FN:21,(anonymous_5)
FN:22,(anonymous_6)
FN:25,updateAnswer
FN:33,questionnaireReducer
FNF:9
FNH:6
FNDA:3,(anonymous_0)
FNDA:5,(anonymous_1)
FNDA:3,updateMultipleChoice
FNDA:0,(anonymous_3)
FNDA:0,(anonymous_4)
FNDA:0,(anonymous_5)
FNDA:1,(anonymous_6)
FNDA:3,updateAnswer
FNDA:5,questionnaireReducer
DA:3,1
DA:11,3
DA:12,5
DA:15,3
DA:16,3
DA:17,1
DA:18,1
DA:20,2
DA:21,2
DA:22,2
DA:26,3
DA:27,3
DA:28,3
DA:29,0
DA:30,0
DA:34,5
DA:35,3
DA:36,0
DA:37,0
DA:38,0
DA:39,0
DA:40,2
LF:22
LH:16
BRDA:12,0,0,3
BRDA:12,0,1,2
BRDA:16,1,0,1
BRDA:16,1,1,2
BRDA:16,2,0,3
BRDA:16,2,1,1
BRDA:18,3,0,0
BRDA:18,3,1,1
BRDA:20,4,0,0
BRDA:20,4,1,2
BRDA:21,5,0,0
BRDA:21,5,1,2
BRDA:27,6,0,0
BRDA:27,6,1,3
BRDA:28,7,0,3
BRDA:28,7,1,0
BRDA:29,8,0,0
BRDA:29,8,1,0
BRDA:29,9,0,0
BRDA:29,9,1,0
BRDA:34,10,0,3
BRDA:34,10,1,0
BRDA:34,10,2,0
BRDA:34,10,3,0
BRDA:34,10,4,0
BRDA:34,10,5,2
BRDA:40,11,0,2
BRDA:40,11,1,1
BRF:28
BRH:15
end_of_record
TN:
SF:src/features/onboarding/questionnaire/questionnaireStyles.ts
FNF:0
FNH:0
DA:5,0
LF:1
LH:0
BRF:0
BRH:0
end_of_record
TN:
SF:src/features/onboarding/questionnaire/questionnaireValidation.ts
FN:14,isQuestionAnswered
FN:25,isStepComplete
FN:26,(anonymous_2)
FN:29,hasSelectedSymptoms
FN:30,(anonymous_4)
FN:30,(anonymous_5)
FN:33,answerList
FNF:7
FNH:7
FNDA:20,isQuestionAnswered
FNDA:8,isStepComplete
FNDA:20,(anonymous_2)
FNDA:1,hasSelectedSymptoms
FNDA:5,(anonymous_4)
FNDA:1,(anonymous_5)
FNDA:5,answerList
DA:3,2
DA:4,2
DA:5,2
DA:17,20
DA:18,15
DA:19,15
DA:20,10
DA:21,6
DA:22,6
DA:26,20
DA:30,5
DA:34,5
LF:12
LH:12
BRDA:17,0,0,5
BRDA:17,0,1,15
BRDA:17,1,0,20
BRDA:17,1,1,11
BRDA:19,2,0,5
BRDA:19,2,1,10
BRDA:19,3,0,5
BRDA:19,3,1,5
BRDA:20,4,0,4
BRDA:20,4,1,6
BRDA:20,5,0,4
BRDA:20,5,1,4
BRDA:20,5,2,4
BRDA:20,5,3,2
BRDA:21,6,0,0
BRDA:21,6,1,6
BRDA:21,7,0,0
BRDA:21,7,1,0
BRDA:22,8,0,6
BRDA:22,8,1,5
BRDA:34,9,0,1
BRDA:34,9,1,4
BRF:22
BRH:19
end_of_record
TN:
SF:src/features/onboarding/questionnaire/types.ts
FNF:0
FNH:0
LF:0
LH:0
BRF:0
BRH:0
end_of_record
TN:
SF:src/features/onboarding/questionnaire/useQuestionnaireController.ts
FN:15,(anonymous_0)
FN:15,(anonymous_1)
FN:17,useQuestionnaireController
FN:21,(anonymous_3)
FN:28,(anonymous_4)
FN:43,(anonymous_5)
FN:45,(anonymous_6)
FN:61,(anonymous_7)
FN:68,(anonymous_8)
FN:79,(anonymous_9)
FN:85,(anonymous_10)
FN:86,(anonymous_11)
FN:87,(anonymous_12)
FN:88,(anonymous_13)
FNF:14
FNH:0
FNDA:0,(anonymous_0)
FNDA:0,(anonymous_1)
FNDA:0,useQuestionnaireController
FNDA:0,(anonymous_3)
FNDA:0,(anonymous_4)
FNDA:0,(anonymous_5)
FNDA:0,(anonymous_6)
FNDA:0,(anonymous_7)
FNDA:0,(anonymous_8)
FNDA:0,(anonymous_9)
FNDA:0,(anonymous_10)
FNDA:0,(anonymous_11)
FNDA:0,(anonymous_12)
FNDA:0,(anonymous_13)
DA:15,0
DA:18,0
DA:19,0
DA:20,0
DA:21,0
DA:22,0
DA:26,0
DA:28,0
DA:29,0
DA:30,0
DA:31,0
DA:32,0
DA:33,0
DA:34,0
DA:35,0
DA:36,0
DA:37,0
DA:39,0
DA:43,0
DA:45,0
DA:46,0
DA:47,0
DA:48,0
DA:49,0
DA:50,0
DA:51,0
DA:52,0
DA:53,0
DA:54,0
DA:55,0
DA:57,0
DA:61,0
DA:62,0
DA:63,0
DA:64,0
DA:65,0
DA:68,0
DA:69,0
DA:70,0
DA:71,0
DA:72,0
DA:75,0
DA:80,0
DA:81,0
DA:85,0
DA:86,0
DA:87,0
DA:88,0
LF:48
LH:0
BRDA:34,0,0,0
BRDA:34,0,1,0
BRDA:35,1,0,0
BRDA:35,1,1,0
BRDA:35,2,0,0
BRDA:35,2,1,0
BRDA:50,3,0,0
BRDA:50,3,1,0
BRDA:63,4,0,0
BRDA:63,4,1,0
BRDA:64,5,0,0
BRDA:64,5,1,0
BRDA:65,6,0,0
BRDA:65,6,1,0
BRDA:70,7,0,0
BRDA:70,7,1,0
BRDA:71,8,0,0
BRDA:71,8,1,0
BRDA:72,9,0,0
BRDA:72,9,1,0
BRF:20
BRH:0
end_of_record
TN:
SF:src/features/onboarding/questionnaire/useQuestionnaireDraft.ts
FN:15,useQuestionnaireDraft
FN:19,(anonymous_1)
FN:24,(anonymous_2)
FN:24,(anonymous_3)
FN:28,(anonymous_4)
FN:33,(anonymous_5)
FN:35,(anonymous_6)
FN:36,(anonymous_7)
FN:40,(anonymous_8)
FNF:9
FNH:0
FNDA:0,useQuestionnaireDraft
FNDA:0,(anonymous_1)
FNDA:0,(anonymous_2)
FNDA:0,(anonymous_3)
FNDA:0,(anonymous_4)
FNDA:0,(anonymous_5)
FNDA:0,(anonymous_6)
FNDA:0,(anonymous_7)
FNDA:0,(anonymous_8)
DA:16,0
DA:17,0
DA:19,0
DA:20,0
DA:21,0
DA:24,0
DA:25,0
DA:28,0
DA:29,0
DA:30,0
DA:31,0
DA:32,0
DA:33,0
DA:34,0
DA:35,0
DA:36,0
DA:40,0
DA:41,0
DA:42,0
DA:43,0
DA:44,0
DA:47,0
LF:22
LH:0
BRDA:25,0,0,0
BRDA:25,0,1,0
BRDA:29,1,0,0
BRDA:29,1,1,0
BRDA:31,2,0,0
BRDA:31,2,1,0
BRDA:32,3,0,0
BRDA:32,3,1,0
BRDA:42,4,0,0
BRDA:42,4,1,0
BRF:10
BRH:0
end_of_record
TN:
SF:src/features/personalize/PersonalizeScreen.tsx
FN:14,PreferenceCard
FN:25,(anonymous_1)
FN:29,(anonymous_2)
FN:50,(anonymous_3)
FN:57,(anonymous_4)
FN:77,PersonalizeScreen
FN:97,(anonymous_6)
FN:98,(anonymous_7)
FN:100,(anonymous_8)
FNF:9
FNH:0
FNDA:0,PreferenceCard
FNDA:0,(anonymous_1)
FNDA:0,(anonymous_2)
FNDA:0,(anonymous_3)
FNDA:0,(anonymous_4)
FNDA:0,PersonalizeScreen
FNDA:0,(anonymous_6)
FNDA:0,(anonymous_7)
FNDA:0,(anonymous_8)
DA:23,0
DA:25,0
DA:26,0
DA:27,0
DA:29,0
DA:32,0
DA:41,0
DA:51,0
DA:52,0
DA:57,0
DA:78,0
DA:79,0
DA:81,0
DA:83,0
DA:97,0
DA:99,0
DA:100,0
DA:103,0
DA:104,0
LF:19
LH:0
BRDA:26,0,0,0
BRDA:26,0,1,0
BRDA:27,1,0,0
BRDA:27,1,1,0
BRDA:28,2,0,0
BRDA:28,2,1,0
BRDA:42,3,0,0
BRDA:42,3,1,0
BRDA:44,4,0,0
BRDA:44,4,1,0
BRDA:58,5,0,0
BRDA:58,5,1,0
BRDA:63,6,0,0
BRDA:63,6,1,0
BRDA:81,7,0,0
BRDA:81,7,1,0
BRDA:92,8,0,0
BRDA:92,8,1,0
BRDA:103,9,0,0
BRDA:103,9,1,0
BRDA:109,10,0,0
BRDA:109,10,1,0
BRF:22
BRH:0
end_of_record
TN:
SF:src/features/personalize/api.ts
FN:18,(anonymous_0)
FN:19,(anonymous_1)
FN:23,(anonymous_2)
FN:31,(anonymous_3)
FN:40,(anonymous_4)
FN:46,(anonymous_5)
FN:49,(anonymous_6)
FN:53,(anonymous_7)
FN:56,(anonymous_8)
FN:59,(anonymous_9)
FN:61,(anonymous_10)
FN:63,(anonymous_11)
FNF:12
FNH:3
FNDA:0,(anonymous_0)
FNDA:0,(anonymous_1)
FNDA:1,(anonymous_2)
FNDA:1,(anonymous_3)
FNDA:1,(anonymous_4)
FNDA:0,(anonymous_5)
FNDA:0,(anonymous_6)
FNDA:0,(anonymous_7)
FNDA:0,(anonymous_8)
FNDA:0,(anonymous_9)
FNDA:0,(anonymous_10)
FNDA:0,(anonymous_11)
DA:16,1
DA:18,0
DA:19,0
DA:23,1
DA:26,1
DA:31,1
DA:35,1
DA:40,1
DA:44,1
DA:46,1
DA:47,0
DA:49,0
DA:53,1
DA:54,0
DA:56,0
DA:59,1
DA:60,0
DA:62,0
DA:64,0
LF:19
LH:10
BRF:0
BRH:0
end_of_record
TN:
SF:src/features/personalize/personalizeStyles.ts
FNF:0
FNH:0
DA:3,0
LF:1
LH:0
BRF:0
BRH:0
end_of_record
TN:
SF:src/features/plans/api.ts
FN:22,(anonymous_0)
FN:23,(anonymous_1)
FN:26,(anonymous_2)
FN:30,(anonymous_3)
FN:39,(anonymous_4)
FN:46,(anonymous_5)
FN:50,(anonymous_6)
FN:68,(anonymous_7)
FN:81,(anonymous_8)
FN:94,(anonymous_9)
FN:101,(anonymous_10)
FN:110,(anonymous_11)
FN:113,(anonymous_12)
FN:116,(anonymous_13)
FN:118,(anonymous_14)
FN:120,(anonymous_15)
FNF:16
FNH:5
FNDA:0,(anonymous_0)
FNDA:0,(anonymous_1)
FNDA:0,(anonymous_2)
FNDA:1,(anonymous_3)
FNDA:0,(anonymous_4)
FNDA:3,(anonymous_5)
FNDA:1,(anonymous_6)
FNDA:1,(anonymous_7)
FNDA:1,(anonymous_8)
FNDA:0,(anonymous_9)
FNDA:0,(anonymous_10)
FNDA:0,(anonymous_11)
FNDA:0,(anonymous_12)
FNDA:0,(anonymous_13)
FNDA:0,(anonymous_14)
FNDA:0,(anonymous_15)
DA:20,1
DA:22,0
DA:23,0
DA:26,1
DA:27,0
DA:30,1
DA:34,1
DA:39,1
DA:42,0
DA:46,3
DA:50,1
DA:57,1
DA:68,1
DA:74,1
DA:81,1
DA:87,1
DA:94,1
DA:97,0
DA:101,1
DA:105,0
DA:110,1
DA:111,0
DA:113,0
DA:116,1
DA:117,0
DA:119,0
DA:120,0
LF:27
LH:16
BRDA:35,0,0,1
BRDA:35,0,1,0
BRF:2
BRH:1
end_of_record
TN:
SF:src/features/plans/index.ts
FNF:0
FNH:0
LF:0
LH:0
BRF:0
BRH:0
end_of_record
TN:
SF:src/features/plans/localDate.ts
FN:2,localDateAt
FN:9,(anonymous_1)
FN:10,(anonymous_2)
FN:20,(anonymous_3)
FNF:4
FNH:4
FNDA:3,localDateAt
FNDA:9,(anonymous_1)
FNDA:27,(anonymous_2)
FNDA:2,(anonymous_3)
DA:3,3
DA:9,3
DA:10,27
DA:11,3
DA:12,3
DA:13,3
DA:14,3
DA:15,0
DA:16,3
DA:20,1
DA:24,2
LF:11
LH:10
BRDA:14,0,0,0
BRDA:14,0,1,3
BRDA:14,1,0,3
BRDA:14,1,1,3
BRDA:14,1,2,3
BRDA:23,2,0,0
BRF:6
BRH:4
end_of_record
TN:
SF:src/features/plans/planReadiness.ts
FN:5,(anonymous_0)
FN:9,(anonymous_1)
FN:10,(anonymous_2)
FN:12,(anonymous_3)
FN:15,(anonymous_4)
FN:20,prefetchPublishedPlan
FN:24,(anonymous_6)
FNF:7
FNH:5
FNDA:24,(anonymous_0)
FNDA:3,(anonymous_1)
FNDA:12,(anonymous_2)
FNDA:36,(anonymous_3)
FNDA:2,(anonymous_4)
FNDA:0,prefetchPublishedPlan
FNDA:0,(anonymous_6)
DA:5,1
DA:6,24
DA:9,1
DA:10,12
DA:12,36
DA:15,1
DA:16,2
DA:17,2
DA:21,0
DA:22,0
DA:24,0
DA:25,0
LF:12
LH:8
BRDA:6,0,0,24
BRDA:6,0,1,23
BRDA:17,1,0,2
BRDA:17,1,1,2
BRDA:21,2,0,0
BRDA:21,2,1,0
BRF:6
BRH:4
end_of_record
TN:
SF:src/features/plans/components/DailyReviewSheet.tsx
FN:20,DailyReviewSheet
FN:30,(anonymous_1)
FN:32,(anonymous_2)
FN:38,(anonymous_3)
FN:46,(anonymous_4)
FN:56,(anonymous_5)
FN:57,(anonymous_6)
FN:69,(anonymous_7)
FN:71,(anonymous_8)
FN:88,OutcomeButtons
FN:97,(anonymous_10)
FN:101,(anonymous_11)
FNF:12
FNH:0
FNDA:0,DailyReviewSheet
FNDA:0,(anonymous_1)
FNDA:0,(anonymous_2)
FNDA:0,(anonymous_3)
FNDA:0,(anonymous_4)
FNDA:0,(anonymous_5)
FNDA:0,(anonymous_6)
FNDA:0,(anonymous_7)
FNDA:0,(anonymous_8)
FNDA:0,OutcomeButtons
FNDA:0,(anonymous_10)
FNDA:0,(anonymous_11)
DA:29,0
DA:31,0
DA:32,0
DA:36,0
DA:38,0
DA:39,0
DA:41,0
DA:47,0
DA:57,0
DA:70,0
DA:71,0
DA:95,0
DA:98,0
DA:101,0
LF:14
LH:0
BRDA:32,0,0,0
BRDA:32,0,1,0
BRDA:39,1,0,0
BRDA:39,1,1,0
BRDA:65,2,0,0
BRDA:65,2,1,0
BRDA:73,3,0,0
BRDA:73,3,1,0
BRDA:78,4,0,0
BRDA:78,4,1,0
BRDA:103,5,0,0
BRDA:103,5,1,0
BRF:12
BRH:0
end_of_record
TN:
SF:src/features/plans/components/PlanImage.tsx
FN:13,resolvePlanImageSource
FN:36,prefetchPlanImageUrls
FN:39,(anonymous_2)
FN:40,(anonymous_3)
FN:49,PlanImage
FN:61,(anonymous_5)
FN:67,(anonymous_6)
FN:72,(anonymous_7)
FN:73,(anonymous_8)
FN:79,(anonymous_9)
FN:96,(anonymous_10)
FNF:11
FNH:1
FNDA:5,resolvePlanImageSource
FNDA:0,prefetchPlanImageUrls
FNDA:0,(anonymous_2)
FNDA:0,(anonymous_3)
FNDA:0,PlanImage
FNDA:0,(anonymous_5)
FNDA:0,(anonymous_6)
FNDA:0,(anonymous_7)
FNDA:0,(anonymous_8)
FNDA:0,(anonymous_9)
FNDA:0,(anonymous_10)
DA:7,2
DA:18,5
DA:19,5
DA:20,4
DA:22,1
DA:39,0
DA:40,0
DA:41,0
DA:56,0
DA:57,0
DA:58,0
DA:60,0
DA:61,0
DA:62,0
DA:63,0
DA:64,0
DA:65,0
DA:66,0
DA:67,0
DA:68,0
DA:71,0
DA:72,0
DA:74,0
DA:75,0
DA:76,0
DA:79,0
DA:80,0
DA:84,0
DA:86,0
DA:97,0
DA:98,0
DA:99,0
DA:108,2
LF:33
LH:6
BRDA:16,0,0,0
BRDA:19,1,0,4
BRDA:19,1,1,1
BRDA:19,2,0,5
BRDA:19,2,1,4
BRDA:19,2,2,2
BRDA:40,3,0,0
BRDA:40,3,1,0
BRDA:51,4,0,0
BRDA:58,5,0,0
BRDA:58,5,1,0
BRDA:65,6,0,0
BRDA:65,6,1,0
BRDA:65,7,0,0
BRDA:65,7,1,0
BRDA:72,8,0,0
BRDA:72,8,1,0
BRDA:74,9,0,0
BRDA:74,9,1,0
BRDA:88,10,0,0
BRDA:88,10,1,0
BRDA:92,11,0,0
BRDA:92,11,1,0
BRDA:94,12,0,0
BRDA:94,12,1,0
BRDA:95,13,0,0
BRDA:95,13,1,0
BRDA:97,14,0,0
BRDA:97,14,1,0
BRF:29
BRH:5
end_of_record
TN:
SF:src/features/plans/components/V2PlanSection.tsx
FN:25,V2PlanSection
FN:51,(anonymous_1)
FN:72,PlanCard
FN:95,(anonymous_3)
FN:98,(anonymous_4)
FN:103,(anonymous_5)
FN:107,(anonymous_6)
FNF:7
FNH:0
FNDA:0,V2PlanSection
FNDA:0,(anonymous_1)
FNDA:0,PlanCard
FNDA:0,(anonymous_3)
FNDA:0,(anonymous_4)
FNDA:0,(anonymous_5)
FNDA:0,(anonymous_6)
DA:36,0
DA:52,0
DA:85,0
DA:95,0
DA:98,0
DA:104,0
DA:107,0
LF:7
LH:0
BRDA:45,0,0,0
BRDA:45,0,1,0
BRDA:64,1,0,0
BRDA:64,1,1,0
BRDA:67,2,0,0
BRDA:67,2,1,0
BRF:6
BRH:0
end_of_record
TN:
SF:src/features/progress/ProgressScreen.tsx
FN:23,formatAdherence
FN:29,Stat
FN:38,ProgressScreen
FN:49,(anonymous_3)
FN:54,(anonymous_4)
FN:98,(anonymous_5)
FN:118,(anonymous_6)
FNF:7
FNH:0
FNDA:0,formatAdherence
FNDA:0,Stat
FNDA:0,ProgressScreen
FNDA:0,(anonymous_3)
FNDA:0,(anonymous_4)
FNDA:0,(anonymous_5)
FNDA:0,(anonymous_6)
DA:15,0
DA:16,0
DA:24,0
DA:30,0
DA:39,0
DA:40,0
DA:41,0
DA:43,0
DA:50,0
DA:54,0
DA:99,0
DA:119,0
LF:12
LH:0
BRDA:24,0,0,0
BRDA:24,0,1,0
BRDA:24,1,0,0
BRDA:24,1,1,0
BRDA:55,2,0,0
BRDA:55,2,1,0
BRDA:60,3,0,0
BRDA:60,3,1,0
BRDA:69,4,0,0
BRDA:69,4,1,0
BRDA:71,5,0,0
BRDA:71,5,1,0
BRDA:93,6,0,0
BRDA:93,6,1,0
BRDA:102,7,0,0
BRDA:102,7,1,0
BRDA:115,8,0,0
BRDA:115,8,1,0
BRDA:126,9,0,0
BRDA:126,9,1,0
BRDA:129,10,0,0
BRDA:129,10,1,0
BRDA:131,11,0,0
BRDA:131,11,1,0
BRF:24
BRH:0
end_of_record
TN:
SF:src/features/progress/api.ts
FN:13,(anonymous_0)
FN:14,(anonymous_1)
FN:17,(anonymous_2)
FN:23,(anonymous_3)
FN:26,(anonymous_4)
FN:29,(anonymous_5)
FN:32,(anonymous_6)
FN:35,(anonymous_7)
FNF:8
FNH:2
FNDA:0,(anonymous_0)
FNDA:0,(anonymous_1)
FNDA:1,(anonymous_2)
FNDA:1,(anonymous_3)
FNDA:0,(anonymous_4)
FNDA:0,(anonymous_5)
FNDA:0,(anonymous_6)
FNDA:0,(anonymous_7)
DA:11,1
DA:13,0
DA:14,0
DA:17,1
DA:21,1
DA:23,1
DA:24,1
DA:26,1
DA:27,0
DA:29,0
DA:32,1
DA:33,0
DA:35,0
LF:13
LH:7
BRF:0
BRH:0
end_of_record
TN:
SF:src/features/progress/progressStyles.ts
FNF:0
FNH:0
DA:3,0
LF:1
LH:0
BRF:0
BRH:0
end_of_record
